CRITICAL - 2020-09-19 05:30:52 --> Invalid file: data/ajax-list-table.php
#0 B:\installer\laragon\www\kitakeren-web\vendor\codeigniter4\framework\system\View\View.php(228): CodeIgniter\Exceptions\FrameworkException::forInvalidFile('data/ajax-list-...')
#1 B:\installer\laragon\www\kitakeren-web\vendor\codeigniter4\framework\system\Common.php(1119): CodeIgniter\View\View->render('data/ajax-list-...', Array, true)
#2 B:\installer\laragon\www\kitakeren-web\app\Views\content\v_data.php(250): view('data/ajax-list-...')
#3 B:\installer\laragon\www\kitakeren-web\vendor\codeigniter4\framework\system\View\View.php(246): include('B:\\installer\\la...')
#4 B:\installer\laragon\www\kitakeren-web\vendor\codeigniter4\framework\system\Common.php(1119): CodeIgniter\View\View->render('content/v_data', Array, true)
#5 B:\installer\laragon\www\kitakeren-web\app\Views\layout\v_content.php(3): view('content/v_data')
#6 B:\installer\laragon\www\kitakeren-web\vendor\codeigniter4\framework\system\View\View.php(246): include('B:\\installer\\la...')
#7 B:\installer\laragon\www\kitakeren-web\vendor\codeigniter4\framework\system\Common.php(1119): CodeIgniter\View\View->render('layout/v_conten...', Array, true)
#8 B:\installer\laragon\www\kitakeren-web\app\Views\layout\v_wrapper.php(5): view('layout/v_conten...')
#9 B:\installer\laragon\www\kitakeren-web\vendor\codeigniter4\framework\system\View\View.php(246): include('B:\\installer\\la...')
#10 B:\installer\laragon\www\kitakeren-web\vendor\codeigniter4\framework\system\Common.php(1119): CodeIgniter\View\View->render('layout/v_wrappe...', Array, true)
#11 B:\installer\laragon\www\kitakeren-web\app\Controllers\Admin.php(40): view('layout/v_wrappe...', Array)
#12 B:\installer\laragon\www\kitakeren-web\vendor\codeigniter4\framework\system\CodeIgniter.php(918): App\Controllers\Admin->data()
#13 B:\installer\laragon\www\kitakeren-web\vendor\codeigniter4\framework\system\CodeIgniter.php(404): CodeIgniter\CodeIgniter->runController(Object(App\Controllers\Admin))
#14 B:\installer\laragon\www\kitakeren-web\vendor\codeigniter4\framework\system\CodeIgniter.php(312): CodeIgniter\CodeIgniter->handleRequest(NULL, Object(Config\Cache), false)
#15 B:\installer\laragon\www\kitakeren-web\public\index.php(45): CodeIgniter\CodeIgniter->run()
#16 {main}
CRITICAL - 2020-09-19 05:41:27 --> Invalid file: layout/data/ajax-list-table.php
#0 B:\installer\laragon\www\kitakeren-web\vendor\codeigniter4\framework\system\View\View.php(228): CodeIgniter\Exceptions\FrameworkException::forInvalidFile('layout/data/aja...')
#1 B:\installer\laragon\www\kitakeren-web\vendor\codeigniter4\framework\system\Common.php(1119): CodeIgniter\View\View->render('layout/data/aja...', Array, true)
#2 B:\installer\laragon\www\kitakeren-web\app\Controllers\Admin.php(52): view('layout/data/aja...', Array)
#3 B:\installer\laragon\www\kitakeren-web\vendor\codeigniter4\framework\system\CodeIgniter.php(918): App\Controllers\Admin->read_data()
#4 B:\installer\laragon\www\kitakeren-web\vendor\codeigniter4\framework\system\CodeIgniter.php(404): CodeIgniter\CodeIgniter->runController(Object(App\Controllers\Admin))
#5 B:\installer\laragon\www\kitakeren-web\vendor\codeigniter4\framework\system\CodeIgniter.php(312): CodeIgniter\CodeIgniter->handleRequest(NULL, Object(Config\Cache), false)
#6 B:\installer\laragon\www\kitakeren-web\public\index.php(45): CodeIgniter\CodeIgniter->run()
#7 {main}
CRITICAL - 2020-09-19 05:42:26 --> Invalid file: layout/data/ajax-list-table.php
#0 B:\installer\laragon\www\kitakeren-web\vendor\codeigniter4\framework\system\View\View.php(228): CodeIgniter\Exceptions\FrameworkException::forInvalidFile('layout/data/aja...')
#1 B:\installer\laragon\www\kitakeren-web\vendor\codeigniter4\framework\system\Common.php(1119): CodeIgniter\View\View->render('layout/data/aja...', Array, true)
#2 B:\installer\laragon\www\kitakeren-web\app\Controllers\Admin.php(52): view('layout/data/aja...', Array)
#3 B:\installer\laragon\www\kitakeren-web\vendor\codeigniter4\framework\system\CodeIgniter.php(918): App\Controllers\Admin->read_data()
#4 B:\installer\laragon\www\kitakeren-web\vendor\codeigniter4\framework\system\CodeIgniter.php(404): CodeIgniter\CodeIgniter->runController(Object(App\Controllers\Admin))
#5 B:\installer\laragon\www\kitakeren-web\vendor\codeigniter4\framework\system\CodeIgniter.php(312): CodeIgniter\CodeIgniter->handleRequest(NULL, Object(Config\Cache), false)
#6 B:\installer\laragon\www\kitakeren-web\public\index.php(45): CodeIgniter\CodeIgniter->run()
#7 {main}
CRITICAL - 2020-09-19 05:42:43 --> Invalid file: data/ajax-list-table.php
#0 B:\installer\laragon\www\kitakeren-web\vendor\codeigniter4\framework\system\View\View.php(228): CodeIgniter\Exceptions\FrameworkException::forInvalidFile('data/ajax-list-...')
#1 B:\installer\laragon\www\kitakeren-web\vendor\codeigniter4\framework\system\Common.php(1119): CodeIgniter\View\View->render('data/ajax-list-...', Array, true)
#2 B:\installer\laragon\www\kitakeren-web\app\Controllers\Admin.php(52): view('data/ajax-list-...', Array)
#3 B:\installer\laragon\www\kitakeren-web\vendor\codeigniter4\framework\system\CodeIgniter.php(918): App\Controllers\Admin->read_data()
#4 B:\installer\laragon\www\kitakeren-web\vendor\codeigniter4\framework\system\CodeIgniter.php(404): CodeIgniter\CodeIgniter->runController(Object(App\Controllers\Admin))
#5 B:\installer\laragon\www\kitakeren-web\vendor\codeigniter4\framework\system\CodeIgniter.php(312): CodeIgniter\CodeIgniter->handleRequest(NULL, Object(Config\Cache), false)
#6 B:\installer\laragon\www\kitakeren-web\public\index.php(45): CodeIgniter\CodeIgniter->run()
#7 {main}
CRITICAL - 2020-09-19 05:42:47 --> Invalid file: data/ajax-list-table.php
#0 B:\installer\laragon\www\kitakeren-web\vendor\codeigniter4\framework\system\View\View.php(228): CodeIgniter\Exceptions\FrameworkException::forInvalidFile('data/ajax-list-...')
#1 B:\installer\laragon\www\kitakeren-web\vendor\codeigniter4\framework\system\Common.php(1119): CodeIgniter\View\View->render('data/ajax-list-...', Array, true)
#2 B:\installer\laragon\www\kitakeren-web\app\Controllers\Admin.php(52): view('data/ajax-list-...', Array)
#3 B:\installer\laragon\www\kitakeren-web\vendor\codeigniter4\framework\system\CodeIgniter.php(918): App\Controllers\Admin->read_data()
#4 B:\installer\laragon\www\kitakeren-web\vendor\codeigniter4\framework\system\CodeIgniter.php(404): CodeIgniter\CodeIgniter->runController(Object(App\Controllers\Admin))
#5 B:\installer\laragon\www\kitakeren-web\vendor\codeigniter4\framework\system\CodeIgniter.php(312): CodeIgniter\CodeIgniter->handleRequest(NULL, Object(Config\Cache), false)
#6 B:\installer\laragon\www\kitakeren-web\public\index.php(45): CodeIgniter\CodeIgniter->run()
#7 {main}
CRITICAL - 2020-09-19 05:43:13 --> Invalid file: data/ajax-list-table.php
#0 B:\installer\laragon\www\kitakeren-web\vendor\codeigniter4\framework\system\View\View.php(228): CodeIgniter\Exceptions\FrameworkException::forInvalidFile('data/ajax-list-...')
#1 B:\installer\laragon\www\kitakeren-web\vendor\codeigniter4\framework\system\Common.php(1119): CodeIgniter\View\View->render('data/ajax-list-...', Array, true)
#2 B:\installer\laragon\www\kitakeren-web\app\Controllers\Admin.php(52): view('data/ajax-list-...', Array)
#3 B:\installer\laragon\www\kitakeren-web\vendor\codeigniter4\framework\system\CodeIgniter.php(918): App\Controllers\Admin->read_data()
#4 B:\installer\laragon\www\kitakeren-web\vendor\codeigniter4\framework\system\CodeIgniter.php(404): CodeIgniter\CodeIgniter->runController(Object(App\Controllers\Admin))
#5 B:\installer\laragon\www\kitakeren-web\vendor\codeigniter4\framework\system\CodeIgniter.php(312): CodeIgniter\CodeIgniter->handleRequest(NULL, Object(Config\Cache), false)
#6 B:\installer\laragon\www\kitakeren-web\public\index.php(45): CodeIgniter\CodeIgniter->run()
#7 {main}
CRITICAL - 2020-09-19 05:43:47 --> Invalid file: data/ajax-list-table.php
#0 B:\installer\laragon\www\kitakeren-web\vendor\codeigniter4\framework\system\View\View.php(228): CodeIgniter\Exceptions\FrameworkException::forInvalidFile('data/ajax-list-...')
#1 B:\installer\laragon\www\kitakeren-web\vendor\codeigniter4\framework\system\Common.php(1119): CodeIgniter\View\View->render('data/ajax-list-...', Array, true)
#2 B:\installer\laragon\www\kitakeren-web\app\Controllers\Admin.php(52): view('data/ajax-list-...', Array)
#3 B:\installer\laragon\www\kitakeren-web\vendor\codeigniter4\framework\system\CodeIgniter.php(918): App\Controllers\Admin->read_data()
#4 B:\installer\laragon\www\kitakeren-web\vendor\codeigniter4\framework\system\CodeIgniter.php(404): CodeIgniter\CodeIgniter->runController(Object(App\Controllers\Admin))
#5 B:\installer\laragon\www\kitakeren-web\vendor\codeigniter4\framework\system\CodeIgniter.php(312): CodeIgniter\CodeIgniter->handleRequest(NULL, Object(Config\Cache), false)
#6 B:\installer\laragon\www\kitakeren-web\public\index.php(45): CodeIgniter\CodeIgniter->run()
#7 {main}
CRITICAL - 2020-09-19 05:45:36 --> Invalid file: data/ajax-list-table.php
#0 B:\installer\laragon\www\kitakeren-web\vendor\codeigniter4\framework\system\View\View.php(228): CodeIgniter\Exceptions\FrameworkException::forInvalidFile('data/ajax-list-...')
#1 B:\installer\laragon\www\kitakeren-web\vendor\codeigniter4\framework\system\Common.php(1119): CodeIgniter\View\View->render('data/ajax-list-...', Array, true)
#2 B:\installer\laragon\www\kitakeren-web\app\Controllers\Admin.php(52): view('data/ajax-list-...', Array)
#3 B:\installer\laragon\www\kitakeren-web\vendor\codeigniter4\framework\system\CodeIgniter.php(918): App\Controllers\Admin->read_data()
#4 B:\installer\laragon\www\kitakeren-web\vendor\codeigniter4\framework\system\CodeIgniter.php(404): CodeIgniter\CodeIgniter->runController(Object(App\Controllers\Admin))
#5 B:\installer\laragon\www\kitakeren-web\vendor\codeigniter4\framework\system\CodeIgniter.php(312): CodeIgniter\CodeIgniter->handleRequest(NULL, Object(Config\Cache), false)
#6 B:\installer\laragon\www\kitakeren-web\public\index.php(45): CodeIgniter\CodeIgniter->run()
#7 {main}
CRITICAL - 2020-09-19 05:45:42 --> Invalid file: data/ajax-list-table.php
#0 B:\installer\laragon\www\kitakeren-web\vendor\codeigniter4\framework\system\View\View.php(228): CodeIgniter\Exceptions\FrameworkException::forInvalidFile('data/ajax-list-...')
#1 B:\installer\laragon\www\kitakeren-web\vendor\codeigniter4\framework\system\Common.php(1119): CodeIgniter\View\View->render('data/ajax-list-...', Array, true)
#2 B:\installer\laragon\www\kitakeren-web\app\Controllers\Admin.php(52): view('data/ajax-list-...', Array)
#3 B:\installer\laragon\www\kitakeren-web\vendor\codeigniter4\framework\system\CodeIgniter.php(918): App\Controllers\Admin->read_data()
#4 B:\installer\laragon\www\kitakeren-web\vendor\codeigniter4\framework\system\CodeIgniter.php(404): CodeIgniter\CodeIgniter->runController(Object(App\Controllers\Admin))
#5 B:\installer\laragon\www\kitakeren-web\vendor\codeigniter4\framework\system\CodeIgniter.php(312): CodeIgniter\CodeIgniter->handleRequest(NULL, Object(Config\Cache), false)
#6 B:\installer\laragon\www\kitakeren-web\public\index.php(45): CodeIgniter\CodeIgniter->run()
#7 {main}
CRITICAL - 2020-09-19 05:46:46 --> Undefined index: count
#0 B:\installer\laragon\www\kitakeren-web\app\Views\content\data\ajax-list-table.php(2): CodeIgniter\Debug\Exceptions->errorHandler(8, 'Undefined index...', 'B:\\installer\\la...', 2, Array)
#1 B:\installer\laragon\www\kitakeren-web\vendor\codeigniter4\framework\system\View\View.php(246): include('B:\\installer\\la...')
#2 B:\installer\laragon\www\kitakeren-web\vendor\codeigniter4\framework\system\Common.php(1119): CodeIgniter\View\View->render('content/data/aj...', Array, true)
#3 B:\installer\laragon\www\kitakeren-web\app\Controllers\Admin.php(52): view('content/data/aj...', Array)
#4 B:\installer\laragon\www\kitakeren-web\vendor\codeigniter4\framework\system\CodeIgniter.php(918): App\Controllers\Admin->read_data()
#5 B:\installer\laragon\www\kitakeren-web\vendor\codeigniter4\framework\system\CodeIgniter.php(404): CodeIgniter\CodeIgniter->runController(Object(App\Controllers\Admin))
#6 B:\installer\laragon\www\kitakeren-web\vendor\codeigniter4\framework\system\CodeIgniter.php(312): CodeIgniter\CodeIgniter->handleRequest(NULL, Object(Config\Cache), false)
#7 B:\installer\laragon\www\kitakeren-web\public\index.php(45): CodeIgniter\CodeIgniter->run()
#8 {main}
CRITICAL - 2020-09-19 06:30:21 --> Call to undefined method App\Models\DashboardModel::getlastrow
#0 B:\installer\laragon\www\kitakeren-web\app\Controllers\Admin.php(50): CodeIgniter\Model->__call('getlastrow', Array)
#1 B:\installer\laragon\www\kitakeren-web\vendor\codeigniter4\framework\system\CodeIgniter.php(918): App\Controllers\Admin->write_data('insert')
#2 B:\installer\laragon\www\kitakeren-web\vendor\codeigniter4\framework\system\CodeIgniter.php(404): CodeIgniter\CodeIgniter->runController(Object(App\Controllers\Admin))
#3 B:\installer\laragon\www\kitakeren-web\vendor\codeigniter4\framework\system\CodeIgniter.php(312): CodeIgniter\CodeIgniter->handleRequest(NULL, Object(Config\Cache), false)
#4 B:\installer\laragon\www\kitakeren-web\public\index.php(45): CodeIgniter\CodeIgniter->run()
#5 {main}
CRITICAL - 2020-09-19 06:30:44 --> Call to undefined method App\Models\DashboardModel::getLastrow
#0 B:\installer\laragon\www\kitakeren-web\app\Controllers\Admin.php(50): CodeIgniter\Model->__call('getLastrow', Array)
#1 B:\installer\laragon\www\kitakeren-web\vendor\codeigniter4\framework\system\CodeIgniter.php(918): App\Controllers\Admin->write_data('insert')
#2 B:\installer\laragon\www\kitakeren-web\vendor\codeigniter4\framework\system\CodeIgniter.php(404): CodeIgniter\CodeIgniter->runController(Object(App\Controllers\Admin))
#3 B:\installer\laragon\www\kitakeren-web\vendor\codeigniter4\framework\system\CodeIgniter.php(312): CodeIgniter\CodeIgniter->handleRequest(NULL, Object(Config\Cache), false)
#4 B:\installer\laragon\www\kitakeren-web\public\index.php(45): CodeIgniter\CodeIgniter->run()
#5 {main}
CRITICAL - 2020-09-19 06:30:55 --> Call to undefined method App\Models\DashboardModel::getLastRow
#0 B:\installer\laragon\www\kitakeren-web\app\Controllers\Admin.php(50): CodeIgniter\Model->__call('getLastRow', Array)
#1 B:\installer\laragon\www\kitakeren-web\vendor\codeigniter4\framework\system\CodeIgniter.php(918): App\Controllers\Admin->write_data('insert')
#2 B:\installer\laragon\www\kitakeren-web\vendor\codeigniter4\framework\system\CodeIgniter.php(404): CodeIgniter\CodeIgniter->runController(Object(App\Controllers\Admin))
#3 B:\installer\laragon\www\kitakeren-web\vendor\codeigniter4\framework\system\CodeIgniter.php(312): CodeIgniter\CodeIgniter->handleRequest(NULL, Object(Config\Cache), false)
#4 B:\installer\laragon\www\kitakeren-web\public\index.php(45): CodeIgniter\CodeIgniter->run()
#5 {main}
CRITICAL - 2020-09-19 06:37:14 --> Trying to get property 'id_dashboard' of non-object
#0 B:\installer\laragon\www\kitakeren-web\app\Controllers\Admin.php(51): CodeIgniter\Debug\Exceptions->errorHandler(8, 'Trying to get p...', 'B:\\installer\\la...', 51, Array)
#1 B:\installer\laragon\www\kitakeren-web\vendor\codeigniter4\framework\system\CodeIgniter.php(918): App\Controllers\Admin->write_data('insert')
#2 B:\installer\laragon\www\kitakeren-web\vendor\codeigniter4\framework\system\CodeIgniter.php(404): CodeIgniter\CodeIgniter->runController(Object(App\Controllers\Admin))
#3 B:\installer\laragon\www\kitakeren-web\vendor\codeigniter4\framework\system\CodeIgniter.php(312): CodeIgniter\CodeIgniter->handleRequest(NULL, Object(Config\Cache), false)
#4 B:\installer\laragon\www\kitakeren-web\public\index.php(45): CodeIgniter\CodeIgniter->run()
#5 {main}
CRITICAL - 2020-09-19 06:37:37 --> Trying to get property 'id_dashboard' of non-object
#0 B:\installer\laragon\www\kitakeren-web\app\Controllers\Admin.php(51): CodeIgniter\Debug\Exceptions->errorHandler(8, 'Trying to get p...', 'B:\\installer\\la...', 51, Array)
#1 B:\installer\laragon\www\kitakeren-web\vendor\codeigniter4\framework\system\CodeIgniter.php(918): App\Controllers\Admin->write_data('insert')
#2 B:\installer\laragon\www\kitakeren-web\vendor\codeigniter4\framework\system\CodeIgniter.php(404): CodeIgniter\CodeIgniter->runController(Object(App\Controllers\Admin))
#3 B:\installer\laragon\www\kitakeren-web\vendor\codeigniter4\framework\system\CodeIgniter.php(312): CodeIgniter\CodeIgniter->handleRequest(NULL, Object(Config\Cache), false)
#4 B:\installer\laragon\www\kitakeren-web\public\index.php(45): CodeIgniter\CodeIgniter->run()
#5 {main}
CRITICAL - 2020-09-19 06:40:39 --> Trying to get property 'id_dashboard' of non-object
#0 B:\installer\laragon\www\kitakeren-web\app\Controllers\Admin.php(51): CodeIgniter\Debug\Exceptions->errorHandler(8, 'Trying to get p...', 'B:\\installer\\la...', 51, Array)
#1 B:\installer\laragon\www\kitakeren-web\vendor\codeigniter4\framework\system\CodeIgniter.php(918): App\Controllers\Admin->write_data('insert')
#2 B:\installer\laragon\www\kitakeren-web\vendor\codeigniter4\framework\system\CodeIgniter.php(404): CodeIgniter\CodeIgniter->runController(Object(App\Controllers\Admin))
#3 B:\installer\laragon\www\kitakeren-web\vendor\codeigniter4\framework\system\CodeIgniter.php(312): CodeIgniter\CodeIgniter->handleRequest(NULL, Object(Config\Cache), false)
#4 B:\installer\laragon\www\kitakeren-web\public\index.php(45): CodeIgniter\CodeIgniter->run()
#5 {main}
CRITICAL - 2020-09-19 06:41:15 --> Undefined index: id_dashboard
#0 B:\installer\laragon\www\kitakeren-web\app\Controllers\Admin.php(51): CodeIgniter\Debug\Exceptions->errorHandler(8, 'Undefined index...', 'B:\\installer\\la...', 51, Array)
#1 B:\installer\laragon\www\kitakeren-web\vendor\codeigniter4\framework\system\CodeIgniter.php(918): App\Controllers\Admin->write_data('insert')
#2 B:\installer\laragon\www\kitakeren-web\vendor\codeigniter4\framework\system\CodeIgniter.php(404): CodeIgniter\CodeIgniter->runController(Object(App\Controllers\Admin))
#3 B:\installer\laragon\www\kitakeren-web\vendor\codeigniter4\framework\system\CodeIgniter.php(312): CodeIgniter\CodeIgniter->handleRequest(NULL, Object(Config\Cache), false)
#4 B:\installer\laragon\www\kitakeren-web\public\index.php(45): CodeIgniter\CodeIgniter->run()
#5 {main}
CRITICAL - 2020-09-19 06:44:05 --> The behavior of unparenthesized expressions containing both '.' and '+'/'-' will change in PHP 8: '+'/'-' will take a higher precedence
#0 B:\installer\laragon\www\kitakeren-web\vendor\codeigniter4\framework\system\Router\Router.php(583): CodeIgniter\Debug\Exceptions->errorHandler(8192, 'The behavior of...', 'B:\\installer\\la...', 51, Array)
#1 B:\installer\laragon\www\kitakeren-web\vendor\codeigniter4\framework\system\Router\Router.php(583): include_once()
#2 B:\installer\laragon\www\kitakeren-web\vendor\codeigniter4\framework\system\Router\Router.php(195): CodeIgniter\Router\Router->autoRoute('admin/write_dat...')
#3 B:\installer\laragon\www\kitakeren-web\vendor\codeigniter4\framework\system\CodeIgniter.php(793): CodeIgniter\Router\Router->handle('admin/write_dat...')
#4 B:\installer\laragon\www\kitakeren-web\vendor\codeigniter4\framework\system\CodeIgniter.php(364): CodeIgniter\CodeIgniter->tryToRouteIt(Object(CodeIgniter\Router\RouteCollection))
#5 B:\installer\laragon\www\kitakeren-web\vendor\codeigniter4\framework\system\CodeIgniter.php(312): CodeIgniter\CodeIgniter->handleRequest(NULL, Object(Config\Cache), false)
#6 B:\installer\laragon\www\kitakeren-web\public\index.php(45): CodeIgniter\CodeIgniter->run()
#7 {main}
CRITICAL - 2020-09-19 07:50:31 --> Duplicate entry 'D10' for key 'PRIMARY'
#0 B:\installer\laragon\www\kitakeren-web\vendor\codeigniter4\framework\system\Database\MySQLi\Connection.php(331): mysqli->query('INSERT INTO `tb...')
#1 B:\installer\laragon\www\kitakeren-web\vendor\codeigniter4\framework\system\Database\BaseConnection.php(741): CodeIgniter\Database\MySQLi\Connection->execute('INSERT INTO `tb...')
#2 B:\installer\laragon\www\kitakeren-web\vendor\codeigniter4\framework\system\Database\BaseConnection.php(669): CodeIgniter\Database\BaseConnection->simpleQuery('INSERT INTO `tb...')
#3 B:\installer\laragon\www\kitakeren-web\vendor\codeigniter4\framework\system\Database\BaseBuilder.php(2249): CodeIgniter\Database\BaseConnection->query('INSERT INTO `tb...', Array, false)
#4 B:\installer\laragon\www\kitakeren-web\vendor\codeigniter4\framework\system\Model.php(755): CodeIgniter\Database\BaseBuilder->insert()
#5 B:\installer\laragon\www\kitakeren-web\app\Controllers\Admin.php(63): CodeIgniter\Model->insert(Array)
#6 B:\installer\laragon\www\kitakeren-web\vendor\codeigniter4\framework\system\CodeIgniter.php(918): App\Controllers\Admin->write_data('insert')
#7 B:\installer\laragon\www\kitakeren-web\vendor\codeigniter4\framework\system\CodeIgniter.php(404): CodeIgniter\CodeIgniter->runController(Object(App\Controllers\Admin))
#8 B:\installer\laragon\www\kitakeren-web\vendor\codeigniter4\framework\system\CodeIgniter.php(312): CodeIgniter\CodeIgniter->handleRequest(NULL, Object(Config\Cache), false)
#9 B:\installer\laragon\www\kitakeren-web\public\index.php(45): CodeIgniter\CodeIgniter->run()
#10 {main}
CRITICAL - 2020-09-19 07:50:43 --> Duplicate entry 'D10' for key 'PRIMARY'
#0 B:\installer\laragon\www\kitakeren-web\vendor\codeigniter4\framework\system\Database\MySQLi\Connection.php(331): mysqli->query('INSERT INTO `tb...')
#1 B:\installer\laragon\www\kitakeren-web\vendor\codeigniter4\framework\system\Database\BaseConnection.php(741): CodeIgniter\Database\MySQLi\Connection->execute('INSERT INTO `tb...')
#2 B:\installer\laragon\www\kitakeren-web\vendor\codeigniter4\framework\system\Database\BaseConnection.php(669): CodeIgniter\Database\BaseConnection->simpleQuery('INSERT INTO `tb...')
#3 B:\installer\laragon\www\kitakeren-web\vendor\codeigniter4\framework\system\Database\BaseBuilder.php(2249): CodeIgniter\Database\BaseConnection->query('INSERT INTO `tb...', Array, false)
#4 B:\installer\laragon\www\kitakeren-web\vendor\codeigniter4\framework\system\Model.php(755): CodeIgniter\Database\BaseBuilder->insert()
#5 B:\installer\laragon\www\kitakeren-web\app\Controllers\Admin.php(63): CodeIgniter\Model->insert(Array)
#6 B:\installer\laragon\www\kitakeren-web\vendor\codeigniter4\framework\system\CodeIgniter.php(918): App\Controllers\Admin->write_data('insert')
#7 B:\installer\laragon\www\kitakeren-web\vendor\codeigniter4\framework\system\CodeIgniter.php(404): CodeIgniter\CodeIgniter->runController(Object(App\Controllers\Admin))
#8 B:\installer\laragon\www\kitakeren-web\vendor\codeigniter4\framework\system\CodeIgniter.php(312): CodeIgniter\CodeIgniter->handleRequest(NULL, Object(Config\Cache), false)
#9 B:\installer\laragon\www\kitakeren-web\public\index.php(45): CodeIgniter\CodeIgniter->run()
#10 {main}
CRITICAL - 2020-09-19 07:51:04 --> Duplicate entry 'D10' for key 'PRIMARY'
#0 B:\installer\laragon\www\kitakeren-web\vendor\codeigniter4\framework\system\Database\MySQLi\Connection.php(331): mysqli->query('INSERT INTO `tb...')
#1 B:\installer\laragon\www\kitakeren-web\vendor\codeigniter4\framework\system\Database\BaseConnection.php(741): CodeIgniter\Database\MySQLi\Connection->execute('INSERT INTO `tb...')
#2 B:\installer\laragon\www\kitakeren-web\vendor\codeigniter4\framework\system\Database\BaseConnection.php(669): CodeIgniter\Database\BaseConnection->simpleQuery('INSERT INTO `tb...')
#3 B:\installer\laragon\www\kitakeren-web\vendor\codeigniter4\framework\system\Database\BaseBuilder.php(2249): CodeIgniter\Database\BaseConnection->query('INSERT INTO `tb...', Array, false)
#4 B:\installer\laragon\www\kitakeren-web\vendor\codeigniter4\framework\system\Model.php(755): CodeIgniter\Database\BaseBuilder->insert()
#5 B:\installer\laragon\www\kitakeren-web\app\Controllers\Admin.php(63): CodeIgniter\Model->insert(Array)
#6 B:\installer\laragon\www\kitakeren-web\vendor\codeigniter4\framework\system\CodeIgniter.php(918): App\Controllers\Admin->write_data('insert')
#7 B:\installer\laragon\www\kitakeren-web\vendor\codeigniter4\framework\system\CodeIgniter.php(404): CodeIgniter\CodeIgniter->runController(Object(App\Controllers\Admin))
#8 B:\installer\laragon\www\kitakeren-web\vendor\codeigniter4\framework\system\CodeIgniter.php(312): CodeIgniter\CodeIgniter->handleRequest(NULL, Object(Config\Cache), false)
#9 B:\installer\laragon\www\kitakeren-web\public\index.php(45): CodeIgniter\CodeIgniter->run()
#10 {main}
CRITICAL - 2020-09-19 07:52:10 --> Duplicate entry 'D10' for key 'PRIMARY'
#0 B:\installer\laragon\www\kitakeren-web\vendor\codeigniter4\framework\system\Database\MySQLi\Connection.php(331): mysqli->query('INSERT INTO `tb...')
#1 B:\installer\laragon\www\kitakeren-web\vendor\codeigniter4\framework\system\Database\BaseConnection.php(741): CodeIgniter\Database\MySQLi\Connection->execute('INSERT INTO `tb...')
#2 B:\installer\laragon\www\kitakeren-web\vendor\codeigniter4\framework\system\Database\BaseConnection.php(669): CodeIgniter\Database\BaseConnection->simpleQuery('INSERT INTO `tb...')
#3 B:\installer\laragon\www\kitakeren-web\vendor\codeigniter4\framework\system\Database\BaseBuilder.php(2249): CodeIgniter\Database\BaseConnection->query('INSERT INTO `tb...', Array, false)
#4 B:\installer\laragon\www\kitakeren-web\vendor\codeigniter4\framework\system\Model.php(755): CodeIgniter\Database\BaseBuilder->insert()
#5 B:\installer\laragon\www\kitakeren-web\app\Controllers\Admin.php(63): CodeIgniter\Model->insert(Array)
#6 B:\installer\laragon\www\kitakeren-web\vendor\codeigniter4\framework\system\CodeIgniter.php(918): App\Controllers\Admin->write_data('insert')
#7 B:\installer\laragon\www\kitakeren-web\vendor\codeigniter4\framework\system\CodeIgniter.php(404): CodeIgniter\CodeIgniter->runController(Object(App\Controllers\Admin))
#8 B:\installer\laragon\www\kitakeren-web\vendor\codeigniter4\framework\system\CodeIgniter.php(312): CodeIgniter\CodeIgniter->handleRequest(NULL, Object(Config\Cache), false)
#9 B:\installer\laragon\www\kitakeren-web\public\index.php(45): CodeIgniter\CodeIgniter->run()
#10 {main}
CRITICAL - 2020-09-19 07:56:51 --> Duplicate entry 'D10' for key 'PRIMARY'
#0 B:\installer\laragon\www\kitakeren-web\vendor\codeigniter4\framework\system\Database\MySQLi\Connection.php(331): mysqli->query('INSERT INTO `tb...')
#1 B:\installer\laragon\www\kitakeren-web\vendor\codeigniter4\framework\system\Database\BaseConnection.php(741): CodeIgniter\Database\MySQLi\Connection->execute('INSERT INTO `tb...')
#2 B:\installer\laragon\www\kitakeren-web\vendor\codeigniter4\framework\system\Database\BaseConnection.php(669): CodeIgniter\Database\BaseConnection->simpleQuery('INSERT INTO `tb...')
#3 B:\installer\laragon\www\kitakeren-web\vendor\codeigniter4\framework\system\Database\BaseBuilder.php(2249): CodeIgniter\Database\BaseConnection->query('INSERT INTO `tb...', Array, false)
#4 B:\installer\laragon\www\kitakeren-web\vendor\codeigniter4\framework\system\Model.php(755): CodeIgniter\Database\BaseBuilder->insert()
#5 B:\installer\laragon\www\kitakeren-web\app\Controllers\Admin.php(63): CodeIgniter\Model->insert(Array)
#6 B:\installer\laragon\www\kitakeren-web\vendor\codeigniter4\framework\system\CodeIgniter.php(918): App\Controllers\Admin->write_data('insert')
#7 B:\installer\laragon\www\kitakeren-web\vendor\codeigniter4\framework\system\CodeIgniter.php(404): CodeIgniter\CodeIgniter->runController(Object(App\Controllers\Admin))
#8 B:\installer\laragon\www\kitakeren-web\vendor\codeigniter4\framework\system\CodeIgniter.php(312): CodeIgniter\CodeIgniter->handleRequest(NULL, Object(Config\Cache), false)
#9 B:\installer\laragon\www\kitakeren-web\public\index.php(45): CodeIgniter\CodeIgniter->run()
#10 {main}
CRITICAL - 2020-09-19 07:58:02 --> Too few arguments to function App\Controllers\Admin::write_data(), 0 passed in B:\installer\laragon\www\kitakeren-web\vendor\codeigniter4\framework\system\CodeIgniter.php on line 918 and exactly 1 expected
#0 B:\installer\laragon\www\kitakeren-web\vendor\codeigniter4\framework\system\CodeIgniter.php(918): App\Controllers\Admin->write_data()
#1 B:\installer\laragon\www\kitakeren-web\vendor\codeigniter4\framework\system\CodeIgniter.php(404): CodeIgniter\CodeIgniter->runController(Object(App\Controllers\Admin))
#2 B:\installer\laragon\www\kitakeren-web\vendor\codeigniter4\framework\system\CodeIgniter.php(312): CodeIgniter\CodeIgniter->handleRequest(NULL, Object(Config\Cache), false)
#3 B:\installer\laragon\www\kitakeren-web\public\index.php(45): CodeIgniter\CodeIgniter->run()
#4 {main}
CRITICAL - 2020-09-19 07:58:08 --> Too few arguments to function App\Controllers\Admin::write_data(), 0 passed in B:\installer\laragon\www\kitakeren-web\vendor\codeigniter4\framework\system\CodeIgniter.php on line 918 and exactly 1 expected
#0 B:\installer\laragon\www\kitakeren-web\vendor\codeigniter4\framework\system\CodeIgniter.php(918): App\Controllers\Admin->write_data()
#1 B:\installer\laragon\www\kitakeren-web\vendor\codeigniter4\framework\system\CodeIgniter.php(404): CodeIgniter\CodeIgniter->runController(Object(App\Controllers\Admin))
#2 B:\installer\laragon\www\kitakeren-web\vendor\codeigniter4\framework\system\CodeIgniter.php(312): CodeIgniter\CodeIgniter->handleRequest(NULL, Object(Config\Cache), false)
#3 B:\installer\laragon\www\kitakeren-web\public\index.php(45): CodeIgniter\CodeIgniter->run()
#4 {main}
CRITICAL - 2020-09-19 07:58:56 --> Too few arguments to function App\Controllers\Admin::write_data(), 0 passed in B:\installer\laragon\www\kitakeren-web\vendor\codeigniter4\framework\system\CodeIgniter.php on line 918 and exactly 1 expected
#0 B:\installer\laragon\www\kitakeren-web\vendor\codeigniter4\framework\system\CodeIgniter.php(918): App\Controllers\Admin->write_data()
#1 B:\installer\laragon\www\kitakeren-web\vendor\codeigniter4\framework\system\CodeIgniter.php(404): CodeIgniter\CodeIgniter->runController(Object(App\Controllers\Admin))
#2 B:\installer\laragon\www\kitakeren-web\vendor\codeigniter4\framework\system\CodeIgniter.php(312): CodeIgniter\CodeIgniter->handleRequest(NULL, Object(Config\Cache), false)
#3 B:\installer\laragon\www\kitakeren-web\public\index.php(45): CodeIgniter\CodeIgniter->run()
#4 {main}
CRITICAL - 2020-09-19 07:58:57 --> Too few arguments to function App\Controllers\Admin::write_data(), 0 passed in B:\installer\laragon\www\kitakeren-web\vendor\codeigniter4\framework\system\CodeIgniter.php on line 918 and exactly 1 expected
#0 B:\installer\laragon\www\kitakeren-web\vendor\codeigniter4\framework\system\CodeIgniter.php(918): App\Controllers\Admin->write_data()
#1 B:\installer\laragon\www\kitakeren-web\vendor\codeigniter4\framework\system\CodeIgniter.php(404): CodeIgniter\CodeIgniter->runController(Object(App\Controllers\Admin))
#2 B:\installer\laragon\www\kitakeren-web\vendor\codeigniter4\framework\system\CodeIgniter.php(312): CodeIgniter\CodeIgniter->handleRequest(NULL, Object(Config\Cache), false)
#3 B:\installer\laragon\www\kitakeren-web\public\index.php(45): CodeIgniter\CodeIgniter->run()
#4 {main}
CRITICAL - 2020-09-19 07:59:14 --> Duplicate entry 'D10' for key 'PRIMARY'
#0 B:\installer\laragon\www\kitakeren-web\vendor\codeigniter4\framework\system\Database\MySQLi\Connection.php(331): mysqli->query('INSERT INTO `tb...')
#1 B:\installer\laragon\www\kitakeren-web\vendor\codeigniter4\framework\system\Database\BaseConnection.php(741): CodeIgniter\Database\MySQLi\Connection->execute('INSERT INTO `tb...')
#2 B:\installer\laragon\www\kitakeren-web\vendor\codeigniter4\framework\system\Database\BaseConnection.php(669): CodeIgniter\Database\BaseConnection->simpleQuery('INSERT INTO `tb...')
#3 B:\installer\laragon\www\kitakeren-web\vendor\codeigniter4\framework\system\Database\BaseBuilder.php(2249): CodeIgniter\Database\BaseConnection->query('INSERT INTO `tb...', Array, false)
#4 B:\installer\laragon\www\kitakeren-web\vendor\codeigniter4\framework\system\Model.php(755): CodeIgniter\Database\BaseBuilder->insert()
#5 B:\installer\laragon\www\kitakeren-web\app\Controllers\Admin.php(61): CodeIgniter\Model->insert(Array)
#6 B:\installer\laragon\www\kitakeren-web\vendor\codeigniter4\framework\system\CodeIgniter.php(918): App\Controllers\Admin->write_data('insert')
#7 B:\installer\laragon\www\kitakeren-web\vendor\codeigniter4\framework\system\CodeIgniter.php(404): CodeIgniter\CodeIgniter->runController(Object(App\Controllers\Admin))
#8 B:\installer\laragon\www\kitakeren-web\vendor\codeigniter4\framework\system\CodeIgniter.php(312): CodeIgniter\CodeIgniter->handleRequest(NULL, Object(Config\Cache), false)
#9 B:\installer\laragon\www\kitakeren-web\public\index.php(45): CodeIgniter\CodeIgniter->run()
#10 {main}
CRITICAL - 2020-09-19 08:11:48 --> Duplicate entry 'D00011' for key 'PRIMARY'
#0 B:\installer\laragon\www\kitakeren-web\vendor\codeigniter4\framework\system\Database\MySQLi\Connection.php(331): mysqli->query('INSERT INTO `tb...')
#1 B:\installer\laragon\www\kitakeren-web\vendor\codeigniter4\framework\system\Database\BaseConnection.php(741): CodeIgniter\Database\MySQLi\Connection->execute('INSERT INTO `tb...')
#2 B:\installer\laragon\www\kitakeren-web\vendor\codeigniter4\framework\system\Database\BaseConnection.php(669): CodeIgniter\Database\BaseConnection->simpleQuery('INSERT INTO `tb...')
#3 B:\installer\laragon\www\kitakeren-web\vendor\codeigniter4\framework\system\Database\BaseBuilder.php(2249): CodeIgniter\Database\BaseConnection->query('INSERT INTO `tb...', Array, false)
#4 B:\installer\laragon\www\kitakeren-web\vendor\codeigniter4\framework\system\Model.php(755): CodeIgniter\Database\BaseBuilder->insert()
#5 B:\installer\laragon\www\kitakeren-web\app\Controllers\Admin.php(71): CodeIgniter\Model->insert(Array)
#6 B:\installer\laragon\www\kitakeren-web\vendor\codeigniter4\framework\system\CodeIgniter.php(918): App\Controllers\Admin->write_data('insert')
#7 B:\installer\laragon\www\kitakeren-web\vendor\codeigniter4\framework\system\CodeIgniter.php(404): CodeIgniter\CodeIgniter->runController(Object(App\Controllers\Admin))
#8 B:\installer\laragon\www\kitakeren-web\vendor\codeigniter4\framework\system\CodeIgniter.php(312): CodeIgniter\CodeIgniter->handleRequest(NULL, Object(Config\Cache), false)
#9 B:\installer\laragon\www\kitakeren-web\public\index.php(45): CodeIgniter\CodeIgniter->run()
#10 {main}
CRITICAL - 2020-09-19 08:15:09 --> Undefined variable: sql
#0 B:\installer\laragon\www\kitakeren-web\app\Controllers\Admin.php(48): CodeIgniter\Debug\Exceptions->errorHandler(8, 'Undefined varia...', 'B:\\installer\\la...', 48, Array)
#1 B:\installer\laragon\www\kitakeren-web\vendor\codeigniter4\framework\system\CodeIgniter.php(918): App\Controllers\Admin->write_data('insert')
#2 B:\installer\laragon\www\kitakeren-web\vendor\codeigniter4\framework\system\CodeIgniter.php(404): CodeIgniter\CodeIgniter->runController(Object(App\Controllers\Admin))
#3 B:\installer\laragon\www\kitakeren-web\vendor\codeigniter4\framework\system\CodeIgniter.php(312): CodeIgniter\CodeIgniter->handleRequest(NULL, Object(Config\Cache), false)
#4 B:\installer\laragon\www\kitakeren-web\public\index.php(45): CodeIgniter\CodeIgniter->run()
#5 {main}
CRITICAL - 2020-09-19 10:57:29 --> file_get_contents(): read of 8192 bytes failed with errno=13 Permission denied
#0 [internal function]: CodeIgniter\Debug\Exceptions->errorHandler(8, 'file_get_conten...', 'B:\\installer\\la...', 455, Array)
#1 B:\installer\laragon\www\kitakeren-web\vendor\codeigniter4\framework\system\Debug\Toolbar.php(455): file_get_contents('B:\\installer\\la...')
#2 B:\installer\laragon\www\kitakeren-web\app\Config\Events.php(50): CodeIgniter\Debug\Toolbar->respond()
#3 [internal function]: CodeIgniter\Events\Events::Config\{closure}()
#4 B:\installer\laragon\www\kitakeren-web\vendor\codeigniter4\framework\system\Events\Events.php(188): call_user_func(Object(Closure))
#5 B:\installer\laragon\www\kitakeren-web\vendor\codeigniter4\framework\system\CodeIgniter.php(293): CodeIgniter\Events\Events::trigger('pre_system')
#6 B:\installer\laragon\www\kitakeren-web\public\index.php(45): CodeIgniter\CodeIgniter->run()
#7 {main}
CRITICAL - 2020-09-19 11:59:26 --> Undefined property: App\Controllers\Admin::$db
#0 B:\installer\laragon\www\kitakeren-web\app\Controllers\Admin.php(40): CodeIgniter\Debug\Exceptions->errorHandler(8, 'Undefined prope...', 'B:\\installer\\la...', 40, Array)
#1 B:\installer\laragon\www\kitakeren-web\vendor\codeigniter4\framework\system\CodeIgniter.php(918): App\Controllers\Admin->read_data()
#2 B:\installer\laragon\www\kitakeren-web\vendor\codeigniter4\framework\system\CodeIgniter.php(404): CodeIgniter\CodeIgniter->runController(Object(App\Controllers\Admin))
#3 B:\installer\laragon\www\kitakeren-web\vendor\codeigniter4\framework\system\CodeIgniter.php(312): CodeIgniter\CodeIgniter->handleRequest(NULL, Object(Config\Cache), false)
#4 B:\installer\laragon\www\kitakeren-web\public\index.php(45): CodeIgniter\CodeIgniter->run()
#5 {main}
CRITICAL - 2020-09-19 12:00:35 --> Undefined property: App\Controllers\Admin::$load
#0 B:\installer\laragon\www\kitakeren-web\app\Controllers\Admin.php(9): CodeIgniter\Debug\Exceptions->errorHandler(8, 'Undefined prope...', 'B:\\installer\\la...', 9, Array)
#1 B:\installer\laragon\www\kitakeren-web\vendor\codeigniter4\framework\system\CodeIgniter.php(890): App\Controllers\Admin->__construct()
#2 B:\installer\laragon\www\kitakeren-web\vendor\codeigniter4\framework\system\CodeIgniter.php(399): CodeIgniter\CodeIgniter->createController()
#3 B:\installer\laragon\www\kitakeren-web\vendor\codeigniter4\framework\system\CodeIgniter.php(312): CodeIgniter\CodeIgniter->handleRequest(NULL, Object(Config\Cache), false)
#4 B:\installer\laragon\www\kitakeren-web\public\index.php(45): CodeIgniter\CodeIgniter->run()
#5 {main}
CRITICAL - 2020-09-19 12:01:08 --> Undefined property: App\Controllers\Admin::$db
#0 B:\installer\laragon\www\kitakeren-web\app\Controllers\Admin.php(40): CodeIgniter\Debug\Exceptions->errorHandler(8, 'Undefined prope...', 'B:\\installer\\la...', 40, Array)
#1 B:\installer\laragon\www\kitakeren-web\vendor\codeigniter4\framework\system\CodeIgniter.php(918): App\Controllers\Admin->read_data()
#2 B:\installer\laragon\www\kitakeren-web\vendor\codeigniter4\framework\system\CodeIgniter.php(404): CodeIgniter\CodeIgniter->runController(Object(App\Controllers\Admin))
#3 B:\installer\laragon\www\kitakeren-web\vendor\codeigniter4\framework\system\CodeIgniter.php(312): CodeIgniter\CodeIgniter->handleRequest(NULL, Object(Config\Cache), false)
#4 B:\installer\laragon\www\kitakeren-web\public\index.php(45): CodeIgniter\CodeIgniter->run()
#5 {main}
CRITICAL - 2020-09-19 12:01:38 --> Call to a member function get() on null
#0 B:\installer\laragon\www\kitakeren-web\vendor\codeigniter4\framework\system\CodeIgniter.php(918): App\Controllers\Admin->read_data()
#1 B:\installer\laragon\www\kitakeren-web\vendor\codeigniter4\framework\system\CodeIgniter.php(404): CodeIgniter\CodeIgniter->runController(Object(App\Controllers\Admin))
#2 B:\installer\laragon\www\kitakeren-web\vendor\codeigniter4\framework\system\CodeIgniter.php(312): CodeIgniter\CodeIgniter->handleRequest(NULL, Object(Config\Cache), false)
#3 B:\installer\laragon\www\kitakeren-web\public\index.php(45): CodeIgniter\CodeIgniter->run()
#4 {main}
CRITICAL - 2020-09-19 12:02:11 --> Call to undefined method CodeIgniter\Database\MySQLi\Connection::get()
#0 B:\installer\laragon\www\kitakeren-web\vendor\codeigniter4\framework\system\CodeIgniter.php(918): App\Controllers\Admin->read_data()
#1 B:\installer\laragon\www\kitakeren-web\vendor\codeigniter4\framework\system\CodeIgniter.php(404): CodeIgniter\CodeIgniter->runController(Object(App\Controllers\Admin))
#2 B:\installer\laragon\www\kitakeren-web\vendor\codeigniter4\framework\system\CodeIgniter.php(312): CodeIgniter\CodeIgniter->handleRequest(NULL, Object(Config\Cache), false)
#3 B:\installer\laragon\www\kitakeren-web\public\index.php(45): CodeIgniter\CodeIgniter->run()
#4 {main}
CRITICAL - 2020-09-19 12:15:07 --> Call to a member function orderBy() on array
#0 B:\installer\laragon\www\kitakeren-web\vendor\codeigniter4\framework\system\CodeIgniter.php(918): App\Controllers\Admin->read_data()
#1 B:\installer\laragon\www\kitakeren-web\vendor\codeigniter4\framework\system\CodeIgniter.php(404): CodeIgniter\CodeIgniter->runController(Object(App\Controllers\Admin))
#2 B:\installer\laragon\www\kitakeren-web\vendor\codeigniter4\framework\system\CodeIgniter.php(312): CodeIgniter\CodeIgniter->handleRequest(NULL, Object(Config\Cache), false)
#3 B:\installer\laragon\www\kitakeren-web\public\index.php(45): CodeIgniter\CodeIgniter->run()
#4 {main}
CRITICAL - 2020-09-19 12:16:39 --> Call to a member function orderBy() on null
#0 B:\installer\laragon\www\kitakeren-web\vendor\codeigniter4\framework\system\CodeIgniter.php(918): App\Controllers\Admin->read_data()
#1 B:\installer\laragon\www\kitakeren-web\vendor\codeigniter4\framework\system\CodeIgniter.php(404): CodeIgniter\CodeIgniter->runController(Object(App\Controllers\Admin))
#2 B:\installer\laragon\www\kitakeren-web\vendor\codeigniter4\framework\system\CodeIgniter.php(312): CodeIgniter\CodeIgniter->handleRequest(NULL, Object(Config\Cache), false)
#3 B:\installer\laragon\www\kitakeren-web\public\index.php(45): CodeIgniter\CodeIgniter->run()
#4 {main}
CRITICAL - 2020-09-19 12:18:20 --> Call to a member function select() on null
#0 B:\installer\laragon\www\kitakeren-web\vendor\codeigniter4\framework\system\CodeIgniter.php(918): App\Controllers\Admin->read_data()
#1 B:\installer\laragon\www\kitakeren-web\vendor\codeigniter4\framework\system\CodeIgniter.php(404): CodeIgniter\CodeIgniter->runController(Object(App\Controllers\Admin))
#2 B:\installer\laragon\www\kitakeren-web\vendor\codeigniter4\framework\system\CodeIgniter.php(312): CodeIgniter\CodeIgniter->handleRequest(NULL, Object(Config\Cache), false)
#3 B:\installer\laragon\www\kitakeren-web\public\index.php(45): CodeIgniter\CodeIgniter->run()
#4 {main}
CRITICAL - 2020-09-19 12:18:53 --> Call to a member function get() on null
#0 B:\installer\laragon\www\kitakeren-web\vendor\codeigniter4\framework\system\CodeIgniter.php(918): App\Controllers\Admin->read_data()
#1 B:\installer\laragon\www\kitakeren-web\vendor\codeigniter4\framework\system\CodeIgniter.php(404): CodeIgniter\CodeIgniter->runController(Object(App\Controllers\Admin))
#2 B:\installer\laragon\www\kitakeren-web\vendor\codeigniter4\framework\system\CodeIgniter.php(312): CodeIgniter\CodeIgniter->handleRequest(NULL, Object(Config\Cache), false)
#3 B:\installer\laragon\www\kitakeren-web\public\index.php(45): CodeIgniter\CodeIgniter->run()
#4 {main}
CRITICAL - 2020-09-19 12:19:15 --> Call to a member function get() on null
#0 B:\installer\laragon\www\kitakeren-web\vendor\codeigniter4\framework\system\CodeIgniter.php(918): App\Controllers\Admin->read_data()
#1 B:\installer\laragon\www\kitakeren-web\vendor\codeigniter4\framework\system\CodeIgniter.php(404): CodeIgniter\CodeIgniter->runController(Object(App\Controllers\Admin))
#2 B:\installer\laragon\www\kitakeren-web\vendor\codeigniter4\framework\system\CodeIgniter.php(312): CodeIgniter\CodeIgniter->handleRequest(NULL, Object(Config\Cache), false)
#3 B:\installer\laragon\www\kitakeren-web\public\index.php(45): CodeIgniter\CodeIgniter->run()
#4 {main}
CRITICAL - 2020-09-19 12:35:19 --> Call to a member function orderby() on array
#0 B:\installer\laragon\www\kitakeren-web\vendor\codeigniter4\framework\system\CodeIgniter.php(918): App\Controllers\Admin->read_data()
#1 B:\installer\laragon\www\kitakeren-web\vendor\codeigniter4\framework\system\CodeIgniter.php(404): CodeIgniter\CodeIgniter->runController(Object(App\Controllers\Admin))
#2 B:\installer\laragon\www\kitakeren-web\vendor\codeigniter4\framework\system\CodeIgniter.php(312): CodeIgniter\CodeIgniter->handleRequest(NULL, Object(Config\Cache), false)
#3 B:\installer\laragon\www\kitakeren-web\public\index.php(45): CodeIgniter\CodeIgniter->run()
#4 {main}
CRITICAL - 2020-09-19 12:35:40 --> Call to a member function orderBy() on array
#0 B:\installer\laragon\www\kitakeren-web\vendor\codeigniter4\framework\system\CodeIgniter.php(918): App\Controllers\Admin->read_data()
#1 B:\installer\laragon\www\kitakeren-web\vendor\codeigniter4\framework\system\CodeIgniter.php(404): CodeIgniter\CodeIgniter->runController(Object(App\Controllers\Admin))
#2 B:\installer\laragon\www\kitakeren-web\vendor\codeigniter4\framework\system\CodeIgniter.php(312): CodeIgniter\CodeIgniter->handleRequest(NULL, Object(Config\Cache), false)
#3 B:\installer\laragon\www\kitakeren-web\public\index.php(45): CodeIgniter\CodeIgniter->run()
#4 {main}
CRITICAL - 2020-09-19 12:36:26 --> Call to a member function orderBy() on array
#0 B:\installer\laragon\www\kitakeren-web\vendor\codeigniter4\framework\system\CodeIgniter.php(918): App\Controllers\Admin->read_data()
#1 B:\installer\laragon\www\kitakeren-web\vendor\codeigniter4\framework\system\CodeIgniter.php(404): CodeIgniter\CodeIgniter->runController(Object(App\Controllers\Admin))
#2 B:\installer\laragon\www\kitakeren-web\vendor\codeigniter4\framework\system\CodeIgniter.php(312): CodeIgniter\CodeIgniter->handleRequest(NULL, Object(Config\Cache), false)
#3 B:\installer\laragon\www\kitakeren-web\public\index.php(45): CodeIgniter\CodeIgniter->run()
#4 {main}
CRITICAL - 2020-09-19 12:49:08 --> Call to a member function findAll() on null
#0 B:\installer\laragon\www\kitakeren-web\vendor\codeigniter4\framework\system\CodeIgniter.php(918): App\Controllers\Admin->read_data()
#1 B:\installer\laragon\www\kitakeren-web\vendor\codeigniter4\framework\system\CodeIgniter.php(404): CodeIgniter\CodeIgniter->runController(Object(App\Controllers\Admin))
#2 B:\installer\laragon\www\kitakeren-web\vendor\codeigniter4\framework\system\CodeIgniter.php(312): CodeIgniter\CodeIgniter->handleRequest(NULL, Object(Config\Cache), false)
#3 B:\installer\laragon\www\kitakeren-web\public\index.php(45): CodeIgniter\CodeIgniter->run()
#4 {main}
CRITICAL - 2020-09-19 12:49:33 --> Call to a member function findAll() on null
#0 B:\installer\laragon\www\kitakeren-web\vendor\codeigniter4\framework\system\CodeIgniter.php(918): App\Controllers\Admin->read_data()
#1 B:\installer\laragon\www\kitakeren-web\vendor\codeigniter4\framework\system\CodeIgniter.php(404): CodeIgniter\CodeIgniter->runController(Object(App\Controllers\Admin))
#2 B:\installer\laragon\www\kitakeren-web\vendor\codeigniter4\framework\system\CodeIgniter.php(312): CodeIgniter\CodeIgniter->handleRequest(NULL, Object(Config\Cache), false)
#3 B:\installer\laragon\www\kitakeren-web\public\index.php(45): CodeIgniter\CodeIgniter->run()
#4 {main}
CRITICAL - 2020-09-19 12:49:50 --> Call to a member function findAll() on null
#0 B:\installer\laragon\www\kitakeren-web\vendor\codeigniter4\framework\system\CodeIgniter.php(918): App\Controllers\Admin->read_data()
#1 B:\installer\laragon\www\kitakeren-web\vendor\codeigniter4\framework\system\CodeIgniter.php(404): CodeIgniter\CodeIgniter->runController(Object(App\Controllers\Admin))
#2 B:\installer\laragon\www\kitakeren-web\vendor\codeigniter4\framework\system\CodeIgniter.php(312): CodeIgniter\CodeIgniter->handleRequest(NULL, Object(Config\Cache), false)
#3 B:\installer\laragon\www\kitakeren-web\public\index.php(45): CodeIgniter\CodeIgniter->run()
#4 {main}
CRITICAL - 2020-09-19 12:55:57 --> Call to a member function findAll() on null
#0 B:\installer\laragon\www\kitakeren-web\vendor\codeigniter4\framework\system\CodeIgniter.php(918): App\Controllers\Admin->read_data()
#1 B:\installer\laragon\www\kitakeren-web\vendor\codeigniter4\framework\system\CodeIgniter.php(404): CodeIgniter\CodeIgniter->runController(Object(App\Controllers\Admin))
#2 B:\installer\laragon\www\kitakeren-web\vendor\codeigniter4\framework\system\CodeIgniter.php(312): CodeIgniter\CodeIgniter->handleRequest(NULL, Object(Config\Cache), false)
#3 B:\installer\laragon\www\kitakeren-web\public\index.php(45): CodeIgniter\CodeIgniter->run()
#4 {main}
CRITICAL - 2020-09-19 12:59:42 --> Call to undefined method CodeIgniter\Database\MySQLi\Result::resultArray()
#0 B:\installer\laragon\www\kitakeren-web\vendor\codeigniter4\framework\system\CodeIgniter.php(918): App\Controllers\Admin->read_data()
#1 B:\installer\laragon\www\kitakeren-web\vendor\codeigniter4\framework\system\CodeIgniter.php(404): CodeIgniter\CodeIgniter->runController(Object(App\Controllers\Admin))
#2 B:\installer\laragon\www\kitakeren-web\vendor\codeigniter4\framework\system\CodeIgniter.php(312): CodeIgniter\CodeIgniter->handleRequest(NULL, Object(Config\Cache), false)
#3 B:\installer\laragon\www\kitakeren-web\public\index.php(45): CodeIgniter\CodeIgniter->run()
#4 {main}
CRITICAL - 2020-09-19 13:00:17 --> Call to undefined method App\Models\DashboardModel::row_array
#0 B:\installer\laragon\www\kitakeren-web\app\Controllers\Admin.php(44): CodeIgniter\Model->__call('row_array', Array)
#1 B:\installer\laragon\www\kitakeren-web\vendor\codeigniter4\framework\system\CodeIgniter.php(918): App\Controllers\Admin->read_data()
#2 B:\installer\laragon\www\kitakeren-web\vendor\codeigniter4\framework\system\CodeIgniter.php(404): CodeIgniter\CodeIgniter->runController(Object(App\Controllers\Admin))
#3 B:\installer\laragon\www\kitakeren-web\vendor\codeigniter4\framework\system\CodeIgniter.php(312): CodeIgniter\CodeIgniter->handleRequest(NULL, Object(Config\Cache), false)
#4 B:\installer\laragon\www\kitakeren-web\public\index.php(45): CodeIgniter\CodeIgniter->run()
#5 {main}
CRITICAL - 2020-09-19 13:01:31 --> Call to a member function get() on null
#0 B:\installer\laragon\www\kitakeren-web\vendor\codeigniter4\framework\system\CodeIgniter.php(918): App\Controllers\Admin->read_data()
#1 B:\installer\laragon\www\kitakeren-web\vendor\codeigniter4\framework\system\CodeIgniter.php(404): CodeIgniter\CodeIgniter->runController(Object(App\Controllers\Admin))
#2 B:\installer\laragon\www\kitakeren-web\vendor\codeigniter4\framework\system\CodeIgniter.php(312): CodeIgniter\CodeIgniter->handleRequest(NULL, Object(Config\Cache), false)
#3 B:\installer\laragon\www\kitakeren-web\public\index.php(45): CodeIgniter\CodeIgniter->run()
#4 {main}
CRITICAL - 2020-09-19 13:27:18 --> Cannot use object of type stdClass as array
#0 B:\installer\laragon\www\kitakeren-web\vendor\codeigniter4\framework\system\CodeIgniter.php(918): App\Controllers\Admin->read_data('single')
#1 B:\installer\laragon\www\kitakeren-web\vendor\codeigniter4\framework\system\CodeIgniter.php(404): CodeIgniter\CodeIgniter->runController(Object(App\Controllers\Admin))
#2 B:\installer\laragon\www\kitakeren-web\vendor\codeigniter4\framework\system\CodeIgniter.php(312): CodeIgniter\CodeIgniter->handleRequest(NULL, Object(Config\Cache), false)
#3 B:\installer\laragon\www\kitakeren-web\public\index.php(45): CodeIgniter\CodeIgniter->run()
#4 {main}
CRITICAL - 2020-09-19 13:35:17 --> Undefined property: App\Controllers\Admin::$input
#0 B:\installer\laragon\www\kitakeren-web\app\Controllers\Admin.php(64): CodeIgniter\Debug\Exceptions->errorHandler(8, 'Undefined prope...', 'B:\\installer\\la...', 64, Array)
#1 B:\installer\laragon\www\kitakeren-web\vendor\codeigniter4\framework\system\CodeIgniter.php(918): App\Controllers\Admin->read_data('show', 'false', 'true')
#2 B:\installer\laragon\www\kitakeren-web\vendor\codeigniter4\framework\system\CodeIgniter.php(404): CodeIgniter\CodeIgniter->runController(Object(App\Controllers\Admin))
#3 B:\installer\laragon\www\kitakeren-web\vendor\codeigniter4\framework\system\CodeIgniter.php(312): CodeIgniter\CodeIgniter->handleRequest(NULL, Object(Config\Cache), false)
#4 B:\installer\laragon\www\kitakeren-web\public\index.php(45): CodeIgniter\CodeIgniter->run()
#5 {main}
CRITICAL - 2020-09-19 13:35:42 --> Division by zero
#0 B:\installer\laragon\www\kitakeren-web\app\Controllers\Admin.php(85): CodeIgniter\Debug\Exceptions->errorHandler(2, 'Division by zer...', 'B:\\installer\\la...', 85, Array)
#1 B:\installer\laragon\www\kitakeren-web\vendor\codeigniter4\framework\system\CodeIgniter.php(918): App\Controllers\Admin->read_data('show', 'false', 'true')
#2 B:\installer\laragon\www\kitakeren-web\vendor\codeigniter4\framework\system\CodeIgniter.php(404): CodeIgniter\CodeIgniter->runController(Object(App\Controllers\Admin))
#3 B:\installer\laragon\www\kitakeren-web\vendor\codeigniter4\framework\system\CodeIgniter.php(312): CodeIgniter\CodeIgniter->handleRequest(NULL, Object(Config\Cache), false)
#4 B:\installer\laragon\www\kitakeren-web\public\index.php(45): CodeIgniter\CodeIgniter->run()
#5 {main}
CRITICAL - 2020-09-19 13:37:53 --> Division by zero
#0 B:\installer\laragon\www\kitakeren-web\app\Controllers\Admin.php(85): CodeIgniter\Debug\Exceptions->errorHandler(2, 'Division by zer...', 'B:\\installer\\la...', 85, Array)
#1 B:\installer\laragon\www\kitakeren-web\vendor\codeigniter4\framework\system\CodeIgniter.php(918): App\Controllers\Admin->read_data('show', 'false', 'true')
#2 B:\installer\laragon\www\kitakeren-web\vendor\codeigniter4\framework\system\CodeIgniter.php(404): CodeIgniter\CodeIgniter->runController(Object(App\Controllers\Admin))
#3 B:\installer\laragon\www\kitakeren-web\vendor\codeigniter4\framework\system\CodeIgniter.php(312): CodeIgniter\CodeIgniter->handleRequest(NULL, Object(Config\Cache), false)
#4 B:\installer\laragon\www\kitakeren-web\public\index.php(45): CodeIgniter\CodeIgniter->run()
#5 {main}
CRITICAL - 2020-09-19 13:38:00 --> Division by zero
#0 B:\installer\laragon\www\kitakeren-web\app\Controllers\Admin.php(85): CodeIgniter\Debug\Exceptions->errorHandler(2, 'Division by zer...', 'B:\\installer\\la...', 85, Array)
#1 B:\installer\laragon\www\kitakeren-web\vendor\codeigniter4\framework\system\CodeIgniter.php(918): App\Controllers\Admin->read_data('show', 'false', 'true')
#2 B:\installer\laragon\www\kitakeren-web\vendor\codeigniter4\framework\system\CodeIgniter.php(404): CodeIgniter\CodeIgniter->runController(Object(App\Controllers\Admin))
#3 B:\installer\laragon\www\kitakeren-web\vendor\codeigniter4\framework\system\CodeIgniter.php(312): CodeIgniter\CodeIgniter->handleRequest(NULL, Object(Config\Cache), false)
#4 B:\installer\laragon\www\kitakeren-web\public\index.php(45): CodeIgniter\CodeIgniter->run()
#5 {main}
CRITICAL - 2020-09-19 13:40:29 --> Division by zero
#0 B:\installer\laragon\www\kitakeren-web\app\Controllers\Admin.php(85): CodeIgniter\Debug\Exceptions->errorHandler(2, 'Division by zer...', 'B:\\installer\\la...', 85, Array)
#1 B:\installer\laragon\www\kitakeren-web\vendor\codeigniter4\framework\system\CodeIgniter.php(918): App\Controllers\Admin->read_data('show', 'false', 'true')
#2 B:\installer\laragon\www\kitakeren-web\vendor\codeigniter4\framework\system\CodeIgniter.php(404): CodeIgniter\CodeIgniter->runController(Object(App\Controllers\Admin))
#3 B:\installer\laragon\www\kitakeren-web\vendor\codeigniter4\framework\system\CodeIgniter.php(312): CodeIgniter\CodeIgniter->handleRequest(NULL, Object(Config\Cache), false)
#4 B:\installer\laragon\www\kitakeren-web\public\index.php(45): CodeIgniter\CodeIgniter->run()
#5 {main}
CRITICAL - 2020-09-19 13:47:22 --> Undefined property: App\Controllers\Admin::$load
#0 B:\installer\laragon\www\kitakeren-web\app\Controllers\Admin.php(91): CodeIgniter\Debug\Exceptions->errorHandler(8, 'Undefined prope...', 'B:\\installer\\la...', 91, Array)
#1 B:\installer\laragon\www\kitakeren-web\vendor\codeigniter4\framework\system\CodeIgniter.php(918): App\Controllers\Admin->read_data('show', 'ajax-list-table')
#2 B:\installer\laragon\www\kitakeren-web\vendor\codeigniter4\framework\system\CodeIgniter.php(404): CodeIgniter\CodeIgniter->runController(Object(App\Controllers\Admin))
#3 B:\installer\laragon\www\kitakeren-web\vendor\codeigniter4\framework\system\CodeIgniter.php(312): CodeIgniter\CodeIgniter->handleRequest(NULL, Object(Config\Cache), false)
#4 B:\installer\laragon\www\kitakeren-web\public\index.php(45): CodeIgniter\CodeIgniter->run()
#5 {main}
CRITICAL - 2020-09-19 13:52:44 --> Undefined variable: dash
#0 B:\installer\laragon\www\kitakeren-web\app\Views\content\data\ajax-list-table.php(3): CodeIgniter\Debug\Exceptions->errorHandler(8, 'Undefined varia...', 'B:\\installer\\la...', 3, Array)
#1 B:\installer\laragon\www\kitakeren-web\vendor\codeigniter4\framework\system\View\View.php(246): include('B:\\installer\\la...')
#2 B:\installer\laragon\www\kitakeren-web\vendor\codeigniter4\framework\system\Common.php(1119): CodeIgniter\View\View->render('content/data/aj...', Array, true)
#3 B:\installer\laragon\www\kitakeren-web\app\Controllers\Admin.php(92): view('content/data/aj...', Array)
#4 B:\installer\laragon\www\kitakeren-web\vendor\codeigniter4\framework\system\CodeIgniter.php(918): App\Controllers\Admin->read_data('show', 'ajax-list-table')
#5 B:\installer\laragon\www\kitakeren-web\vendor\codeigniter4\framework\system\CodeIgniter.php(404): CodeIgniter\CodeIgniter->runController(Object(App\Controllers\Admin))
#6 B:\installer\laragon\www\kitakeren-web\vendor\codeigniter4\framework\system\CodeIgniter.php(312): CodeIgniter\CodeIgniter->handleRequest(NULL, Object(Config\Cache), false)
#7 B:\installer\laragon\www\kitakeren-web\public\index.php(45): CodeIgniter\CodeIgniter->run()
#8 {main}
CRITICAL - 2020-09-19 13:53:09 --> Undefined variable: dash
#0 B:\installer\laragon\www\kitakeren-web\app\Views\content\data\ajax-list-table.php(3): CodeIgniter\Debug\Exceptions->errorHandler(8, 'Undefined varia...', 'B:\\installer\\la...', 3, Array)
#1 B:\installer\laragon\www\kitakeren-web\vendor\codeigniter4\framework\system\View\View.php(246): include('B:\\installer\\la...')
#2 B:\installer\laragon\www\kitakeren-web\vendor\codeigniter4\framework\system\Common.php(1119): CodeIgniter\View\View->render('content/data/aj...', Array, true)
#3 B:\installer\laragon\www\kitakeren-web\app\Controllers\Admin.php(92): view('content/data/aj...', Array)
#4 B:\installer\laragon\www\kitakeren-web\vendor\codeigniter4\framework\system\CodeIgniter.php(918): App\Controllers\Admin->read_data('show', 'ajax-list-table')
#5 B:\installer\laragon\www\kitakeren-web\vendor\codeigniter4\framework\system\CodeIgniter.php(404): CodeIgniter\CodeIgniter->runController(Object(App\Controllers\Admin))
#6 B:\installer\laragon\www\kitakeren-web\vendor\codeigniter4\framework\system\CodeIgniter.php(312): CodeIgniter\CodeIgniter->handleRequest(NULL, Object(Config\Cache), false)
#7 B:\installer\laragon\www\kitakeren-web\public\index.php(45): CodeIgniter\CodeIgniter->run()
#8 {main}
CRITICAL - 2020-09-19 13:53:46 --> Undefined variable: data
#0 B:\installer\laragon\www\kitakeren-web\app\Views\content\data\ajax-list-table.php(3): CodeIgniter\Debug\Exceptions->errorHandler(8, 'Undefined varia...', 'B:\\installer\\la...', 3, Array)
#1 B:\installer\laragon\www\kitakeren-web\vendor\codeigniter4\framework\system\View\View.php(246): include('B:\\installer\\la...')
#2 B:\installer\laragon\www\kitakeren-web\vendor\codeigniter4\framework\system\Common.php(1119): CodeIgniter\View\View->render('content/data/aj...', Array, true)
#3 B:\installer\laragon\www\kitakeren-web\app\Controllers\Admin.php(92): view('content/data/aj...', Array)
#4 B:\installer\laragon\www\kitakeren-web\vendor\codeigniter4\framework\system\CodeIgniter.php(918): App\Controllers\Admin->read_data('show', 'ajax-list-table')
#5 B:\installer\laragon\www\kitakeren-web\vendor\codeigniter4\framework\system\CodeIgniter.php(404): CodeIgniter\CodeIgniter->runController(Object(App\Controllers\Admin))
#6 B:\installer\laragon\www\kitakeren-web\vendor\codeigniter4\framework\system\CodeIgniter.php(312): CodeIgniter\CodeIgniter->handleRequest(NULL, Object(Config\Cache), false)
#7 B:\installer\laragon\www\kitakeren-web\public\index.php(45): CodeIgniter\CodeIgniter->run()
#8 {main}
CRITICAL - 2020-09-19 13:54:35 --> Undefined variable: data
#0 B:\installer\laragon\www\kitakeren-web\app\Views\content\data\ajax-list-table.php(3): CodeIgniter\Debug\Exceptions->errorHandler(8, 'Undefined varia...', 'B:\\installer\\la...', 3, Array)
#1 B:\installer\laragon\www\kitakeren-web\vendor\codeigniter4\framework\system\View\View.php(246): include('B:\\installer\\la...')
#2 B:\installer\laragon\www\kitakeren-web\vendor\codeigniter4\framework\system\Common.php(1119): CodeIgniter\View\View->render('content/data/aj...', Array, true)
#3 B:\installer\laragon\www\kitakeren-web\app\Controllers\Admin.php(92): view('content/data/aj...', Array)
#4 B:\installer\laragon\www\kitakeren-web\vendor\codeigniter4\framework\system\CodeIgniter.php(918): App\Controllers\Admin->read_data('show', 'ajax-list-table')
#5 B:\installer\laragon\www\kitakeren-web\vendor\codeigniter4\framework\system\CodeIgniter.php(404): CodeIgniter\CodeIgniter->runController(Object(App\Controllers\Admin))
#6 B:\installer\laragon\www\kitakeren-web\vendor\codeigniter4\framework\system\CodeIgniter.php(312): CodeIgniter\CodeIgniter->handleRequest(NULL, Object(Config\Cache), false)
#7 B:\installer\laragon\www\kitakeren-web\public\index.php(45): CodeIgniter\CodeIgniter->run()
#8 {main}
CRITICAL - 2020-09-19 13:55:24 --> Undefined variable: data
#0 B:\installer\laragon\www\kitakeren-web\app\Views\content\data\ajax-list-table.php(3): CodeIgniter\Debug\Exceptions->errorHandler(8, 'Undefined varia...', 'B:\\installer\\la...', 3, Array)
#1 B:\installer\laragon\www\kitakeren-web\vendor\codeigniter4\framework\system\View\View.php(246): include('B:\\installer\\la...')
#2 B:\installer\laragon\www\kitakeren-web\vendor\codeigniter4\framework\system\Common.php(1119): CodeIgniter\View\View->render('content/data/aj...', Array, true)
#3 B:\installer\laragon\www\kitakeren-web\app\Controllers\Admin.php(92): view('content/data/aj...', Array)
#4 B:\installer\laragon\www\kitakeren-web\vendor\codeigniter4\framework\system\CodeIgniter.php(918): App\Controllers\Admin->read_data('show', 'ajax-list-table')
#5 B:\installer\laragon\www\kitakeren-web\vendor\codeigniter4\framework\system\CodeIgniter.php(404): CodeIgniter\CodeIgniter->runController(Object(App\Controllers\Admin))
#6 B:\installer\laragon\www\kitakeren-web\vendor\codeigniter4\framework\system\CodeIgniter.php(312): CodeIgniter\CodeIgniter->handleRequest(NULL, Object(Config\Cache), false)
#7 B:\installer\laragon\www\kitakeren-web\public\index.php(45): CodeIgniter\CodeIgniter->run()
#8 {main}
CRITICAL - 2020-09-19 14:17:21 --> syntax error, unexpected 'foreach' (T_FOREACH)
#0 B:\installer\laragon\www\kitakeren-web\vendor\codeigniter4\framework\system\Router\Router.php(195): CodeIgniter\Router\Router->autoRoute('admin/read_data...')
#1 B:\installer\laragon\www\kitakeren-web\vendor\codeigniter4\framework\system\CodeIgniter.php(793): CodeIgniter\Router\Router->handle('admin/read_data...')
#2 B:\installer\laragon\www\kitakeren-web\vendor\codeigniter4\framework\system\CodeIgniter.php(364): CodeIgniter\CodeIgniter->tryToRouteIt(Object(CodeIgniter\Router\RouteCollection))
#3 B:\installer\laragon\www\kitakeren-web\vendor\codeigniter4\framework\system\CodeIgniter.php(312): CodeIgniter\CodeIgniter->handleRequest(NULL, Object(Config\Cache), false)
#4 B:\installer\laragon\www\kitakeren-web\public\index.php(45): CodeIgniter\CodeIgniter->run()
#5 {main}
CRITICAL - 2020-09-19 14:30:21 --> Undefined index: count
#0 B:\installer\laragon\www\kitakeren-web\app\Views\content\data\ajax-list-table.php(2): CodeIgniter\Debug\Exceptions->errorHandler(8, 'Undefined index...', 'B:\\installer\\la...', 2, Array)
#1 B:\installer\laragon\www\kitakeren-web\vendor\codeigniter4\framework\system\View\View.php(246): include('B:\\installer\\la...')
#2 B:\installer\laragon\www\kitakeren-web\vendor\codeigniter4\framework\system\Common.php(1119): CodeIgniter\View\View->render('content/data/aj...', Array, true)
#3 B:\installer\laragon\www\kitakeren-web\app\Controllers\Admin.php(92): view('content/data/aj...', Array)
#4 B:\installer\laragon\www\kitakeren-web\vendor\codeigniter4\framework\system\CodeIgniter.php(918): App\Controllers\Admin->read_data('show', 'ajax-list-table')
#5 B:\installer\laragon\www\kitakeren-web\vendor\codeigniter4\framework\system\CodeIgniter.php(404): CodeIgniter\CodeIgniter->runController(Object(App\Controllers\Admin))
#6 B:\installer\laragon\www\kitakeren-web\vendor\codeigniter4\framework\system\CodeIgniter.php(312): CodeIgniter\CodeIgniter->handleRequest(NULL, Object(Config\Cache), false)
#7 B:\installer\laragon\www\kitakeren-web\public\index.php(45): CodeIgniter\CodeIgniter->run()
#8 {main}
CRITICAL - 2020-09-19 14:30:55 --> Undefined index: count
#0 B:\installer\laragon\www\kitakeren-web\app\Views\content\data\ajax-list-table.php(2): CodeIgniter\Debug\Exceptions->errorHandler(8, 'Undefined index...', 'B:\\installer\\la...', 2, Array)
#1 B:\installer\laragon\www\kitakeren-web\vendor\codeigniter4\framework\system\View\View.php(246): include('B:\\installer\\la...')
#2 B:\installer\laragon\www\kitakeren-web\vendor\codeigniter4\framework\system\Common.php(1119): CodeIgniter\View\View->render('content/data/aj...', Array, true)
#3 B:\installer\laragon\www\kitakeren-web\app\Controllers\Admin.php(92): view('content/data/aj...', Array)
#4 B:\installer\laragon\www\kitakeren-web\vendor\codeigniter4\framework\system\CodeIgniter.php(918): App\Controllers\Admin->read_data('show', 'ajax-list-table')
#5 B:\installer\laragon\www\kitakeren-web\vendor\codeigniter4\framework\system\CodeIgniter.php(404): CodeIgniter\CodeIgniter->runController(Object(App\Controllers\Admin))
#6 B:\installer\laragon\www\kitakeren-web\vendor\codeigniter4\framework\system\CodeIgniter.php(312): CodeIgniter\CodeIgniter->handleRequest(NULL, Object(Config\Cache), false)
#7 B:\installer\laragon\www\kitakeren-web\public\index.php(45): CodeIgniter\CodeIgniter->run()
#8 {main}
CRITICAL - 2020-09-19 14:31:53 --> Undefined index: count
#0 B:\installer\laragon\www\kitakeren-web\app\Views\content\data\ajax-list-table.php(2): CodeIgniter\Debug\Exceptions->errorHandler(8, 'Undefined index...', 'B:\\installer\\la...', 2, Array)
#1 B:\installer\laragon\www\kitakeren-web\vendor\codeigniter4\framework\system\View\View.php(246): include('B:\\installer\\la...')
#2 B:\installer\laragon\www\kitakeren-web\vendor\codeigniter4\framework\system\Common.php(1119): CodeIgniter\View\View->render('content/data/aj...', Array, true)
#3 B:\installer\laragon\www\kitakeren-web\app\Controllers\Admin.php(92): view('content/data/aj...', Array)
#4 B:\installer\laragon\www\kitakeren-web\vendor\codeigniter4\framework\system\CodeIgniter.php(918): App\Controllers\Admin->read_data('show', 'ajax-list-table')
#5 B:\installer\laragon\www\kitakeren-web\vendor\codeigniter4\framework\system\CodeIgniter.php(404): CodeIgniter\CodeIgniter->runController(Object(App\Controllers\Admin))
#6 B:\installer\laragon\www\kitakeren-web\vendor\codeigniter4\framework\system\CodeIgniter.php(312): CodeIgniter\CodeIgniter->handleRequest(NULL, Object(Config\Cache), false)
#7 B:\installer\laragon\www\kitakeren-web\public\index.php(45): CodeIgniter\CodeIgniter->run()
#8 {main}
CRITICAL - 2020-09-19 14:32:33 --> Undefined index: count
#0 B:\installer\laragon\www\kitakeren-web\app\Views\content\data\ajax-list-table.php(2): CodeIgniter\Debug\Exceptions->errorHandler(8, 'Undefined index...', 'B:\\installer\\la...', 2, Array)
#1 B:\installer\laragon\www\kitakeren-web\vendor\codeigniter4\framework\system\View\View.php(246): include('B:\\installer\\la...')
#2 B:\installer\laragon\www\kitakeren-web\vendor\codeigniter4\framework\system\Common.php(1119): CodeIgniter\View\View->render('content/data/aj...', Array, true)
#3 B:\installer\laragon\www\kitakeren-web\app\Controllers\Admin.php(92): view('content/data/aj...', Array)
#4 B:\installer\laragon\www\kitakeren-web\vendor\codeigniter4\framework\system\CodeIgniter.php(918): App\Controllers\Admin->read_data('show', 'ajax-list-table')
#5 B:\installer\laragon\www\kitakeren-web\vendor\codeigniter4\framework\system\CodeIgniter.php(404): CodeIgniter\CodeIgniter->runController(Object(App\Controllers\Admin))
#6 B:\installer\laragon\www\kitakeren-web\vendor\codeigniter4\framework\system\CodeIgniter.php(312): CodeIgniter\CodeIgniter->handleRequest(NULL, Object(Config\Cache), false)
#7 B:\installer\laragon\www\kitakeren-web\public\index.php(45): CodeIgniter\CodeIgniter->run()
#8 {main}
CRITICAL - 2020-09-19 14:50:45 --> Unknown column 'judul' in 'where clause'
#0 B:\installer\laragon\www\kitakeren-web\vendor\codeigniter4\framework\system\Database\MySQLi\Connection.php(331): mysqli->query('SELECT *\nFROM `...')
#1 B:\installer\laragon\www\kitakeren-web\vendor\codeigniter4\framework\system\Database\BaseConnection.php(741): CodeIgniter\Database\MySQLi\Connection->execute('SELECT *\nFROM `...')
#2 B:\installer\laragon\www\kitakeren-web\vendor\codeigniter4\framework\system\Database\BaseConnection.php(669): CodeIgniter\Database\BaseConnection->simpleQuery('SELECT *\nFROM `...')
#3 B:\installer\laragon\www\kitakeren-web\vendor\codeigniter4\framework\system\Database\BaseBuilder.php(1860): CodeIgniter\Database\BaseConnection->query('SELECT *\nFROM `...', Array, false)
#4 B:\installer\laragon\www\kitakeren-web\app\Controllers\Admin.php(71): CodeIgniter\Database\BaseBuilder->get(50, 0)
#5 B:\installer\laragon\www\kitakeren-web\vendor\codeigniter4\framework\system\CodeIgniter.php(918): App\Controllers\Admin->read_data('show', 'ajax-list-table', 'pagination')
#6 B:\installer\laragon\www\kitakeren-web\vendor\codeigniter4\framework\system\CodeIgniter.php(404): CodeIgniter\CodeIgniter->runController(Object(App\Controllers\Admin))
#7 B:\installer\laragon\www\kitakeren-web\vendor\codeigniter4\framework\system\CodeIgniter.php(312): CodeIgniter\CodeIgniter->handleRequest(NULL, Object(Config\Cache), false)
#8 B:\installer\laragon\www\kitakeren-web\public\index.php(45): CodeIgniter\CodeIgniter->run()
#9 {main}
CRITICAL - 2020-09-19 14:52:41 --> Unknown column 'judul' in 'where clause'
#0 B:\installer\laragon\www\kitakeren-web\vendor\codeigniter4\framework\system\Database\MySQLi\Connection.php(331): mysqli->query('SELECT *\nFROM `...')
#1 B:\installer\laragon\www\kitakeren-web\vendor\codeigniter4\framework\system\Database\BaseConnection.php(741): CodeIgniter\Database\MySQLi\Connection->execute('SELECT *\nFROM `...')
#2 B:\installer\laragon\www\kitakeren-web\vendor\codeigniter4\framework\system\Database\BaseConnection.php(669): CodeIgniter\Database\BaseConnection->simpleQuery('SELECT *\nFROM `...')
#3 B:\installer\laragon\www\kitakeren-web\vendor\codeigniter4\framework\system\Database\BaseBuilder.php(1860): CodeIgniter\Database\BaseConnection->query('SELECT *\nFROM `...', Array, false)
#4 B:\installer\laragon\www\kitakeren-web\app\Controllers\Admin.php(71): CodeIgniter\Database\BaseBuilder->get(50, 0)
#5 B:\installer\laragon\www\kitakeren-web\vendor\codeigniter4\framework\system\CodeIgniter.php(918): App\Controllers\Admin->read_data('show', 'ajax-list-table', 'pagination')
#6 B:\installer\laragon\www\kitakeren-web\vendor\codeigniter4\framework\system\CodeIgniter.php(404): CodeIgniter\CodeIgniter->runController(Object(App\Controllers\Admin))
#7 B:\installer\laragon\www\kitakeren-web\vendor\codeigniter4\framework\system\CodeIgniter.php(312): CodeIgniter\CodeIgniter->handleRequest(NULL, Object(Config\Cache), false)
#8 B:\installer\laragon\www\kitakeren-web\public\index.php(45): CodeIgniter\CodeIgniter->run()
#9 {main}
CRITICAL - 2020-09-19 21:07:31 --> strtolower() expects parameter 1 to be string, array given
#0 [internal function]: CodeIgniter\Debug\Exceptions->errorHandler(2, 'strtolower() ex...', 'B:\\installer\\la...', 69, Array)
#1 B:\installer\laragon\www\kitakeren-web\vendor\mesour\array-manager\src\Searchers\Condition.php(69): strtolower(Array)
#2 [internal function]: Mesour\ArrayManage\Searcher\Condition->matchEqual(Array, Array, Array)
#3 B:\installer\laragon\www\kitakeren-web\vendor\mesour\array-manager\src\Searchers\Condition.php(57): call_user_func(Array, Array, Array, Array)
#4 B:\installer\laragon\www\kitakeren-web\vendor\mesour\array-manager\src\Searchers\Filter.php(46): Mesour\ArrayManage\Searcher\Condition->match(Array, Array, Array)
#5 B:\installer\laragon\www\kitakeren-web\vendor\mesour\array-manager\src\Searchers\Filter.php(67): Mesour\ArrayManage\Searcher\Filter->applyConditions(Array, Object(Mesour\ArrayManage\Searcher\Filter))
#6 [internal function]: Mesour\ArrayManage\Searcher\Filter->accept()
#7 B:\installer\laragon\www\kitakeren-web\vendor\mesour\array-manager\src\Searchers\Search.php(33): FilterIterator->rewind()
#8 B:\installer\laragon\www\kitakeren-web\vendor\mesour\array-manager\src\Searchers\Select.php(72): Mesour\ArrayManage\Searcher\Search->getResults()
#9 B:\installer\laragon\www\kitakeren-web\app\Controllers\Admin.php(78): Mesour\ArrayManage\Searcher\Select->fetchAll()
#10 B:\installer\laragon\www\kitakeren-web\vendor\codeigniter4\framework\system\CodeIgniter.php(918): App\Controllers\Admin->read_data('show', 'ajax-list-table', 'pagination')
#11 B:\installer\laragon\www\kitakeren-web\vendor\codeigniter4\framework\system\CodeIgniter.php(404): CodeIgniter\CodeIgniter->runController(Object(App\Controllers\Admin))
#12 B:\installer\laragon\www\kitakeren-web\vendor\codeigniter4\framework\system\CodeIgniter.php(312): CodeIgniter\CodeIgniter->handleRequest(NULL, Object(Config\Cache), false)
#13 B:\installer\laragon\www\kitakeren-web\public\index.php(45): CodeIgniter\CodeIgniter->run()
#14 {main}
CRITICAL - 2020-09-19 21:10:03 --> strtolower() expects parameter 1 to be string, array given
#0 [internal function]: CodeIgniter\Debug\Exceptions->errorHandler(2, 'strtolower() ex...', 'B:\\installer\\la...', 70, Array)
#1 B:\installer\laragon\www\kitakeren-web\vendor\mesour\array-manager\src\Searchers\Condition.php(70): strtolower(Array)
#2 [internal function]: Mesour\ArrayManage\Searcher\Condition->matchEqual(Array, 'w', Array)
#3 B:\installer\laragon\www\kitakeren-web\vendor\mesour\array-manager\src\Searchers\Condition.php(57): call_user_func(Array, Array, 'w', Array)
#4 B:\installer\laragon\www\kitakeren-web\vendor\mesour\array-manager\src\Searchers\Filter.php(46): Mesour\ArrayManage\Searcher\Condition->match(Array, 'w', Array)
#5 B:\installer\laragon\www\kitakeren-web\vendor\mesour\array-manager\src\Searchers\Filter.php(67): Mesour\ArrayManage\Searcher\Filter->applyConditions(Array, Object(Mesour\ArrayManage\Searcher\Filter))
#6 [internal function]: Mesour\ArrayManage\Searcher\Filter->accept()
#7 B:\installer\laragon\www\kitakeren-web\vendor\mesour\array-manager\src\Searchers\Search.php(33): FilterIterator->rewind()
#8 B:\installer\laragon\www\kitakeren-web\vendor\mesour\array-manager\src\Searchers\Select.php(72): Mesour\ArrayManage\Searcher\Search->getResults()
#9 B:\installer\laragon\www\kitakeren-web\app\Controllers\Admin.php(78): Mesour\ArrayManage\Searcher\Select->fetchAll()
#10 B:\installer\laragon\www\kitakeren-web\vendor\codeigniter4\framework\system\CodeIgniter.php(918): App\Controllers\Admin->read_data('show', 'ajax-list-table', 'pagination')
#11 B:\installer\laragon\www\kitakeren-web\vendor\codeigniter4\framework\system\CodeIgniter.php(404): CodeIgniter\CodeIgniter->runController(Object(App\Controllers\Admin))
#12 B:\installer\laragon\www\kitakeren-web\vendor\codeigniter4\framework\system\CodeIgniter.php(312): CodeIgniter\CodeIgniter->handleRequest(NULL, Object(Config\Cache), false)
#13 B:\installer\laragon\www\kitakeren-web\public\index.php(45): CodeIgniter\CodeIgniter->run()
#14 {main}
CRITICAL - 2020-09-19 21:10:35 --> Array to string conversion
#0 B:\installer\laragon\www\kitakeren-web\vendor\mesour\array-manager\src\Searchers\Condition.php(72): CodeIgniter\Debug\Exceptions->errorHandler(8, 'Array to string...', 'B:\\installer\\la...', 72, Array)
#1 [internal function]: Mesour\ArrayManage\Searcher\Condition->matchEqual(Array, 'w', Array)
#2 B:\installer\laragon\www\kitakeren-web\vendor\mesour\array-manager\src\Searchers\Condition.php(57): call_user_func(Array, Array, 'w', Array)
#3 B:\installer\laragon\www\kitakeren-web\vendor\mesour\array-manager\src\Searchers\Filter.php(46): Mesour\ArrayManage\Searcher\Condition->match(Array, 'w', Array)
#4 B:\installer\laragon\www\kitakeren-web\vendor\mesour\array-manager\src\Searchers\Filter.php(67): Mesour\ArrayManage\Searcher\Filter->applyConditions(Array, Object(Mesour\ArrayManage\Searcher\Filter))
#5 [internal function]: Mesour\ArrayManage\Searcher\Filter->accept()
#6 B:\installer\laragon\www\kitakeren-web\vendor\mesour\array-manager\src\Searchers\Search.php(33): FilterIterator->rewind()
#7 B:\installer\laragon\www\kitakeren-web\vendor\mesour\array-manager\src\Searchers\Select.php(72): Mesour\ArrayManage\Searcher\Search->getResults()
#8 B:\installer\laragon\www\kitakeren-web\app\Controllers\Admin.php(82): Mesour\ArrayManage\Searcher\Select->fetchAll()
#9 B:\installer\laragon\www\kitakeren-web\vendor\codeigniter4\framework\system\CodeIgniter.php(918): App\Controllers\Admin->read_data('show', 'ajax-list-table', 'pagination')
#10 B:\installer\laragon\www\kitakeren-web\vendor\codeigniter4\framework\system\CodeIgniter.php(404): CodeIgniter\CodeIgniter->runController(Object(App\Controllers\Admin))
#11 B:\installer\laragon\www\kitakeren-web\vendor\codeigniter4\framework\system\CodeIgniter.php(312): CodeIgniter\CodeIgniter->handleRequest(NULL, Object(Config\Cache), false)
#12 B:\installer\laragon\www\kitakeren-web\public\index.php(45): CodeIgniter\CodeIgniter->run()
#13 {main}
CRITICAL - 2020-09-19 21:11:58 --> Argument 1 passed to Mesour\ArrayManager::__construct() must be of the type array, null given, called in B:\installer\laragon\www\kitakeren-web\app\Controllers\Admin.php on line 75
#0 B:\installer\laragon\www\kitakeren-web\app\Controllers\Admin.php(75): Mesour\ArrayManager->__construct(NULL)
#1 B:\installer\laragon\www\kitakeren-web\vendor\codeigniter4\framework\system\CodeIgniter.php(918): App\Controllers\Admin->read_data('show', 'ajax-list-table', 'pagination')
#2 B:\installer\laragon\www\kitakeren-web\vendor\codeigniter4\framework\system\CodeIgniter.php(404): CodeIgniter\CodeIgniter->runController(Object(App\Controllers\Admin))
#3 B:\installer\laragon\www\kitakeren-web\vendor\codeigniter4\framework\system\CodeIgniter.php(312): CodeIgniter\CodeIgniter->handleRequest(NULL, Object(Config\Cache), false)
#4 B:\installer\laragon\www\kitakeren-web\public\index.php(45): CodeIgniter\CodeIgniter->run()
#5 {main}
CRITICAL - 2020-09-19 21:12:29 --> Attempt to modify property 'nama_dashboard' of non-object
#0 B:\installer\laragon\www\kitakeren-web\app\Controllers\Admin.php(75): CodeIgniter\Debug\Exceptions->errorHandler(2, 'Attempt to modi...', 'B:\\installer\\la...', 75, Array)
#1 B:\installer\laragon\www\kitakeren-web\vendor\codeigniter4\framework\system\CodeIgniter.php(918): App\Controllers\Admin->read_data('show', 'ajax-list-table', 'pagination')
#2 B:\installer\laragon\www\kitakeren-web\vendor\codeigniter4\framework\system\CodeIgniter.php(404): CodeIgniter\CodeIgniter->runController(Object(App\Controllers\Admin))
#3 B:\installer\laragon\www\kitakeren-web\vendor\codeigniter4\framework\system\CodeIgniter.php(312): CodeIgniter\CodeIgniter->handleRequest(NULL, Object(Config\Cache), false)
#4 B:\installer\laragon\www\kitakeren-web\public\index.php(45): CodeIgniter\CodeIgniter->run()
#5 {main}
CRITICAL - 2020-09-19 21:13:39 --> Array must be two dimensional.
#0 B:\installer\laragon\www\kitakeren-web\vendor\mesour\array-manager\src\ArrayManager.php(22): Mesour\ArrayManage\Validator::validateArray(Array)
#1 B:\installer\laragon\www\kitakeren-web\app\Controllers\Admin.php(74): Mesour\ArrayManager->__construct(Array)
#2 B:\installer\laragon\www\kitakeren-web\vendor\codeigniter4\framework\system\CodeIgniter.php(918): App\Controllers\Admin->read_data('show', 'ajax-list-table', 'pagination')
#3 B:\installer\laragon\www\kitakeren-web\vendor\codeigniter4\framework\system\CodeIgniter.php(404): CodeIgniter\CodeIgniter->runController(Object(App\Controllers\Admin))
#4 B:\installer\laragon\www\kitakeren-web\vendor\codeigniter4\framework\system\CodeIgniter.php(312): CodeIgniter\CodeIgniter->handleRequest(NULL, Object(Config\Cache), false)
#5 B:\installer\laragon\www\kitakeren-web\public\index.php(45): CodeIgniter\CodeIgniter->run()
#6 {main}
CRITICAL - 2020-09-19 21:14:36 --> Array must be two dimensional.
#0 B:\installer\laragon\www\kitakeren-web\vendor\mesour\array-manager\src\ArrayManager.php(22): Mesour\ArrayManage\Validator::validateArray(Array)
#1 B:\installer\laragon\www\kitakeren-web\app\Controllers\Admin.php(76): Mesour\ArrayManager->__construct(Array)
#2 B:\installer\laragon\www\kitakeren-web\vendor\codeigniter4\framework\system\CodeIgniter.php(918): App\Controllers\Admin->read_data('show', 'ajax-list-table', 'pagination')
#3 B:\installer\laragon\www\kitakeren-web\vendor\codeigniter4\framework\system\CodeIgniter.php(404): CodeIgniter\CodeIgniter->runController(Object(App\Controllers\Admin))
#4 B:\installer\laragon\www\kitakeren-web\vendor\codeigniter4\framework\system\CodeIgniter.php(312): CodeIgniter\CodeIgniter->handleRequest(NULL, Object(Config\Cache), false)
#5 B:\installer\laragon\www\kitakeren-web\public\index.php(45): CodeIgniter\CodeIgniter->run()
#6 {main}
CRITICAL - 2020-09-19 21:14:39 --> Array must be two dimensional.
#0 B:\installer\laragon\www\kitakeren-web\vendor\mesour\array-manager\src\ArrayManager.php(22): Mesour\ArrayManage\Validator::validateArray(Array)
#1 B:\installer\laragon\www\kitakeren-web\app\Controllers\Admin.php(76): Mesour\ArrayManager->__construct(Array)
#2 B:\installer\laragon\www\kitakeren-web\vendor\codeigniter4\framework\system\CodeIgniter.php(918): App\Controllers\Admin->read_data('show', 'ajax-list-table', 'pagination')
#3 B:\installer\laragon\www\kitakeren-web\vendor\codeigniter4\framework\system\CodeIgniter.php(404): CodeIgniter\CodeIgniter->runController(Object(App\Controllers\Admin))
#4 B:\installer\laragon\www\kitakeren-web\vendor\codeigniter4\framework\system\CodeIgniter.php(312): CodeIgniter\CodeIgniter->handleRequest(NULL, Object(Config\Cache), false)
#5 B:\installer\laragon\www\kitakeren-web\public\index.php(45): CodeIgniter\CodeIgniter->run()
#6 {main}
CRITICAL - 2020-09-19 21:16:33 --> Array must be two dimensional.
#0 B:\installer\laragon\www\kitakeren-web\vendor\mesour\array-manager\src\ArrayManager.php(22): Mesour\ArrayManage\Validator::validateArray(Array)
#1 B:\installer\laragon\www\kitakeren-web\app\Controllers\Admin.php(76): Mesour\ArrayManager->__construct(Array)
#2 B:\installer\laragon\www\kitakeren-web\vendor\codeigniter4\framework\system\CodeIgniter.php(918): App\Controllers\Admin->read_data('show', 'ajax-list-table', 'pagination')
#3 B:\installer\laragon\www\kitakeren-web\vendor\codeigniter4\framework\system\CodeIgniter.php(404): CodeIgniter\CodeIgniter->runController(Object(App\Controllers\Admin))
#4 B:\installer\laragon\www\kitakeren-web\vendor\codeigniter4\framework\system\CodeIgniter.php(312): CodeIgniter\CodeIgniter->handleRequest(NULL, Object(Config\Cache), false)
#5 B:\installer\laragon\www\kitakeren-web\public\index.php(45): CodeIgniter\CodeIgniter->run()
#6 {main}
CRITICAL - 2020-09-19 21:17:25 --> Array must be two dimensional.
#0 B:\installer\laragon\www\kitakeren-web\vendor\mesour\array-manager\src\ArrayManager.php(22): Mesour\ArrayManage\Validator::validateArray(Array)
#1 B:\installer\laragon\www\kitakeren-web\app\Controllers\Admin.php(77): Mesour\ArrayManager->__construct(Array)
#2 B:\installer\laragon\www\kitakeren-web\vendor\codeigniter4\framework\system\CodeIgniter.php(918): App\Controllers\Admin->read_data('show', 'ajax-list-table', 'pagination')
#3 B:\installer\laragon\www\kitakeren-web\vendor\codeigniter4\framework\system\CodeIgniter.php(404): CodeIgniter\CodeIgniter->runController(Object(App\Controllers\Admin))
#4 B:\installer\laragon\www\kitakeren-web\vendor\codeigniter4\framework\system\CodeIgniter.php(312): CodeIgniter\CodeIgniter->handleRequest(NULL, Object(Config\Cache), false)
#5 B:\installer\laragon\www\kitakeren-web\public\index.php(45): CodeIgniter\CodeIgniter->run()
#6 {main}
CRITICAL - 2020-09-19 21:17:46 --> Array must be two dimensional.
#0 B:\installer\laragon\www\kitakeren-web\vendor\mesour\array-manager\src\ArrayManager.php(22): Mesour\ArrayManage\Validator::validateArray(Array)
#1 B:\installer\laragon\www\kitakeren-web\app\Controllers\Admin.php(77): Mesour\ArrayManager->__construct(Array)
#2 B:\installer\laragon\www\kitakeren-web\vendor\codeigniter4\framework\system\CodeIgniter.php(918): App\Controllers\Admin->read_data('show', 'ajax-list-table', 'pagination')
#3 B:\installer\laragon\www\kitakeren-web\vendor\codeigniter4\framework\system\CodeIgniter.php(404): CodeIgniter\CodeIgniter->runController(Object(App\Controllers\Admin))
#4 B:\installer\laragon\www\kitakeren-web\vendor\codeigniter4\framework\system\CodeIgniter.php(312): CodeIgniter\CodeIgniter->handleRequest(NULL, Object(Config\Cache), false)
#5 B:\installer\laragon\www\kitakeren-web\public\index.php(45): CodeIgniter\CodeIgniter->run()
#6 {main}
CRITICAL - 2020-09-19 21:18:10 --> Cannot pass parameter 1 by reference
#0 B:\installer\laragon\www\kitakeren-web\vendor\codeigniter4\framework\system\CodeIgniter.php(918): App\Controllers\Admin->read_data('show', 'ajax-list-table', 'pagination')
#1 B:\installer\laragon\www\kitakeren-web\vendor\codeigniter4\framework\system\CodeIgniter.php(404): CodeIgniter\CodeIgniter->runController(Object(App\Controllers\Admin))
#2 B:\installer\laragon\www\kitakeren-web\vendor\codeigniter4\framework\system\CodeIgniter.php(312): CodeIgniter\CodeIgniter->handleRequest(NULL, Object(Config\Cache), false)
#3 B:\installer\laragon\www\kitakeren-web\public\index.php(45): CodeIgniter\CodeIgniter->run()
#4 {main}
CRITICAL - 2020-09-19 21:18:36 --> Array must be two dimensional.
#0 B:\installer\laragon\www\kitakeren-web\vendor\mesour\array-manager\src\ArrayManager.php(22): Mesour\ArrayManage\Validator::validateArray(Array)
#1 B:\installer\laragon\www\kitakeren-web\app\Controllers\Admin.php(77): Mesour\ArrayManager->__construct(Array)
#2 B:\installer\laragon\www\kitakeren-web\vendor\codeigniter4\framework\system\CodeIgniter.php(918): App\Controllers\Admin->read_data('show', 'ajax-list-table', 'pagination')
#3 B:\installer\laragon\www\kitakeren-web\vendor\codeigniter4\framework\system\CodeIgniter.php(404): CodeIgniter\CodeIgniter->runController(Object(App\Controllers\Admin))
#4 B:\installer\laragon\www\kitakeren-web\vendor\codeigniter4\framework\system\CodeIgniter.php(312): CodeIgniter\CodeIgniter->handleRequest(NULL, Object(Config\Cache), false)
#5 B:\installer\laragon\www\kitakeren-web\public\index.php(45): CodeIgniter\CodeIgniter->run()
#6 {main}
CRITICAL - 2020-09-19 21:18:59 --> Unknown column ind in managed array.
#0 B:\installer\laragon\www\kitakeren-web\vendor\mesour\array-manager\src\Searchers\Filter.php(45): Mesour\ArrayManage\Validator::validateUnknownColumns(Array, Array)
#1 B:\installer\laragon\www\kitakeren-web\vendor\mesour\array-manager\src\Searchers\Filter.php(67): Mesour\ArrayManage\Searcher\Filter->applyConditions(Array, Object(Mesour\ArrayManage\Searcher\Filter))
#2 [internal function]: Mesour\ArrayManage\Searcher\Filter->accept()
#3 B:\installer\laragon\www\kitakeren-web\vendor\mesour\array-manager\src\Searchers\Search.php(33): FilterIterator->rewind()
#4 B:\installer\laragon\www\kitakeren-web\vendor\mesour\array-manager\src\Searchers\Select.php(72): Mesour\ArrayManage\Searcher\Search->getResults()
#5 B:\installer\laragon\www\kitakeren-web\vendor\mesour\array-manager\src\Searchers\Select.php(80): Mesour\ArrayManage\Searcher\Select->fetchAll()
#6 B:\installer\laragon\www\kitakeren-web\app\Controllers\Admin.php(84): Mesour\ArrayManage\Searcher\Select->fetch()
#7 B:\installer\laragon\www\kitakeren-web\vendor\codeigniter4\framework\system\CodeIgniter.php(918): App\Controllers\Admin->read_data('show', 'ajax-list-table', 'pagination')
#8 B:\installer\laragon\www\kitakeren-web\vendor\codeigniter4\framework\system\CodeIgniter.php(404): CodeIgniter\CodeIgniter->runController(Object(App\Controllers\Admin))
#9 B:\installer\laragon\www\kitakeren-web\vendor\codeigniter4\framework\system\CodeIgniter.php(312): CodeIgniter\CodeIgniter->handleRequest(NULL, Object(Config\Cache), false)
#10 B:\installer\laragon\www\kitakeren-web\public\index.php(45): CodeIgniter\CodeIgniter->run()
#11 {main}
CRITICAL - 2020-09-19 21:19:00 --> Unknown column ind in managed array.
#0 B:\installer\laragon\www\kitakeren-web\vendor\mesour\array-manager\src\Searchers\Filter.php(45): Mesour\ArrayManage\Validator::validateUnknownColumns(Array, Array)
#1 B:\installer\laragon\www\kitakeren-web\vendor\mesour\array-manager\src\Searchers\Filter.php(67): Mesour\ArrayManage\Searcher\Filter->applyConditions(Array, Object(Mesour\ArrayManage\Searcher\Filter))
#2 [internal function]: Mesour\ArrayManage\Searcher\Filter->accept()
#3 B:\installer\laragon\www\kitakeren-web\vendor\mesour\array-manager\src\Searchers\Search.php(33): FilterIterator->rewind()
#4 B:\installer\laragon\www\kitakeren-web\vendor\mesour\array-manager\src\Searchers\Select.php(72): Mesour\ArrayManage\Searcher\Search->getResults()
#5 B:\installer\laragon\www\kitakeren-web\vendor\mesour\array-manager\src\Searchers\Select.php(80): Mesour\ArrayManage\Searcher\Select->fetchAll()
#6 B:\installer\laragon\www\kitakeren-web\app\Controllers\Admin.php(84): Mesour\ArrayManage\Searcher\Select->fetch()
#7 B:\installer\laragon\www\kitakeren-web\vendor\codeigniter4\framework\system\CodeIgniter.php(918): App\Controllers\Admin->read_data('show', 'ajax-list-table', 'pagination')
#8 B:\installer\laragon\www\kitakeren-web\vendor\codeigniter4\framework\system\CodeIgniter.php(404): CodeIgniter\CodeIgniter->runController(Object(App\Controllers\Admin))
#9 B:\installer\laragon\www\kitakeren-web\vendor\codeigniter4\framework\system\CodeIgniter.php(312): CodeIgniter\CodeIgniter->handleRequest(NULL, Object(Config\Cache), false)
#10 B:\installer\laragon\www\kitakeren-web\public\index.php(45): CodeIgniter\CodeIgniter->run()
#11 {main}
CRITICAL - 2020-09-19 21:20:02 --> Array to string conversion
#0 B:\installer\laragon\www\kitakeren-web\vendor\mesour\array-manager\src\Searchers\Condition.php(72): CodeIgniter\Debug\Exceptions->errorHandler(8, 'Array to string...', 'B:\\installer\\la...', 72, Array)
#1 [internal function]: Mesour\ArrayManage\Searcher\Condition->matchEqual(Array, 'w', Array)
#2 B:\installer\laragon\www\kitakeren-web\vendor\mesour\array-manager\src\Searchers\Condition.php(57): call_user_func(Array, Array, 'w', Array)
#3 B:\installer\laragon\www\kitakeren-web\vendor\mesour\array-manager\src\Searchers\Filter.php(46): Mesour\ArrayManage\Searcher\Condition->match(Array, 'w', Array)
#4 B:\installer\laragon\www\kitakeren-web\vendor\mesour\array-manager\src\Searchers\Filter.php(67): Mesour\ArrayManage\Searcher\Filter->applyConditions(Array, Object(Mesour\ArrayManage\Searcher\Filter))
#5 [internal function]: Mesour\ArrayManage\Searcher\Filter->accept()
#6 B:\installer\laragon\www\kitakeren-web\vendor\mesour\array-manager\src\Searchers\Search.php(33): FilterIterator->rewind()
#7 B:\installer\laragon\www\kitakeren-web\vendor\mesour\array-manager\src\Searchers\Select.php(72): Mesour\ArrayManage\Searcher\Search->getResults()
#8 B:\installer\laragon\www\kitakeren-web\vendor\mesour\array-manager\src\Searchers\Select.php(80): Mesour\ArrayManage\Searcher\Select->fetchAll()
#9 B:\installer\laragon\www\kitakeren-web\app\Controllers\Admin.php(82): Mesour\ArrayManage\Searcher\Select->fetch()
#10 B:\installer\laragon\www\kitakeren-web\vendor\codeigniter4\framework\system\CodeIgniter.php(918): App\Controllers\Admin->read_data('show', 'ajax-list-table', 'pagination')
#11 B:\installer\laragon\www\kitakeren-web\vendor\codeigniter4\framework\system\CodeIgniter.php(404): CodeIgniter\CodeIgniter->runController(Object(App\Controllers\Admin))
#12 B:\installer\laragon\www\kitakeren-web\vendor\codeigniter4\framework\system\CodeIgniter.php(312): CodeIgniter\CodeIgniter->handleRequest(NULL, Object(Config\Cache), false)
#13 B:\installer\laragon\www\kitakeren-web\public\index.php(45): CodeIgniter\CodeIgniter->run()
#14 {main}
CRITICAL - 2020-09-19 21:22:16 --> Argument 1 passed to Mesour\ArrayManager::__construct() must be of the type array, string given, called in B:\installer\laragon\www\kitakeren-web\app\Controllers\Admin.php on line 74
#0 B:\installer\laragon\www\kitakeren-web\app\Controllers\Admin.php(74): Mesour\ArrayManager->__construct('YToyOntzOjM6Iml...')
#1 B:\installer\laragon\www\kitakeren-web\vendor\codeigniter4\framework\system\CodeIgniter.php(918): App\Controllers\Admin->read_data('show', 'ajax-list-table', 'pagination')
#2 B:\installer\laragon\www\kitakeren-web\vendor\codeigniter4\framework\system\CodeIgniter.php(404): CodeIgniter\CodeIgniter->runController(Object(App\Controllers\Admin))
#3 B:\installer\laragon\www\kitakeren-web\vendor\codeigniter4\framework\system\CodeIgniter.php(312): CodeIgniter\CodeIgniter->handleRequest(NULL, Object(Config\Cache), false)
#4 B:\installer\laragon\www\kitakeren-web\public\index.php(45): CodeIgniter\CodeIgniter->run()
#5 {main}
CRITICAL - 2020-09-19 21:23:27 --> Array to string conversion
#0 B:\installer\laragon\www\kitakeren-web\vendor\mesour\array-manager\src\Searchers\Condition.php(72): CodeIgniter\Debug\Exceptions->errorHandler(8, 'Array to string...', 'B:\\installer\\la...', 72, Array)
#1 [internal function]: Mesour\ArrayManage\Searcher\Condition->matchEqual(Array, Array, Array)
#2 B:\installer\laragon\www\kitakeren-web\vendor\mesour\array-manager\src\Searchers\Condition.php(57): call_user_func(Array, Array, Array, Array)
#3 B:\installer\laragon\www\kitakeren-web\vendor\mesour\array-manager\src\Searchers\Filter.php(46): Mesour\ArrayManage\Searcher\Condition->match(Array, Array, Array)
#4 B:\installer\laragon\www\kitakeren-web\vendor\mesour\array-manager\src\Searchers\Filter.php(67): Mesour\ArrayManage\Searcher\Filter->applyConditions(Array, Object(Mesour\ArrayManage\Searcher\Filter))
#5 [internal function]: Mesour\ArrayManage\Searcher\Filter->accept()
#6 B:\installer\laragon\www\kitakeren-web\vendor\mesour\array-manager\src\Searchers\Search.php(33): FilterIterator->rewind()
#7 B:\installer\laragon\www\kitakeren-web\vendor\mesour\array-manager\src\Searchers\Select.php(72): Mesour\ArrayManage\Searcher\Search->getResults()
#8 B:\installer\laragon\www\kitakeren-web\vendor\mesour\array-manager\src\Searchers\Select.php(80): Mesour\ArrayManage\Searcher\Select->fetchAll()
#9 B:\installer\laragon\www\kitakeren-web\app\Controllers\Admin.php(82): Mesour\ArrayManage\Searcher\Select->fetch()
#10 B:\installer\laragon\www\kitakeren-web\vendor\codeigniter4\framework\system\CodeIgniter.php(918): App\Controllers\Admin->read_data('show', 'ajax-list-table', 'pagination')
#11 B:\installer\laragon\www\kitakeren-web\vendor\codeigniter4\framework\system\CodeIgniter.php(404): CodeIgniter\CodeIgniter->runController(Object(App\Controllers\Admin))
#12 B:\installer\laragon\www\kitakeren-web\vendor\codeigniter4\framework\system\CodeIgniter.php(312): CodeIgniter\CodeIgniter->handleRequest(NULL, Object(Config\Cache), false)
#13 B:\installer\laragon\www\kitakeren-web\public\index.php(45): CodeIgniter\CodeIgniter->run()
#14 {main}
