CRITICAL - 2020-09-15 01:35:20 --> require(vendor/autoload.php): failed to open stream: No such file or directory
#0 B:\installer\laragon\www\kitakeren-web\app\Controllers\BaseController.php(21): CodeIgniter\Debug\Exceptions->errorHandler(2, 'require(vendor/...', 'B:\\installer\\la...', 21, Array)
#1 B:\installer\laragon\www\kitakeren-web\app\Controllers\BaseController.php(21): require()
#2 B:\installer\laragon\www\kitakeren-web\vendor\codeigniter4\framework\system\Autoloader\Autoloader.php(365): require_once('B:\\installer\\la...')
#3 B:\installer\laragon\www\kitakeren-web\vendor\codeigniter4\framework\system\Autoloader\Autoloader.php(296): CodeIgniter\Autoloader\Autoloader->requireFile('B:\\installer\\la...')
#4 B:\installer\laragon\www\kitakeren-web\vendor\codeigniter4\framework\system\Autoloader\Autoloader.php(258): CodeIgniter\Autoloader\Autoloader->loadInNamespace('App\\Controllers...')
#5 [internal function]: CodeIgniter\Autoloader\Autoloader->loadClass('App\\Controllers...')
#6 B:\installer\laragon\www\kitakeren-web\app\Controllers\Home.php(9): spl_autoload_call('App\\Controllers...')
#7 B:\installer\laragon\www\kitakeren-web\vendor\codeigniter4\framework\system\Autoloader\Autoloader.php(365): require_once('B:\\installer\\la...')
#8 B:\installer\laragon\www\kitakeren-web\vendor\codeigniter4\framework\system\Autoloader\Autoloader.php(296): CodeIgniter\Autoloader\Autoloader->requireFile('B:\\installer\\la...')
#9 B:\installer\laragon\www\kitakeren-web\vendor\codeigniter4\framework\system\Autoloader\Autoloader.php(258): CodeIgniter\Autoloader\Autoloader->loadInNamespace('App\\Controllers...')
#10 [internal function]: CodeIgniter\Autoloader\Autoloader->loadClass('App\\Controllers...')
#11 [internal function]: spl_autoload_call('App\\Controllers...')
#12 B:\installer\laragon\www\kitakeren-web\vendor\codeigniter4\framework\system\CodeIgniter.php(869): class_exists('\\App\\Controller...', true)
#13 B:\installer\laragon\www\kitakeren-web\vendor\codeigniter4\framework\system\CodeIgniter.php(394): CodeIgniter\CodeIgniter->startController()
#14 B:\installer\laragon\www\kitakeren-web\vendor\codeigniter4\framework\system\CodeIgniter.php(312): CodeIgniter\CodeIgniter->handleRequest(NULL, Object(Config\Cache), false)
#15 B:\installer\laragon\www\kitakeren-web\public\index.php(45): CodeIgniter\CodeIgniter->run()
#16 {main}
CRITICAL - 2020-09-15 01:36:18 --> require(vendor/autoload.php): failed to open stream: No such file or directory
#0 B:\installer\laragon\www\kitakeren-web\app\Controllers\BaseController.php(21): CodeIgniter\Debug\Exceptions->errorHandler(2, 'require(vendor/...', 'B:\\installer\\la...', 21, Array)
#1 B:\installer\laragon\www\kitakeren-web\app\Controllers\BaseController.php(21): require()
#2 B:\installer\laragon\www\kitakeren-web\vendor\codeigniter4\framework\system\Autoloader\Autoloader.php(365): require_once('B:\\installer\\la...')
#3 B:\installer\laragon\www\kitakeren-web\vendor\codeigniter4\framework\system\Autoloader\Autoloader.php(296): CodeIgniter\Autoloader\Autoloader->requireFile('B:\\installer\\la...')
#4 B:\installer\laragon\www\kitakeren-web\vendor\codeigniter4\framework\system\Autoloader\Autoloader.php(258): CodeIgniter\Autoloader\Autoloader->loadInNamespace('App\\Controllers...')
#5 [internal function]: CodeIgniter\Autoloader\Autoloader->loadClass('App\\Controllers...')
#6 B:\installer\laragon\www\kitakeren-web\app\Controllers\Home.php(9): spl_autoload_call('App\\Controllers...')
#7 B:\installer\laragon\www\kitakeren-web\vendor\codeigniter4\framework\system\Autoloader\Autoloader.php(365): require_once('B:\\installer\\la...')
#8 B:\installer\laragon\www\kitakeren-web\vendor\codeigniter4\framework\system\Autoloader\Autoloader.php(296): CodeIgniter\Autoloader\Autoloader->requireFile('B:\\installer\\la...')
#9 B:\installer\laragon\www\kitakeren-web\vendor\codeigniter4\framework\system\Autoloader\Autoloader.php(258): CodeIgniter\Autoloader\Autoloader->loadInNamespace('App\\Controllers...')
#10 [internal function]: CodeIgniter\Autoloader\Autoloader->loadClass('App\\Controllers...')
#11 [internal function]: spl_autoload_call('App\\Controllers...')
#12 B:\installer\laragon\www\kitakeren-web\vendor\codeigniter4\framework\system\CodeIgniter.php(869): class_exists('\\App\\Controller...', true)
#13 B:\installer\laragon\www\kitakeren-web\vendor\codeigniter4\framework\system\CodeIgniter.php(394): CodeIgniter\CodeIgniter->startController()
#14 B:\installer\laragon\www\kitakeren-web\vendor\codeigniter4\framework\system\CodeIgniter.php(312): CodeIgniter\CodeIgniter->handleRequest(NULL, Object(Config\Cache), false)
#15 B:\installer\laragon\www\kitakeren-web\public\index.php(45): CodeIgniter\CodeIgniter->run()
#16 {main}
CRITICAL - 2020-09-15 01:36:20 --> require(vendor/autoload.php): failed to open stream: No such file or directory
#0 B:\installer\laragon\www\kitakeren-web\app\Controllers\BaseController.php(21): CodeIgniter\Debug\Exceptions->errorHandler(2, 'require(vendor/...', 'B:\\installer\\la...', 21, Array)
#1 B:\installer\laragon\www\kitakeren-web\app\Controllers\BaseController.php(21): require()
#2 B:\installer\laragon\www\kitakeren-web\vendor\codeigniter4\framework\system\Autoloader\Autoloader.php(365): require_once('B:\\installer\\la...')
#3 B:\installer\laragon\www\kitakeren-web\vendor\codeigniter4\framework\system\Autoloader\Autoloader.php(296): CodeIgniter\Autoloader\Autoloader->requireFile('B:\\installer\\la...')
#4 B:\installer\laragon\www\kitakeren-web\vendor\codeigniter4\framework\system\Autoloader\Autoloader.php(258): CodeIgniter\Autoloader\Autoloader->loadInNamespace('App\\Controllers...')
#5 [internal function]: CodeIgniter\Autoloader\Autoloader->loadClass('App\\Controllers...')
#6 B:\installer\laragon\www\kitakeren-web\app\Controllers\Home.php(9): spl_autoload_call('App\\Controllers...')
#7 B:\installer\laragon\www\kitakeren-web\vendor\codeigniter4\framework\system\Autoloader\Autoloader.php(365): require_once('B:\\installer\\la...')
#8 B:\installer\laragon\www\kitakeren-web\vendor\codeigniter4\framework\system\Autoloader\Autoloader.php(296): CodeIgniter\Autoloader\Autoloader->requireFile('B:\\installer\\la...')
#9 B:\installer\laragon\www\kitakeren-web\vendor\codeigniter4\framework\system\Autoloader\Autoloader.php(258): CodeIgniter\Autoloader\Autoloader->loadInNamespace('App\\Controllers...')
#10 [internal function]: CodeIgniter\Autoloader\Autoloader->loadClass('App\\Controllers...')
#11 [internal function]: spl_autoload_call('App\\Controllers...')
#12 B:\installer\laragon\www\kitakeren-web\vendor\codeigniter4\framework\system\CodeIgniter.php(869): class_exists('\\App\\Controller...', true)
#13 B:\installer\laragon\www\kitakeren-web\vendor\codeigniter4\framework\system\CodeIgniter.php(394): CodeIgniter\CodeIgniter->startController()
#14 B:\installer\laragon\www\kitakeren-web\vendor\codeigniter4\framework\system\CodeIgniter.php(312): CodeIgniter\CodeIgniter->handleRequest(NULL, Object(Config\Cache), false)
#15 B:\installer\laragon\www\kitakeren-web\public\index.php(45): CodeIgniter\CodeIgniter->run()
#16 {main}
CRITICAL - 2020-09-15 01:36:22 --> require(vendor/autoload.php): failed to open stream: No such file or directory
#0 B:\installer\laragon\www\kitakeren-web\app\Controllers\BaseController.php(21): CodeIgniter\Debug\Exceptions->errorHandler(2, 'require(vendor/...', 'B:\\installer\\la...', 21, Array)
#1 B:\installer\laragon\www\kitakeren-web\app\Controllers\BaseController.php(21): require()
#2 B:\installer\laragon\www\kitakeren-web\vendor\codeigniter4\framework\system\Autoloader\Autoloader.php(365): require_once('B:\\installer\\la...')
#3 B:\installer\laragon\www\kitakeren-web\vendor\codeigniter4\framework\system\Autoloader\Autoloader.php(296): CodeIgniter\Autoloader\Autoloader->requireFile('B:\\installer\\la...')
#4 B:\installer\laragon\www\kitakeren-web\vendor\codeigniter4\framework\system\Autoloader\Autoloader.php(258): CodeIgniter\Autoloader\Autoloader->loadInNamespace('App\\Controllers...')
#5 [internal function]: CodeIgniter\Autoloader\Autoloader->loadClass('App\\Controllers...')
#6 B:\installer\laragon\www\kitakeren-web\app\Controllers\Home.php(9): spl_autoload_call('App\\Controllers...')
#7 B:\installer\laragon\www\kitakeren-web\vendor\codeigniter4\framework\system\Autoloader\Autoloader.php(365): require_once('B:\\installer\\la...')
#8 B:\installer\laragon\www\kitakeren-web\vendor\codeigniter4\framework\system\Autoloader\Autoloader.php(296): CodeIgniter\Autoloader\Autoloader->requireFile('B:\\installer\\la...')
#9 B:\installer\laragon\www\kitakeren-web\vendor\codeigniter4\framework\system\Autoloader\Autoloader.php(258): CodeIgniter\Autoloader\Autoloader->loadInNamespace('App\\Controllers...')
#10 [internal function]: CodeIgniter\Autoloader\Autoloader->loadClass('App\\Controllers...')
#11 [internal function]: spl_autoload_call('App\\Controllers...')
#12 B:\installer\laragon\www\kitakeren-web\vendor\codeigniter4\framework\system\CodeIgniter.php(869): class_exists('\\App\\Controller...', true)
#13 B:\installer\laragon\www\kitakeren-web\vendor\codeigniter4\framework\system\CodeIgniter.php(394): CodeIgniter\CodeIgniter->startController()
#14 B:\installer\laragon\www\kitakeren-web\vendor\codeigniter4\framework\system\CodeIgniter.php(312): CodeIgniter\CodeIgniter->handleRequest(NULL, Object(Config\Cache), false)
#15 B:\installer\laragon\www\kitakeren-web\public\index.php(45): CodeIgniter\CodeIgniter->run()
#16 {main}
CRITICAL - 2020-09-15 01:36:32 --> require(vendor/autoload.php): failed to open stream: No such file or directory
#0 B:\installer\laragon\www\kitakeren-web\app\Controllers\BaseController.php(21): CodeIgniter\Debug\Exceptions->errorHandler(2, 'require(vendor/...', 'B:\\installer\\la...', 21, Array)
#1 B:\installer\laragon\www\kitakeren-web\app\Controllers\BaseController.php(21): require()
#2 B:\installer\laragon\www\kitakeren-web\vendor\codeigniter4\framework\system\Autoloader\Autoloader.php(365): require_once('B:\\installer\\la...')
#3 B:\installer\laragon\www\kitakeren-web\vendor\codeigniter4\framework\system\Autoloader\Autoloader.php(296): CodeIgniter\Autoloader\Autoloader->requireFile('B:\\installer\\la...')
#4 B:\installer\laragon\www\kitakeren-web\vendor\codeigniter4\framework\system\Autoloader\Autoloader.php(258): CodeIgniter\Autoloader\Autoloader->loadInNamespace('App\\Controllers...')
#5 [internal function]: CodeIgniter\Autoloader\Autoloader->loadClass('App\\Controllers...')
#6 B:\installer\laragon\www\kitakeren-web\app\Controllers\Home.php(9): spl_autoload_call('App\\Controllers...')
#7 B:\installer\laragon\www\kitakeren-web\vendor\codeigniter4\framework\system\Autoloader\Autoloader.php(365): require_once('B:\\installer\\la...')
#8 B:\installer\laragon\www\kitakeren-web\vendor\codeigniter4\framework\system\Autoloader\Autoloader.php(296): CodeIgniter\Autoloader\Autoloader->requireFile('B:\\installer\\la...')
#9 B:\installer\laragon\www\kitakeren-web\vendor\codeigniter4\framework\system\Autoloader\Autoloader.php(258): CodeIgniter\Autoloader\Autoloader->loadInNamespace('App\\Controllers...')
#10 [internal function]: CodeIgniter\Autoloader\Autoloader->loadClass('App\\Controllers...')
#11 [internal function]: spl_autoload_call('App\\Controllers...')
#12 B:\installer\laragon\www\kitakeren-web\vendor\codeigniter4\framework\system\CodeIgniter.php(869): class_exists('\\App\\Controller...', true)
#13 B:\installer\laragon\www\kitakeren-web\vendor\codeigniter4\framework\system\CodeIgniter.php(394): CodeIgniter\CodeIgniter->startController()
#14 B:\installer\laragon\www\kitakeren-web\vendor\codeigniter4\framework\system\CodeIgniter.php(312): CodeIgniter\CodeIgniter->handleRequest(NULL, Object(Config\Cache), false)
#15 B:\installer\laragon\www\kitakeren-web\public\index.php(45): CodeIgniter\CodeIgniter->run()
#16 {main}
CRITICAL - 2020-09-15 01:36:33 --> require(vendor/autoload.php): failed to open stream: No such file or directory
#0 B:\installer\laragon\www\kitakeren-web\app\Controllers\BaseController.php(21): CodeIgniter\Debug\Exceptions->errorHandler(2, 'require(vendor/...', 'B:\\installer\\la...', 21, Array)
#1 B:\installer\laragon\www\kitakeren-web\app\Controllers\BaseController.php(21): require()
#2 B:\installer\laragon\www\kitakeren-web\vendor\codeigniter4\framework\system\Autoloader\Autoloader.php(365): require_once('B:\\installer\\la...')
#3 B:\installer\laragon\www\kitakeren-web\vendor\codeigniter4\framework\system\Autoloader\Autoloader.php(296): CodeIgniter\Autoloader\Autoloader->requireFile('B:\\installer\\la...')
#4 B:\installer\laragon\www\kitakeren-web\vendor\codeigniter4\framework\system\Autoloader\Autoloader.php(258): CodeIgniter\Autoloader\Autoloader->loadInNamespace('App\\Controllers...')
#5 [internal function]: CodeIgniter\Autoloader\Autoloader->loadClass('App\\Controllers...')
#6 B:\installer\laragon\www\kitakeren-web\app\Controllers\Home.php(9): spl_autoload_call('App\\Controllers...')
#7 B:\installer\laragon\www\kitakeren-web\vendor\codeigniter4\framework\system\Autoloader\Autoloader.php(365): require_once('B:\\installer\\la...')
#8 B:\installer\laragon\www\kitakeren-web\vendor\codeigniter4\framework\system\Autoloader\Autoloader.php(296): CodeIgniter\Autoloader\Autoloader->requireFile('B:\\installer\\la...')
#9 B:\installer\laragon\www\kitakeren-web\vendor\codeigniter4\framework\system\Autoloader\Autoloader.php(258): CodeIgniter\Autoloader\Autoloader->loadInNamespace('App\\Controllers...')
#10 [internal function]: CodeIgniter\Autoloader\Autoloader->loadClass('App\\Controllers...')
#11 [internal function]: spl_autoload_call('App\\Controllers...')
#12 B:\installer\laragon\www\kitakeren-web\vendor\codeigniter4\framework\system\CodeIgniter.php(869): class_exists('\\App\\Controller...', true)
#13 B:\installer\laragon\www\kitakeren-web\vendor\codeigniter4\framework\system\CodeIgniter.php(394): CodeIgniter\CodeIgniter->startController()
#14 B:\installer\laragon\www\kitakeren-web\vendor\codeigniter4\framework\system\CodeIgniter.php(312): CodeIgniter\CodeIgniter->handleRequest(NULL, Object(Config\Cache), false)
#15 B:\installer\laragon\www\kitakeren-web\public\index.php(45): CodeIgniter\CodeIgniter->run()
#16 {main}
CRITICAL - 2020-09-15 01:36:34 --> require(vendor/autoload.php): failed to open stream: No such file or directory
#0 B:\installer\laragon\www\kitakeren-web\app\Controllers\BaseController.php(21): CodeIgniter\Debug\Exceptions->errorHandler(2, 'require(vendor/...', 'B:\\installer\\la...', 21, Array)
#1 B:\installer\laragon\www\kitakeren-web\app\Controllers\BaseController.php(21): require()
#2 B:\installer\laragon\www\kitakeren-web\vendor\codeigniter4\framework\system\Autoloader\Autoloader.php(365): require_once('B:\\installer\\la...')
#3 B:\installer\laragon\www\kitakeren-web\vendor\codeigniter4\framework\system\Autoloader\Autoloader.php(296): CodeIgniter\Autoloader\Autoloader->requireFile('B:\\installer\\la...')
#4 B:\installer\laragon\www\kitakeren-web\vendor\codeigniter4\framework\system\Autoloader\Autoloader.php(258): CodeIgniter\Autoloader\Autoloader->loadInNamespace('App\\Controllers...')
#5 [internal function]: CodeIgniter\Autoloader\Autoloader->loadClass('App\\Controllers...')
#6 B:\installer\laragon\www\kitakeren-web\app\Controllers\Home.php(9): spl_autoload_call('App\\Controllers...')
#7 B:\installer\laragon\www\kitakeren-web\vendor\codeigniter4\framework\system\Autoloader\Autoloader.php(365): require_once('B:\\installer\\la...')
#8 B:\installer\laragon\www\kitakeren-web\vendor\codeigniter4\framework\system\Autoloader\Autoloader.php(296): CodeIgniter\Autoloader\Autoloader->requireFile('B:\\installer\\la...')
#9 B:\installer\laragon\www\kitakeren-web\vendor\codeigniter4\framework\system\Autoloader\Autoloader.php(258): CodeIgniter\Autoloader\Autoloader->loadInNamespace('App\\Controllers...')
#10 [internal function]: CodeIgniter\Autoloader\Autoloader->loadClass('App\\Controllers...')
#11 [internal function]: spl_autoload_call('App\\Controllers...')
#12 B:\installer\laragon\www\kitakeren-web\vendor\codeigniter4\framework\system\CodeIgniter.php(869): class_exists('\\App\\Controller...', true)
#13 B:\installer\laragon\www\kitakeren-web\vendor\codeigniter4\framework\system\CodeIgniter.php(394): CodeIgniter\CodeIgniter->startController()
#14 B:\installer\laragon\www\kitakeren-web\vendor\codeigniter4\framework\system\CodeIgniter.php(312): CodeIgniter\CodeIgniter->handleRequest(NULL, Object(Config\Cache), false)
#15 B:\installer\laragon\www\kitakeren-web\public\index.php(45): CodeIgniter\CodeIgniter->run()
#16 {main}
CRITICAL - 2020-09-15 01:36:37 --> require(vendor/autoload.php): failed to open stream: No such file or directory
#0 B:\installer\laragon\www\kitakeren-web\app\Controllers\BaseController.php(21): CodeIgniter\Debug\Exceptions->errorHandler(2, 'require(vendor/...', 'B:\\installer\\la...', 21, Array)
#1 B:\installer\laragon\www\kitakeren-web\app\Controllers\BaseController.php(21): require()
#2 B:\installer\laragon\www\kitakeren-web\vendor\codeigniter4\framework\system\Autoloader\Autoloader.php(365): require_once('B:\\installer\\la...')
#3 B:\installer\laragon\www\kitakeren-web\vendor\codeigniter4\framework\system\Autoloader\Autoloader.php(296): CodeIgniter\Autoloader\Autoloader->requireFile('B:\\installer\\la...')
#4 B:\installer\laragon\www\kitakeren-web\vendor\codeigniter4\framework\system\Autoloader\Autoloader.php(258): CodeIgniter\Autoloader\Autoloader->loadInNamespace('App\\Controllers...')
#5 [internal function]: CodeIgniter\Autoloader\Autoloader->loadClass('App\\Controllers...')
#6 B:\installer\laragon\www\kitakeren-web\app\Controllers\Home.php(9): spl_autoload_call('App\\Controllers...')
#7 B:\installer\laragon\www\kitakeren-web\vendor\codeigniter4\framework\system\Autoloader\Autoloader.php(365): require_once('B:\\installer\\la...')
#8 B:\installer\laragon\www\kitakeren-web\vendor\codeigniter4\framework\system\Autoloader\Autoloader.php(296): CodeIgniter\Autoloader\Autoloader->requireFile('B:\\installer\\la...')
#9 B:\installer\laragon\www\kitakeren-web\vendor\codeigniter4\framework\system\Autoloader\Autoloader.php(258): CodeIgniter\Autoloader\Autoloader->loadInNamespace('App\\Controllers...')
#10 [internal function]: CodeIgniter\Autoloader\Autoloader->loadClass('App\\Controllers...')
#11 [internal function]: spl_autoload_call('App\\Controllers...')
#12 B:\installer\laragon\www\kitakeren-web\vendor\codeigniter4\framework\system\CodeIgniter.php(869): class_exists('\\App\\Controller...', true)
#13 B:\installer\laragon\www\kitakeren-web\vendor\codeigniter4\framework\system\CodeIgniter.php(394): CodeIgniter\CodeIgniter->startController()
#14 B:\installer\laragon\www\kitakeren-web\vendor\codeigniter4\framework\system\CodeIgniter.php(312): CodeIgniter\CodeIgniter->handleRequest(NULL, Object(Config\Cache), false)
#15 B:\installer\laragon\www\kitakeren-web\public\index.php(45): CodeIgniter\CodeIgniter->run()
#16 {main}
CRITICAL - 2020-09-15 01:36:53 --> require(vendor/autoload.php): failed to open stream: No such file or directory
#0 B:\installer\laragon\www\kitakeren-web\app\Controllers\BaseController.php(21): CodeIgniter\Debug\Exceptions->errorHandler(2, 'require(vendor/...', 'B:\\installer\\la...', 21, Array)
#1 B:\installer\laragon\www\kitakeren-web\app\Controllers\BaseController.php(21): require()
#2 B:\installer\laragon\www\kitakeren-web\vendor\codeigniter4\framework\system\Autoloader\Autoloader.php(365): require_once('B:\\installer\\la...')
#3 B:\installer\laragon\www\kitakeren-web\vendor\codeigniter4\framework\system\Autoloader\Autoloader.php(296): CodeIgniter\Autoloader\Autoloader->requireFile('B:\\installer\\la...')
#4 B:\installer\laragon\www\kitakeren-web\vendor\codeigniter4\framework\system\Autoloader\Autoloader.php(258): CodeIgniter\Autoloader\Autoloader->loadInNamespace('App\\Controllers...')
#5 [internal function]: CodeIgniter\Autoloader\Autoloader->loadClass('App\\Controllers...')
#6 B:\installer\laragon\www\kitakeren-web\app\Controllers\Home.php(9): spl_autoload_call('App\\Controllers...')
#7 B:\installer\laragon\www\kitakeren-web\vendor\codeigniter4\framework\system\Autoloader\Autoloader.php(365): require_once('B:\\installer\\la...')
#8 B:\installer\laragon\www\kitakeren-web\vendor\codeigniter4\framework\system\Autoloader\Autoloader.php(296): CodeIgniter\Autoloader\Autoloader->requireFile('B:\\installer\\la...')
#9 B:\installer\laragon\www\kitakeren-web\vendor\codeigniter4\framework\system\Autoloader\Autoloader.php(258): CodeIgniter\Autoloader\Autoloader->loadInNamespace('App\\Controllers...')
#10 [internal function]: CodeIgniter\Autoloader\Autoloader->loadClass('App\\Controllers...')
#11 [internal function]: spl_autoload_call('App\\Controllers...')
#12 B:\installer\laragon\www\kitakeren-web\vendor\codeigniter4\framework\system\CodeIgniter.php(869): class_exists('\\App\\Controller...', true)
#13 B:\installer\laragon\www\kitakeren-web\vendor\codeigniter4\framework\system\CodeIgniter.php(394): CodeIgniter\CodeIgniter->startController()
#14 B:\installer\laragon\www\kitakeren-web\vendor\codeigniter4\framework\system\CodeIgniter.php(312): CodeIgniter\CodeIgniter->handleRequest(NULL, Object(Config\Cache), false)
#15 B:\installer\laragon\www\kitakeren-web\public\index.php(45): CodeIgniter\CodeIgniter->run()
#16 {main}
CRITICAL - 2020-09-15 01:37:02 --> require(vendor/autoload.php): failed to open stream: No such file or directory
#0 B:\installer\laragon\www\kitakeren-web\app\Controllers\BaseController.php(21): CodeIgniter\Debug\Exceptions->errorHandler(2, 'require(vendor/...', 'B:\\installer\\la...', 21, Array)
#1 B:\installer\laragon\www\kitakeren-web\app\Controllers\BaseController.php(21): require()
#2 B:\installer\laragon\www\kitakeren-web\vendor\codeigniter4\framework\system\Autoloader\Autoloader.php(365): require_once('B:\\installer\\la...')
#3 B:\installer\laragon\www\kitakeren-web\vendor\codeigniter4\framework\system\Autoloader\Autoloader.php(296): CodeIgniter\Autoloader\Autoloader->requireFile('B:\\installer\\la...')
#4 B:\installer\laragon\www\kitakeren-web\vendor\codeigniter4\framework\system\Autoloader\Autoloader.php(258): CodeIgniter\Autoloader\Autoloader->loadInNamespace('App\\Controllers...')
#5 [internal function]: CodeIgniter\Autoloader\Autoloader->loadClass('App\\Controllers...')
#6 B:\installer\laragon\www\kitakeren-web\app\Controllers\Home.php(9): spl_autoload_call('App\\Controllers...')
#7 B:\installer\laragon\www\kitakeren-web\vendor\codeigniter4\framework\system\Autoloader\Autoloader.php(365): require_once('B:\\installer\\la...')
#8 B:\installer\laragon\www\kitakeren-web\vendor\codeigniter4\framework\system\Autoloader\Autoloader.php(296): CodeIgniter\Autoloader\Autoloader->requireFile('B:\\installer\\la...')
#9 B:\installer\laragon\www\kitakeren-web\vendor\codeigniter4\framework\system\Autoloader\Autoloader.php(258): CodeIgniter\Autoloader\Autoloader->loadInNamespace('App\\Controllers...')
#10 [internal function]: CodeIgniter\Autoloader\Autoloader->loadClass('App\\Controllers...')
#11 [internal function]: spl_autoload_call('App\\Controllers...')
#12 B:\installer\laragon\www\kitakeren-web\vendor\codeigniter4\framework\system\CodeIgniter.php(869): class_exists('\\App\\Controller...', true)
#13 B:\installer\laragon\www\kitakeren-web\vendor\codeigniter4\framework\system\CodeIgniter.php(394): CodeIgniter\CodeIgniter->startController()
#14 B:\installer\laragon\www\kitakeren-web\vendor\codeigniter4\framework\system\CodeIgniter.php(312): CodeIgniter\CodeIgniter->handleRequest(NULL, Object(Config\Cache), false)
#15 B:\installer\laragon\www\kitakeren-web\public\index.php(45): CodeIgniter\CodeIgniter->run()
#16 {main}
CRITICAL - 2020-09-15 01:37:04 --> require(vendor/autoload.php): failed to open stream: No such file or directory
#0 B:\installer\laragon\www\kitakeren-web\app\Controllers\BaseController.php(21): CodeIgniter\Debug\Exceptions->errorHandler(2, 'require(vendor/...', 'B:\\installer\\la...', 21, Array)
#1 B:\installer\laragon\www\kitakeren-web\app\Controllers\BaseController.php(21): require()
#2 B:\installer\laragon\www\kitakeren-web\vendor\codeigniter4\framework\system\Autoloader\Autoloader.php(365): require_once('B:\\installer\\la...')
#3 B:\installer\laragon\www\kitakeren-web\vendor\codeigniter4\framework\system\Autoloader\Autoloader.php(296): CodeIgniter\Autoloader\Autoloader->requireFile('B:\\installer\\la...')
#4 B:\installer\laragon\www\kitakeren-web\vendor\codeigniter4\framework\system\Autoloader\Autoloader.php(258): CodeIgniter\Autoloader\Autoloader->loadInNamespace('App\\Controllers...')
#5 [internal function]: CodeIgniter\Autoloader\Autoloader->loadClass('App\\Controllers...')
#6 B:\installer\laragon\www\kitakeren-web\app\Controllers\Home.php(9): spl_autoload_call('App\\Controllers...')
#7 B:\installer\laragon\www\kitakeren-web\vendor\codeigniter4\framework\system\Autoloader\Autoloader.php(365): require_once('B:\\installer\\la...')
#8 B:\installer\laragon\www\kitakeren-web\vendor\codeigniter4\framework\system\Autoloader\Autoloader.php(296): CodeIgniter\Autoloader\Autoloader->requireFile('B:\\installer\\la...')
#9 B:\installer\laragon\www\kitakeren-web\vendor\codeigniter4\framework\system\Autoloader\Autoloader.php(258): CodeIgniter\Autoloader\Autoloader->loadInNamespace('App\\Controllers...')
#10 [internal function]: CodeIgniter\Autoloader\Autoloader->loadClass('App\\Controllers...')
#11 [internal function]: spl_autoload_call('App\\Controllers...')
#12 B:\installer\laragon\www\kitakeren-web\vendor\codeigniter4\framework\system\CodeIgniter.php(869): class_exists('\\App\\Controller...', true)
#13 B:\installer\laragon\www\kitakeren-web\vendor\codeigniter4\framework\system\CodeIgniter.php(394): CodeIgniter\CodeIgniter->startController()
#14 B:\installer\laragon\www\kitakeren-web\vendor\codeigniter4\framework\system\CodeIgniter.php(312): CodeIgniter\CodeIgniter->handleRequest(NULL, Object(Config\Cache), false)
#15 B:\installer\laragon\www\kitakeren-web\public\index.php(45): CodeIgniter\CodeIgniter->run()
#16 {main}
CRITICAL - 2020-09-15 01:44:27 --> require(vendor/autoload.php): failed to open stream: No such file or directory
#0 B:\installer\laragon\www\kitakeren-web\app\Controllers\BaseController.php(21): CodeIgniter\Debug\Exceptions->errorHandler(2, 'require(vendor/...', 'B:\\installer\\la...', 21, Array)
#1 B:\installer\laragon\www\kitakeren-web\app\Controllers\BaseController.php(21): require()
#2 B:\installer\laragon\www\kitakeren-web\vendor\codeigniter4\framework\system\Autoloader\Autoloader.php(365): require_once('B:\\installer\\la...')
#3 B:\installer\laragon\www\kitakeren-web\vendor\codeigniter4\framework\system\Autoloader\Autoloader.php(296): CodeIgniter\Autoloader\Autoloader->requireFile('B:\\installer\\la...')
#4 B:\installer\laragon\www\kitakeren-web\vendor\codeigniter4\framework\system\Autoloader\Autoloader.php(258): CodeIgniter\Autoloader\Autoloader->loadInNamespace('App\\Controllers...')
#5 [internal function]: CodeIgniter\Autoloader\Autoloader->loadClass('App\\Controllers...')
#6 B:\installer\laragon\www\kitakeren-web\app\Controllers\Home.php(9): spl_autoload_call('App\\Controllers...')
#7 B:\installer\laragon\www\kitakeren-web\vendor\codeigniter4\framework\system\Autoloader\Autoloader.php(365): require_once('B:\\installer\\la...')
#8 B:\installer\laragon\www\kitakeren-web\vendor\codeigniter4\framework\system\Autoloader\Autoloader.php(296): CodeIgniter\Autoloader\Autoloader->requireFile('B:\\installer\\la...')
#9 B:\installer\laragon\www\kitakeren-web\vendor\codeigniter4\framework\system\Autoloader\Autoloader.php(258): CodeIgniter\Autoloader\Autoloader->loadInNamespace('App\\Controllers...')
#10 [internal function]: CodeIgniter\Autoloader\Autoloader->loadClass('App\\Controllers...')
#11 [internal function]: spl_autoload_call('App\\Controllers...')
#12 B:\installer\laragon\www\kitakeren-web\vendor\codeigniter4\framework\system\CodeIgniter.php(869): class_exists('\\App\\Controller...', true)
#13 B:\installer\laragon\www\kitakeren-web\vendor\codeigniter4\framework\system\CodeIgniter.php(394): CodeIgniter\CodeIgniter->startController()
#14 B:\installer\laragon\www\kitakeren-web\vendor\codeigniter4\framework\system\CodeIgniter.php(312): CodeIgniter\CodeIgniter->handleRequest(NULL, Object(Config\Cache), false)
#15 B:\installer\laragon\www\kitakeren-web\public\index.php(45): CodeIgniter\CodeIgniter->run()
#16 {main}
CRITICAL - 2020-09-15 03:57:37 --> require(vendor/autoload.php): failed to open stream: No such file or directory
#0 B:\installer\laragon\www\kitakeren-web\app\Controllers\BaseController.php(21): CodeIgniter\Debug\Exceptions->errorHandler(2, 'require(vendor/...', 'B:\\installer\\la...', 21, Array)
#1 B:\installer\laragon\www\kitakeren-web\app\Controllers\BaseController.php(21): require()
#2 B:\installer\laragon\www\kitakeren-web\vendor\codeigniter4\framework\system\Autoloader\Autoloader.php(365): require_once('B:\\installer\\la...')
#3 B:\installer\laragon\www\kitakeren-web\vendor\codeigniter4\framework\system\Autoloader\Autoloader.php(296): CodeIgniter\Autoloader\Autoloader->requireFile('B:\\installer\\la...')
#4 B:\installer\laragon\www\kitakeren-web\vendor\codeigniter4\framework\system\Autoloader\Autoloader.php(258): CodeIgniter\Autoloader\Autoloader->loadInNamespace('App\\Controllers...')
#5 [internal function]: CodeIgniter\Autoloader\Autoloader->loadClass('App\\Controllers...')
#6 B:\installer\laragon\www\kitakeren-web\app\Controllers\Home.php(9): spl_autoload_call('App\\Controllers...')
#7 B:\installer\laragon\www\kitakeren-web\vendor\codeigniter4\framework\system\Autoloader\Autoloader.php(365): require_once('B:\\installer\\la...')
#8 B:\installer\laragon\www\kitakeren-web\vendor\codeigniter4\framework\system\Autoloader\Autoloader.php(296): CodeIgniter\Autoloader\Autoloader->requireFile('B:\\installer\\la...')
#9 B:\installer\laragon\www\kitakeren-web\vendor\codeigniter4\framework\system\Autoloader\Autoloader.php(258): CodeIgniter\Autoloader\Autoloader->loadInNamespace('App\\Controllers...')
#10 [internal function]: CodeIgniter\Autoloader\Autoloader->loadClass('App\\Controllers...')
#11 [internal function]: spl_autoload_call('App\\Controllers...')
#12 B:\installer\laragon\www\kitakeren-web\vendor\codeigniter4\framework\system\CodeIgniter.php(869): class_exists('\\App\\Controller...', true)
#13 B:\installer\laragon\www\kitakeren-web\vendor\codeigniter4\framework\system\CodeIgniter.php(394): CodeIgniter\CodeIgniter->startController()
#14 B:\installer\laragon\www\kitakeren-web\vendor\codeigniter4\framework\system\CodeIgniter.php(312): CodeIgniter\CodeIgniter->handleRequest(NULL, Object(Config\Cache), false)
#15 B:\installer\laragon\www\kitakeren-web\public\index.php(45): CodeIgniter\CodeIgniter->run()
#16 {main}
CRITICAL - 2020-09-15 04:02:05 --> require(vendor/autoload.php): failed to open stream: No such file or directory
#0 B:\installer\laragon\www\kitakeren-web\app\Controllers\BaseController.php(21): CodeIgniter\Debug\Exceptions->errorHandler(2, 'require(vendor/...', 'B:\\installer\\la...', 21, Array)
#1 B:\installer\laragon\www\kitakeren-web\app\Controllers\BaseController.php(21): require()
#2 B:\installer\laragon\www\kitakeren-web\vendor\codeigniter4\framework\system\Autoloader\Autoloader.php(365): require_once('B:\\installer\\la...')
#3 B:\installer\laragon\www\kitakeren-web\vendor\codeigniter4\framework\system\Autoloader\Autoloader.php(296): CodeIgniter\Autoloader\Autoloader->requireFile('B:\\installer\\la...')
#4 B:\installer\laragon\www\kitakeren-web\vendor\codeigniter4\framework\system\Autoloader\Autoloader.php(258): CodeIgniter\Autoloader\Autoloader->loadInNamespace('App\\Controllers...')
#5 [internal function]: CodeIgniter\Autoloader\Autoloader->loadClass('App\\Controllers...')
#6 B:\installer\laragon\www\kitakeren-web\app\Controllers\Home.php(9): spl_autoload_call('App\\Controllers...')
#7 B:\installer\laragon\www\kitakeren-web\vendor\codeigniter4\framework\system\Autoloader\Autoloader.php(365): require_once('B:\\installer\\la...')
#8 B:\installer\laragon\www\kitakeren-web\vendor\codeigniter4\framework\system\Autoloader\Autoloader.php(296): CodeIgniter\Autoloader\Autoloader->requireFile('B:\\installer\\la...')
#9 B:\installer\laragon\www\kitakeren-web\vendor\codeigniter4\framework\system\Autoloader\Autoloader.php(258): CodeIgniter\Autoloader\Autoloader->loadInNamespace('App\\Controllers...')
#10 [internal function]: CodeIgniter\Autoloader\Autoloader->loadClass('App\\Controllers...')
#11 [internal function]: spl_autoload_call('App\\Controllers...')
#12 B:\installer\laragon\www\kitakeren-web\vendor\codeigniter4\framework\system\CodeIgniter.php(869): class_exists('\\App\\Controller...', true)
#13 B:\installer\laragon\www\kitakeren-web\vendor\codeigniter4\framework\system\CodeIgniter.php(394): CodeIgniter\CodeIgniter->startController()
#14 B:\installer\laragon\www\kitakeren-web\vendor\codeigniter4\framework\system\CodeIgniter.php(312): CodeIgniter\CodeIgniter->handleRequest(NULL, Object(Config\Cache), false)
#15 B:\installer\laragon\www\kitakeren-web\public\index.php(45): CodeIgniter\CodeIgniter->run()
#16 {main}
CRITICAL - 2020-09-15 09:48:42 --> require(vendor/autoload.php): failed to open stream: No such file or directory
#0 B:\installer\laragon\www\kitakeren-web\app\Controllers\BaseController.php(21): CodeIgniter\Debug\Exceptions->errorHandler(2, 'require(vendor/...', 'B:\\installer\\la...', 21, Array)
#1 B:\installer\laragon\www\kitakeren-web\app\Controllers\BaseController.php(21): require()
#2 B:\installer\laragon\www\kitakeren-web\vendor\codeigniter4\framework\system\Autoloader\Autoloader.php(365): require_once('B:\\installer\\la...')
#3 B:\installer\laragon\www\kitakeren-web\vendor\codeigniter4\framework\system\Autoloader\Autoloader.php(296): CodeIgniter\Autoloader\Autoloader->requireFile('B:\\installer\\la...')
#4 B:\installer\laragon\www\kitakeren-web\vendor\codeigniter4\framework\system\Autoloader\Autoloader.php(258): CodeIgniter\Autoloader\Autoloader->loadInNamespace('App\\Controllers...')
#5 [internal function]: CodeIgniter\Autoloader\Autoloader->loadClass('App\\Controllers...')
#6 B:\installer\laragon\www\kitakeren-web\app\Controllers\Admin.php(5): spl_autoload_call('App\\Controllers...')
#7 B:\installer\laragon\www\kitakeren-web\vendor\codeigniter4\framework\system\Autoloader\Autoloader.php(365): require_once('B:\\installer\\la...')
#8 B:\installer\laragon\www\kitakeren-web\vendor\codeigniter4\framework\system\Autoloader\Autoloader.php(296): CodeIgniter\Autoloader\Autoloader->requireFile('B:\\installer\\la...')
#9 B:\installer\laragon\www\kitakeren-web\vendor\codeigniter4\framework\system\Autoloader\Autoloader.php(258): CodeIgniter\Autoloader\Autoloader->loadInNamespace('App\\Controllers...')
#10 [internal function]: CodeIgniter\Autoloader\Autoloader->loadClass('App\\Controllers...')
#11 [internal function]: spl_autoload_call('App\\Controllers...')
#12 B:\installer\laragon\www\kitakeren-web\vendor\codeigniter4\framework\system\CodeIgniter.php(869): class_exists('\\App\\Controller...', true)
#13 B:\installer\laragon\www\kitakeren-web\vendor\codeigniter4\framework\system\CodeIgniter.php(394): CodeIgniter\CodeIgniter->startController()
#14 B:\installer\laragon\www\kitakeren-web\vendor\codeigniter4\framework\system\CodeIgniter.php(312): CodeIgniter\CodeIgniter->handleRequest(NULL, Object(Config\Cache), false)
#15 B:\installer\laragon\www\kitakeren-web\public\index.php(45): CodeIgniter\CodeIgniter->run()
#16 {main}
CRITICAL - 2020-09-15 09:49:35 --> Invalid file: layout/v_contetnt.php
#0 B:\installer\laragon\www\kitakeren-web\vendor\codeigniter4\framework\system\View\View.php(228): CodeIgniter\Exceptions\FrameworkException::forInvalidFile('layout/v_contet...')
#1 B:\installer\laragon\www\kitakeren-web\vendor\codeigniter4\framework\system\Common.php(1119): CodeIgniter\View\View->render('layout/v_contet...', Array, true)
#2 B:\installer\laragon\www\kitakeren-web\app\Views\layout\v_wrapper.php(5): view('layout/v_contet...')
#3 B:\installer\laragon\www\kitakeren-web\vendor\codeigniter4\framework\system\View\View.php(246): include('B:\\installer\\la...')
#4 B:\installer\laragon\www\kitakeren-web\vendor\codeigniter4\framework\system\Common.php(1119): CodeIgniter\View\View->render('layout/v_wrappe...', Array, true)
#5 B:\installer\laragon\www\kitakeren-web\app\Controllers\Admin.php(14): view('layout/v_wrappe...', Array)
#6 B:\installer\laragon\www\kitakeren-web\vendor\codeigniter4\framework\system\CodeIgniter.php(918): App\Controllers\Admin->index()
#7 B:\installer\laragon\www\kitakeren-web\vendor\codeigniter4\framework\system\CodeIgniter.php(404): CodeIgniter\CodeIgniter->runController(Object(App\Controllers\Admin))
#8 B:\installer\laragon\www\kitakeren-web\vendor\codeigniter4\framework\system\CodeIgniter.php(312): CodeIgniter\CodeIgniter->handleRequest(NULL, Object(Config\Cache), false)
#9 B:\installer\laragon\www\kitakeren-web\public\index.php(45): CodeIgniter\CodeIgniter->run()
#10 {main}
CRITICAL - 2020-09-15 11:06:13 --> Invalid file: v_header.php
#0 B:\installer\laragon\www\kitakeren-web\vendor\codeigniter4\framework\system\View\View.php(228): CodeIgniter\Exceptions\FrameworkException::forInvalidFile('v_header.php')
#1 B:\installer\laragon\www\kitakeren-web\vendor\codeigniter4\framework\system\Common.php(1119): CodeIgniter\View\View->render('v_header', Array, true)
#2 B:\installer\laragon\www\kitakeren-web\app\Views\layout\v_head.php(33): view('v_header')
#3 B:\installer\laragon\www\kitakeren-web\vendor\codeigniter4\framework\system\View\View.php(246): include('B:\\installer\\la...')
#4 B:\installer\laragon\www\kitakeren-web\vendor\codeigniter4\framework\system\Common.php(1119): CodeIgniter\View\View->render('layout/v_head', Array, true)
#5 B:\installer\laragon\www\kitakeren-web\app\Views\layout\v_wrapper.php(2): view('layout/v_head')
#6 B:\installer\laragon\www\kitakeren-web\vendor\codeigniter4\framework\system\View\View.php(246): include('B:\\installer\\la...')
#7 B:\installer\laragon\www\kitakeren-web\vendor\codeigniter4\framework\system\Common.php(1119): CodeIgniter\View\View->render('layout/v_wrappe...', Array, true)
#8 B:\installer\laragon\www\kitakeren-web\app\Controllers\Admin.php(24): view('layout/v_wrappe...', Array)
#9 B:\installer\laragon\www\kitakeren-web\vendor\codeigniter4\framework\system\CodeIgniter.php(918): App\Controllers\Admin->data()
#10 B:\installer\laragon\www\kitakeren-web\vendor\codeigniter4\framework\system\CodeIgniter.php(404): CodeIgniter\CodeIgniter->runController(Object(App\Controllers\Admin))
#11 B:\installer\laragon\www\kitakeren-web\vendor\codeigniter4\framework\system\CodeIgniter.php(312): CodeIgniter\CodeIgniter->handleRequest(NULL, Object(Config\Cache), false)
#12 B:\installer\laragon\www\kitakeren-web\public\index.php(45): CodeIgniter\CodeIgniter->run()
#13 {main}
CRITICAL - 2020-09-15 11:07:17 --> Invalid file: v_header.php
#0 B:\installer\laragon\www\kitakeren-web\vendor\codeigniter4\framework\system\View\View.php(228): CodeIgniter\Exceptions\FrameworkException::forInvalidFile('v_header.php')
#1 B:\installer\laragon\www\kitakeren-web\vendor\codeigniter4\framework\system\Common.php(1119): CodeIgniter\View\View->render('v_header', Array, true)
#2 B:\installer\laragon\www\kitakeren-web\app\Views\layout\v_head.php(33): view('v_header')
#3 B:\installer\laragon\www\kitakeren-web\vendor\codeigniter4\framework\system\View\View.php(246): include('B:\\installer\\la...')
#4 B:\installer\laragon\www\kitakeren-web\vendor\codeigniter4\framework\system\Common.php(1119): CodeIgniter\View\View->render('layout/v_head', Array, true)
#5 B:\installer\laragon\www\kitakeren-web\app\Views\layout\v_wrapper.php(2): view('layout/v_head')
#6 B:\installer\laragon\www\kitakeren-web\vendor\codeigniter4\framework\system\View\View.php(246): include('B:\\installer\\la...')
#7 B:\installer\laragon\www\kitakeren-web\vendor\codeigniter4\framework\system\Common.php(1119): CodeIgniter\View\View->render('layout/v_wrappe...', Array, true)
#8 B:\installer\laragon\www\kitakeren-web\app\Controllers\Admin.php(24): view('layout/v_wrappe...', Array)
#9 B:\installer\laragon\www\kitakeren-web\vendor\codeigniter4\framework\system\CodeIgniter.php(918): App\Controllers\Admin->data()
#10 B:\installer\laragon\www\kitakeren-web\vendor\codeigniter4\framework\system\CodeIgniter.php(404): CodeIgniter\CodeIgniter->runController(Object(App\Controllers\Admin))
#11 B:\installer\laragon\www\kitakeren-web\vendor\codeigniter4\framework\system\CodeIgniter.php(312): CodeIgniter\CodeIgniter->handleRequest(NULL, Object(Config\Cache), false)
#12 B:\installer\laragon\www\kitakeren-web\public\index.php(45): CodeIgniter\CodeIgniter->run()
#13 {main}
CRITICAL - 2020-09-15 11:07:43 --> Invalid file: v_header.php
#0 B:\installer\laragon\www\kitakeren-web\vendor\codeigniter4\framework\system\View\View.php(228): CodeIgniter\Exceptions\FrameworkException::forInvalidFile('v_header.php')
#1 B:\installer\laragon\www\kitakeren-web\vendor\codeigniter4\framework\system\Common.php(1119): CodeIgniter\View\View->render('v_header', Array, true)
#2 B:\installer\laragon\www\kitakeren-web\app\Views\layout\v_head.php(33): view('v_header')
#3 B:\installer\laragon\www\kitakeren-web\vendor\codeigniter4\framework\system\View\View.php(246): include('B:\\installer\\la...')
#4 B:\installer\laragon\www\kitakeren-web\vendor\codeigniter4\framework\system\Common.php(1119): CodeIgniter\View\View->render('layout/v_head', Array, true)
#5 B:\installer\laragon\www\kitakeren-web\app\Views\layout\v_wrapper.php(2): view('layout/v_head')
#6 B:\installer\laragon\www\kitakeren-web\vendor\codeigniter4\framework\system\View\View.php(246): include('B:\\installer\\la...')
#7 B:\installer\laragon\www\kitakeren-web\vendor\codeigniter4\framework\system\Common.php(1119): CodeIgniter\View\View->render('layout/v_wrappe...', Array, true)
#8 B:\installer\laragon\www\kitakeren-web\app\Controllers\Admin.php(24): view('layout/v_wrappe...', Array)
#9 B:\installer\laragon\www\kitakeren-web\vendor\codeigniter4\framework\system\CodeIgniter.php(918): App\Controllers\Admin->data()
#10 B:\installer\laragon\www\kitakeren-web\vendor\codeigniter4\framework\system\CodeIgniter.php(404): CodeIgniter\CodeIgniter->runController(Object(App\Controllers\Admin))
#11 B:\installer\laragon\www\kitakeren-web\vendor\codeigniter4\framework\system\CodeIgniter.php(312): CodeIgniter\CodeIgniter->handleRequest(NULL, Object(Config\Cache), false)
#12 B:\installer\laragon\www\kitakeren-web\public\index.php(45): CodeIgniter\CodeIgniter->run()
#13 {main}
CRITICAL - 2020-09-15 11:07:56 --> Invalid file: v_header.php
#0 B:\installer\laragon\www\kitakeren-web\vendor\codeigniter4\framework\system\View\View.php(228): CodeIgniter\Exceptions\FrameworkException::forInvalidFile('v_header.php')
#1 B:\installer\laragon\www\kitakeren-web\vendor\codeigniter4\framework\system\Common.php(1119): CodeIgniter\View\View->render('v_header', Array, true)
#2 B:\installer\laragon\www\kitakeren-web\app\Views\layout\v_head.php(33): view('v_header')
#3 B:\installer\laragon\www\kitakeren-web\vendor\codeigniter4\framework\system\View\View.php(246): include('B:\\installer\\la...')
#4 B:\installer\laragon\www\kitakeren-web\vendor\codeigniter4\framework\system\Common.php(1119): CodeIgniter\View\View->render('layout/v_head', Array, true)
#5 B:\installer\laragon\www\kitakeren-web\app\Views\layout\v_wrapper.php(2): view('layout/v_head')
#6 B:\installer\laragon\www\kitakeren-web\vendor\codeigniter4\framework\system\View\View.php(246): include('B:\\installer\\la...')
#7 B:\installer\laragon\www\kitakeren-web\vendor\codeigniter4\framework\system\Common.php(1119): CodeIgniter\View\View->render('layout/v_wrappe...', Array, true)
#8 B:\installer\laragon\www\kitakeren-web\app\Controllers\Admin.php(24): view('layout/v_wrappe...', Array)
#9 B:\installer\laragon\www\kitakeren-web\vendor\codeigniter4\framework\system\CodeIgniter.php(918): App\Controllers\Admin->data()
#10 B:\installer\laragon\www\kitakeren-web\vendor\codeigniter4\framework\system\CodeIgniter.php(404): CodeIgniter\CodeIgniter->runController(Object(App\Controllers\Admin))
#11 B:\installer\laragon\www\kitakeren-web\vendor\codeigniter4\framework\system\CodeIgniter.php(312): CodeIgniter\CodeIgniter->handleRequest(NULL, Object(Config\Cache), false)
#12 B:\installer\laragon\www\kitakeren-web\public\index.php(45): CodeIgniter\CodeIgniter->run()
#13 {main}
CRITICAL - 2020-09-15 11:07:57 --> Invalid file: v_header.php
#0 B:\installer\laragon\www\kitakeren-web\vendor\codeigniter4\framework\system\View\View.php(228): CodeIgniter\Exceptions\FrameworkException::forInvalidFile('v_header.php')
#1 B:\installer\laragon\www\kitakeren-web\vendor\codeigniter4\framework\system\Common.php(1119): CodeIgniter\View\View->render('v_header', Array, true)
#2 B:\installer\laragon\www\kitakeren-web\app\Views\layout\v_head.php(33): view('v_header')
#3 B:\installer\laragon\www\kitakeren-web\vendor\codeigniter4\framework\system\View\View.php(246): include('B:\\installer\\la...')
#4 B:\installer\laragon\www\kitakeren-web\vendor\codeigniter4\framework\system\Common.php(1119): CodeIgniter\View\View->render('layout/v_head', Array, true)
#5 B:\installer\laragon\www\kitakeren-web\app\Views\layout\v_wrapper.php(2): view('layout/v_head')
#6 B:\installer\laragon\www\kitakeren-web\vendor\codeigniter4\framework\system\View\View.php(246): include('B:\\installer\\la...')
#7 B:\installer\laragon\www\kitakeren-web\vendor\codeigniter4\framework\system\Common.php(1119): CodeIgniter\View\View->render('layout/v_wrappe...', Array, true)
#8 B:\installer\laragon\www\kitakeren-web\app\Controllers\Admin.php(24): view('layout/v_wrappe...', Array)
#9 B:\installer\laragon\www\kitakeren-web\vendor\codeigniter4\framework\system\CodeIgniter.php(918): App\Controllers\Admin->data()
#10 B:\installer\laragon\www\kitakeren-web\vendor\codeigniter4\framework\system\CodeIgniter.php(404): CodeIgniter\CodeIgniter->runController(Object(App\Controllers\Admin))
#11 B:\installer\laragon\www\kitakeren-web\vendor\codeigniter4\framework\system\CodeIgniter.php(312): CodeIgniter\CodeIgniter->handleRequest(NULL, Object(Config\Cache), false)
#12 B:\installer\laragon\www\kitakeren-web\public\index.php(45): CodeIgniter\CodeIgniter->run()
#13 {main}
CRITICAL - 2020-09-15 11:08:13 --> Invalid file: v_header.php
#0 B:\installer\laragon\www\kitakeren-web\vendor\codeigniter4\framework\system\View\View.php(228): CodeIgniter\Exceptions\FrameworkException::forInvalidFile('v_header.php')
#1 B:\installer\laragon\www\kitakeren-web\vendor\codeigniter4\framework\system\Common.php(1119): CodeIgniter\View\View->render('v_header', Array, true)
#2 B:\installer\laragon\www\kitakeren-web\app\Views\layout\v_head.php(33): view('v_header')
#3 B:\installer\laragon\www\kitakeren-web\vendor\codeigniter4\framework\system\View\View.php(246): include('B:\\installer\\la...')
#4 B:\installer\laragon\www\kitakeren-web\vendor\codeigniter4\framework\system\Common.php(1119): CodeIgniter\View\View->render('layout/v_head', Array, true)
#5 B:\installer\laragon\www\kitakeren-web\app\Views\layout\v_wrapper.php(2): view('layout/v_head')
#6 B:\installer\laragon\www\kitakeren-web\vendor\codeigniter4\framework\system\View\View.php(246): include('B:\\installer\\la...')
#7 B:\installer\laragon\www\kitakeren-web\vendor\codeigniter4\framework\system\Common.php(1119): CodeIgniter\View\View->render('layout/v_wrappe...', Array, true)
#8 B:\installer\laragon\www\kitakeren-web\app\Controllers\Admin.php(24): view('layout/v_wrappe...', Array)
#9 B:\installer\laragon\www\kitakeren-web\vendor\codeigniter4\framework\system\CodeIgniter.php(918): App\Controllers\Admin->data()
#10 B:\installer\laragon\www\kitakeren-web\vendor\codeigniter4\framework\system\CodeIgniter.php(404): CodeIgniter\CodeIgniter->runController(Object(App\Controllers\Admin))
#11 B:\installer\laragon\www\kitakeren-web\vendor\codeigniter4\framework\system\CodeIgniter.php(312): CodeIgniter\CodeIgniter->handleRequest(NULL, Object(Config\Cache), false)
#12 B:\installer\laragon\www\kitakeren-web\public\index.php(45): CodeIgniter\CodeIgniter->run()
#13 {main}
CRITICAL - 2020-09-15 11:08:14 --> Invalid file: v_header.php
#0 B:\installer\laragon\www\kitakeren-web\vendor\codeigniter4\framework\system\View\View.php(228): CodeIgniter\Exceptions\FrameworkException::forInvalidFile('v_header.php')
#1 B:\installer\laragon\www\kitakeren-web\vendor\codeigniter4\framework\system\Common.php(1119): CodeIgniter\View\View->render('v_header', Array, true)
#2 B:\installer\laragon\www\kitakeren-web\app\Views\layout\v_head.php(33): view('v_header')
#3 B:\installer\laragon\www\kitakeren-web\vendor\codeigniter4\framework\system\View\View.php(246): include('B:\\installer\\la...')
#4 B:\installer\laragon\www\kitakeren-web\vendor\codeigniter4\framework\system\Common.php(1119): CodeIgniter\View\View->render('layout/v_head', Array, true)
#5 B:\installer\laragon\www\kitakeren-web\app\Views\layout\v_wrapper.php(2): view('layout/v_head')
#6 B:\installer\laragon\www\kitakeren-web\vendor\codeigniter4\framework\system\View\View.php(246): include('B:\\installer\\la...')
#7 B:\installer\laragon\www\kitakeren-web\vendor\codeigniter4\framework\system\Common.php(1119): CodeIgniter\View\View->render('layout/v_wrappe...', Array, true)
#8 B:\installer\laragon\www\kitakeren-web\app\Controllers\Admin.php(24): view('layout/v_wrappe...', Array)
#9 B:\installer\laragon\www\kitakeren-web\vendor\codeigniter4\framework\system\CodeIgniter.php(918): App\Controllers\Admin->data()
#10 B:\installer\laragon\www\kitakeren-web\vendor\codeigniter4\framework\system\CodeIgniter.php(404): CodeIgniter\CodeIgniter->runController(Object(App\Controllers\Admin))
#11 B:\installer\laragon\www\kitakeren-web\vendor\codeigniter4\framework\system\CodeIgniter.php(312): CodeIgniter\CodeIgniter->handleRequest(NULL, Object(Config\Cache), false)
#12 B:\installer\laragon\www\kitakeren-web\public\index.php(45): CodeIgniter\CodeIgniter->run()
#13 {main}
CRITICAL - 2020-09-15 11:08:55 --> Invalid file: v_header.php
#0 B:\installer\laragon\www\kitakeren-web\vendor\codeigniter4\framework\system\View\View.php(228): CodeIgniter\Exceptions\FrameworkException::forInvalidFile('v_header.php')
#1 B:\installer\laragon\www\kitakeren-web\vendor\codeigniter4\framework\system\Common.php(1119): CodeIgniter\View\View->render('v_header', Array, true)
#2 B:\installer\laragon\www\kitakeren-web\app\Views\layout\v_head.php(33): view('v_header')
#3 B:\installer\laragon\www\kitakeren-web\vendor\codeigniter4\framework\system\View\View.php(246): include('B:\\installer\\la...')
#4 B:\installer\laragon\www\kitakeren-web\vendor\codeigniter4\framework\system\Common.php(1119): CodeIgniter\View\View->render('layout/v_head', Array, true)
#5 B:\installer\laragon\www\kitakeren-web\app\Views\layout\v_wrapper.php(2): view('layout/v_head')
#6 B:\installer\laragon\www\kitakeren-web\vendor\codeigniter4\framework\system\View\View.php(246): include('B:\\installer\\la...')
#7 B:\installer\laragon\www\kitakeren-web\vendor\codeigniter4\framework\system\Common.php(1119): CodeIgniter\View\View->render('layout/v_wrappe...', Array, true)
#8 B:\installer\laragon\www\kitakeren-web\app\Controllers\Admin.php(24): view('layout/v_wrappe...', Array)
#9 B:\installer\laragon\www\kitakeren-web\vendor\codeigniter4\framework\system\CodeIgniter.php(918): App\Controllers\Admin->data()
#10 B:\installer\laragon\www\kitakeren-web\vendor\codeigniter4\framework\system\CodeIgniter.php(404): CodeIgniter\CodeIgniter->runController(Object(App\Controllers\Admin))
#11 B:\installer\laragon\www\kitakeren-web\vendor\codeigniter4\framework\system\CodeIgniter.php(312): CodeIgniter\CodeIgniter->handleRequest(NULL, Object(Config\Cache), false)
#12 B:\installer\laragon\www\kitakeren-web\public\index.php(45): CodeIgniter\CodeIgniter->run()
#13 {main}
CRITICAL - 2020-09-15 11:08:57 --> Invalid file: v_header.php
#0 B:\installer\laragon\www\kitakeren-web\vendor\codeigniter4\framework\system\View\View.php(228): CodeIgniter\Exceptions\FrameworkException::forInvalidFile('v_header.php')
#1 B:\installer\laragon\www\kitakeren-web\vendor\codeigniter4\framework\system\Common.php(1119): CodeIgniter\View\View->render('v_header', Array, true)
#2 B:\installer\laragon\www\kitakeren-web\app\Views\layout\v_head.php(33): view('v_header')
#3 B:\installer\laragon\www\kitakeren-web\vendor\codeigniter4\framework\system\View\View.php(246): include('B:\\installer\\la...')
#4 B:\installer\laragon\www\kitakeren-web\vendor\codeigniter4\framework\system\Common.php(1119): CodeIgniter\View\View->render('layout/v_head', Array, true)
#5 B:\installer\laragon\www\kitakeren-web\app\Views\layout\v_wrapper.php(2): view('layout/v_head')
#6 B:\installer\laragon\www\kitakeren-web\vendor\codeigniter4\framework\system\View\View.php(246): include('B:\\installer\\la...')
#7 B:\installer\laragon\www\kitakeren-web\vendor\codeigniter4\framework\system\Common.php(1119): CodeIgniter\View\View->render('layout/v_wrappe...', Array, true)
#8 B:\installer\laragon\www\kitakeren-web\app\Controllers\Admin.php(24): view('layout/v_wrappe...', Array)
#9 B:\installer\laragon\www\kitakeren-web\vendor\codeigniter4\framework\system\CodeIgniter.php(918): App\Controllers\Admin->data()
#10 B:\installer\laragon\www\kitakeren-web\vendor\codeigniter4\framework\system\CodeIgniter.php(404): CodeIgniter\CodeIgniter->runController(Object(App\Controllers\Admin))
#11 B:\installer\laragon\www\kitakeren-web\vendor\codeigniter4\framework\system\CodeIgniter.php(312): CodeIgniter\CodeIgniter->handleRequest(NULL, Object(Config\Cache), false)
#12 B:\installer\laragon\www\kitakeren-web\public\index.php(45): CodeIgniter\CodeIgniter->run()
#13 {main}
CRITICAL - 2020-09-15 11:09:53 --> Invalid file: v_header.php
#0 B:\installer\laragon\www\kitakeren-web\vendor\codeigniter4\framework\system\View\View.php(228): CodeIgniter\Exceptions\FrameworkException::forInvalidFile('v_header.php')
#1 B:\installer\laragon\www\kitakeren-web\vendor\codeigniter4\framework\system\Common.php(1119): CodeIgniter\View\View->render('v_header', Array, true)
#2 B:\installer\laragon\www\kitakeren-web\app\Views\layout\v_head.php(33): view('v_header')
#3 B:\installer\laragon\www\kitakeren-web\vendor\codeigniter4\framework\system\View\View.php(246): include('B:\\installer\\la...')
#4 B:\installer\laragon\www\kitakeren-web\vendor\codeigniter4\framework\system\Common.php(1119): CodeIgniter\View\View->render('layout/v_head', Array, true)
#5 B:\installer\laragon\www\kitakeren-web\app\Views\layout\v_wrapper.php(2): view('layout/v_head')
#6 B:\installer\laragon\www\kitakeren-web\vendor\codeigniter4\framework\system\View\View.php(246): include('B:\\installer\\la...')
#7 B:\installer\laragon\www\kitakeren-web\vendor\codeigniter4\framework\system\Common.php(1119): CodeIgniter\View\View->render('layout/v_wrappe...', Array, true)
#8 B:\installer\laragon\www\kitakeren-web\app\Controllers\Admin.php(24): view('layout/v_wrappe...', Array)
#9 B:\installer\laragon\www\kitakeren-web\vendor\codeigniter4\framework\system\CodeIgniter.php(918): App\Controllers\Admin->data()
#10 B:\installer\laragon\www\kitakeren-web\vendor\codeigniter4\framework\system\CodeIgniter.php(404): CodeIgniter\CodeIgniter->runController(Object(App\Controllers\Admin))
#11 B:\installer\laragon\www\kitakeren-web\vendor\codeigniter4\framework\system\CodeIgniter.php(312): CodeIgniter\CodeIgniter->handleRequest(NULL, Object(Config\Cache), false)
#12 B:\installer\laragon\www\kitakeren-web\public\index.php(45): CodeIgniter\CodeIgniter->run()
#13 {main}
CRITICAL - 2020-09-15 11:11:48 --> Undefined property: CodeIgniter\View\View::$load
#0 B:\installer\laragon\www\kitakeren-web\app\Views\layout\v_head.php(33): CodeIgniter\Debug\Exceptions->errorHandler(8, 'Undefined prope...', 'B:\\installer\\la...', 33, Array)
#1 B:\installer\laragon\www\kitakeren-web\vendor\codeigniter4\framework\system\View\View.php(246): include('B:\\installer\\la...')
#2 B:\installer\laragon\www\kitakeren-web\vendor\codeigniter4\framework\system\Common.php(1119): CodeIgniter\View\View->render('layout/v_head', Array, true)
#3 B:\installer\laragon\www\kitakeren-web\app\Views\layout\v_wrapper.php(2): view('layout/v_head')
#4 B:\installer\laragon\www\kitakeren-web\vendor\codeigniter4\framework\system\View\View.php(246): include('B:\\installer\\la...')
#5 B:\installer\laragon\www\kitakeren-web\vendor\codeigniter4\framework\system\Common.php(1119): CodeIgniter\View\View->render('layout/v_wrappe...', Array, true)
#6 B:\installer\laragon\www\kitakeren-web\app\Controllers\Admin.php(24): view('layout/v_wrappe...', Array)
#7 B:\installer\laragon\www\kitakeren-web\vendor\codeigniter4\framework\system\CodeIgniter.php(918): App\Controllers\Admin->data()
#8 B:\installer\laragon\www\kitakeren-web\vendor\codeigniter4\framework\system\CodeIgniter.php(404): CodeIgniter\CodeIgniter->runController(Object(App\Controllers\Admin))
#9 B:\installer\laragon\www\kitakeren-web\vendor\codeigniter4\framework\system\CodeIgniter.php(312): CodeIgniter\CodeIgniter->handleRequest(NULL, Object(Config\Cache), false)
#10 B:\installer\laragon\www\kitakeren-web\public\index.php(45): CodeIgniter\CodeIgniter->run()
#11 {main}
CRITICAL - 2020-09-15 11:12:09 --> Invalid file: v_header.php
#0 B:\installer\laragon\www\kitakeren-web\vendor\codeigniter4\framework\system\View\View.php(228): CodeIgniter\Exceptions\FrameworkException::forInvalidFile('v_header.php')
#1 B:\installer\laragon\www\kitakeren-web\vendor\codeigniter4\framework\system\Common.php(1119): CodeIgniter\View\View->render('v_header', Array, true)
#2 B:\installer\laragon\www\kitakeren-web\app\Views\layout\v_head.php(33): view('v_header')
#3 B:\installer\laragon\www\kitakeren-web\vendor\codeigniter4\framework\system\View\View.php(246): include('B:\\installer\\la...')
#4 B:\installer\laragon\www\kitakeren-web\vendor\codeigniter4\framework\system\Common.php(1119): CodeIgniter\View\View->render('layout/v_head', Array, true)
#5 B:\installer\laragon\www\kitakeren-web\app\Views\layout\v_wrapper.php(2): view('layout/v_head')
#6 B:\installer\laragon\www\kitakeren-web\vendor\codeigniter4\framework\system\View\View.php(246): include('B:\\installer\\la...')
#7 B:\installer\laragon\www\kitakeren-web\vendor\codeigniter4\framework\system\Common.php(1119): CodeIgniter\View\View->render('layout/v_wrappe...', Array, true)
#8 B:\installer\laragon\www\kitakeren-web\app\Controllers\Admin.php(24): view('layout/v_wrappe...', Array)
#9 B:\installer\laragon\www\kitakeren-web\vendor\codeigniter4\framework\system\CodeIgniter.php(918): App\Controllers\Admin->data()
#10 B:\installer\laragon\www\kitakeren-web\vendor\codeigniter4\framework\system\CodeIgniter.php(404): CodeIgniter\CodeIgniter->runController(Object(App\Controllers\Admin))
#11 B:\installer\laragon\www\kitakeren-web\vendor\codeigniter4\framework\system\CodeIgniter.php(312): CodeIgniter\CodeIgniter->handleRequest(NULL, Object(Config\Cache), false)
#12 B:\installer\laragon\www\kitakeren-web\public\index.php(45): CodeIgniter\CodeIgniter->run()
#13 {main}
CRITICAL - 2020-09-15 11:14:00 --> Invalid file: v_header.php
#0 B:\installer\laragon\www\kitakeren-web\vendor\codeigniter4\framework\system\View\View.php(228): CodeIgniter\Exceptions\FrameworkException::forInvalidFile('v_header.php')
#1 B:\installer\laragon\www\kitakeren-web\vendor\codeigniter4\framework\system\View\View.php(525): CodeIgniter\View\View->render('v_header', NULL, true)
#2 B:\installer\laragon\www\kitakeren-web\app\Views\layout\v_head.php(33): CodeIgniter\View\View->include('v_header')
#3 B:\installer\laragon\www\kitakeren-web\vendor\codeigniter4\framework\system\View\View.php(246): include('B:\\installer\\la...')
#4 B:\installer\laragon\www\kitakeren-web\vendor\codeigniter4\framework\system\Common.php(1119): CodeIgniter\View\View->render('layout/v_head', Array, true)
#5 B:\installer\laragon\www\kitakeren-web\app\Views\layout\v_wrapper.php(2): view('layout/v_head')
#6 B:\installer\laragon\www\kitakeren-web\vendor\codeigniter4\framework\system\View\View.php(246): include('B:\\installer\\la...')
#7 B:\installer\laragon\www\kitakeren-web\vendor\codeigniter4\framework\system\Common.php(1119): CodeIgniter\View\View->render('layout/v_wrappe...', Array, true)
#8 B:\installer\laragon\www\kitakeren-web\app\Controllers\Admin.php(24): view('layout/v_wrappe...', Array)
#9 B:\installer\laragon\www\kitakeren-web\vendor\codeigniter4\framework\system\CodeIgniter.php(918): App\Controllers\Admin->data()
#10 B:\installer\laragon\www\kitakeren-web\vendor\codeigniter4\framework\system\CodeIgniter.php(404): CodeIgniter\CodeIgniter->runController(Object(App\Controllers\Admin))
#11 B:\installer\laragon\www\kitakeren-web\vendor\codeigniter4\framework\system\CodeIgniter.php(312): CodeIgniter\CodeIgniter->handleRequest(NULL, Object(Config\Cache), false)
#12 B:\installer\laragon\www\kitakeren-web\public\index.php(45): CodeIgniter\CodeIgniter->run()
#13 {main}
CRITICAL - 2020-09-15 11:14:58 --> Invalid file: v_header.php
#0 B:\installer\laragon\www\kitakeren-web\vendor\codeigniter4\framework\system\View\View.php(228): CodeIgniter\Exceptions\FrameworkException::forInvalidFile('v_header.php')
#1 B:\installer\laragon\www\kitakeren-web\vendor\codeigniter4\framework\system\View\View.php(257): CodeIgniter\View\View->render('v_header', Array, true)
#2 B:\installer\laragon\www\kitakeren-web\vendor\codeigniter4\framework\system\Common.php(1119): CodeIgniter\View\View->render('layout/v_head', Array, true)
#3 B:\installer\laragon\www\kitakeren-web\app\Views\layout\v_wrapper.php(2): view('layout/v_head')
#4 B:\installer\laragon\www\kitakeren-web\vendor\codeigniter4\framework\system\View\View.php(246): include('B:\\installer\\la...')
#5 B:\installer\laragon\www\kitakeren-web\vendor\codeigniter4\framework\system\Common.php(1119): CodeIgniter\View\View->render('layout/v_wrappe...', Array, true)
#6 B:\installer\laragon\www\kitakeren-web\app\Controllers\Admin.php(24): view('layout/v_wrappe...', Array)
#7 B:\installer\laragon\www\kitakeren-web\vendor\codeigniter4\framework\system\CodeIgniter.php(918): App\Controllers\Admin->data()
#8 B:\installer\laragon\www\kitakeren-web\vendor\codeigniter4\framework\system\CodeIgniter.php(404): CodeIgniter\CodeIgniter->runController(Object(App\Controllers\Admin))
#9 B:\installer\laragon\www\kitakeren-web\vendor\codeigniter4\framework\system\CodeIgniter.php(312): CodeIgniter\CodeIgniter->handleRequest(NULL, Object(Config\Cache), false)
#10 B:\installer\laragon\www\kitakeren-web\public\index.php(45): CodeIgniter\CodeIgniter->run()
#11 {main}
CRITICAL - 2020-09-15 11:15:00 --> Invalid file: v_header.php
#0 B:\installer\laragon\www\kitakeren-web\vendor\codeigniter4\framework\system\View\View.php(228): CodeIgniter\Exceptions\FrameworkException::forInvalidFile('v_header.php')
#1 B:\installer\laragon\www\kitakeren-web\vendor\codeigniter4\framework\system\View\View.php(257): CodeIgniter\View\View->render('v_header', Array, true)
#2 B:\installer\laragon\www\kitakeren-web\vendor\codeigniter4\framework\system\Common.php(1119): CodeIgniter\View\View->render('layout/v_head', Array, true)
#3 B:\installer\laragon\www\kitakeren-web\app\Views\layout\v_wrapper.php(2): view('layout/v_head')
#4 B:\installer\laragon\www\kitakeren-web\vendor\codeigniter4\framework\system\View\View.php(246): include('B:\\installer\\la...')
#5 B:\installer\laragon\www\kitakeren-web\vendor\codeigniter4\framework\system\Common.php(1119): CodeIgniter\View\View->render('layout/v_wrappe...', Array, true)
#6 B:\installer\laragon\www\kitakeren-web\app\Controllers\Admin.php(24): view('layout/v_wrappe...', Array)
#7 B:\installer\laragon\www\kitakeren-web\vendor\codeigniter4\framework\system\CodeIgniter.php(918): App\Controllers\Admin->data()
#8 B:\installer\laragon\www\kitakeren-web\vendor\codeigniter4\framework\system\CodeIgniter.php(404): CodeIgniter\CodeIgniter->runController(Object(App\Controllers\Admin))
#9 B:\installer\laragon\www\kitakeren-web\vendor\codeigniter4\framework\system\CodeIgniter.php(312): CodeIgniter\CodeIgniter->handleRequest(NULL, Object(Config\Cache), false)
#10 B:\installer\laragon\www\kitakeren-web\public\index.php(45): CodeIgniter\CodeIgniter->run()
#11 {main}
CRITICAL - 2020-09-15 11:18:16 --> Call to undefined method CodeIgniter\View\View::view()
#0 B:\installer\laragon\www\kitakeren-web\vendor\codeigniter4\framework\system\View\View.php(246): include()
#1 B:\installer\laragon\www\kitakeren-web\vendor\codeigniter4\framework\system\Common.php(1119): CodeIgniter\View\View->render('layout/v_head', Array, true)
#2 B:\installer\laragon\www\kitakeren-web\app\Views\layout\v_wrapper.php(2): view('layout/v_head')
#3 B:\installer\laragon\www\kitakeren-web\vendor\codeigniter4\framework\system\View\View.php(246): include('B:\\installer\\la...')
#4 B:\installer\laragon\www\kitakeren-web\vendor\codeigniter4\framework\system\Common.php(1119): CodeIgniter\View\View->render('layout/v_wrappe...', Array, true)
#5 B:\installer\laragon\www\kitakeren-web\app\Controllers\Admin.php(24): view('layout/v_wrappe...', Array)
#6 B:\installer\laragon\www\kitakeren-web\vendor\codeigniter4\framework\system\CodeIgniter.php(918): App\Controllers\Admin->data()
#7 B:\installer\laragon\www\kitakeren-web\vendor\codeigniter4\framework\system\CodeIgniter.php(404): CodeIgniter\CodeIgniter->runController(Object(App\Controllers\Admin))
#8 B:\installer\laragon\www\kitakeren-web\vendor\codeigniter4\framework\system\CodeIgniter.php(312): CodeIgniter\CodeIgniter->handleRequest(NULL, Object(Config\Cache), false)
#9 B:\installer\laragon\www\kitakeren-web\public\index.php(45): CodeIgniter\CodeIgniter->run()
#10 {main}
CRITICAL - 2020-09-15 11:18:33 --> Call to undefined method CodeIgniter\View\View::view()
#0 B:\installer\laragon\www\kitakeren-web\vendor\codeigniter4\framework\system\View\View.php(246): include()
#1 B:\installer\laragon\www\kitakeren-web\vendor\codeigniter4\framework\system\Common.php(1119): CodeIgniter\View\View->render('layout/v_head', Array, true)
#2 B:\installer\laragon\www\kitakeren-web\app\Views\layout\v_wrapper.php(2): view('layout/v_head')
#3 B:\installer\laragon\www\kitakeren-web\vendor\codeigniter4\framework\system\View\View.php(246): include('B:\\installer\\la...')
#4 B:\installer\laragon\www\kitakeren-web\vendor\codeigniter4\framework\system\Common.php(1119): CodeIgniter\View\View->render('layout/v_wrappe...', Array, true)
#5 B:\installer\laragon\www\kitakeren-web\app\Controllers\Admin.php(24): view('layout/v_wrappe...', Array)
#6 B:\installer\laragon\www\kitakeren-web\vendor\codeigniter4\framework\system\CodeIgniter.php(918): App\Controllers\Admin->data()
#7 B:\installer\laragon\www\kitakeren-web\vendor\codeigniter4\framework\system\CodeIgniter.php(404): CodeIgniter\CodeIgniter->runController(Object(App\Controllers\Admin))
#8 B:\installer\laragon\www\kitakeren-web\vendor\codeigniter4\framework\system\CodeIgniter.php(312): CodeIgniter\CodeIgniter->handleRequest(NULL, Object(Config\Cache), false)
#9 B:\installer\laragon\www\kitakeren-web\public\index.php(45): CodeIgniter\CodeIgniter->run()
#10 {main}
CRITICAL - 2020-09-15 11:29:45 --> syntax error, unexpected 'else' (T_ELSE), expecting ';' or ','
#0 B:\installer\laragon\www\kitakeren-web\vendor\codeigniter4\framework\system\Common.php(1119): CodeIgniter\View\View->render('layout/v_nav', Array, true)
#1 B:\installer\laragon\www\kitakeren-web\app\Views\layout\v_wrapper.php(4): view('layout/v_nav')
#2 B:\installer\laragon\www\kitakeren-web\vendor\codeigniter4\framework\system\View\View.php(246): include('B:\\installer\\la...')
#3 B:\installer\laragon\www\kitakeren-web\vendor\codeigniter4\framework\system\Common.php(1119): CodeIgniter\View\View->render('layout/v_wrappe...', Array, true)
#4 B:\installer\laragon\www\kitakeren-web\app\Controllers\Admin.php(24): view('layout/v_wrappe...', Array)
#5 B:\installer\laragon\www\kitakeren-web\vendor\codeigniter4\framework\system\CodeIgniter.php(918): App\Controllers\Admin->data()
#6 B:\installer\laragon\www\kitakeren-web\vendor\codeigniter4\framework\system\CodeIgniter.php(404): CodeIgniter\CodeIgniter->runController(Object(App\Controllers\Admin))
#7 B:\installer\laragon\www\kitakeren-web\vendor\codeigniter4\framework\system\CodeIgniter.php(312): CodeIgniter\CodeIgniter->handleRequest(NULL, Object(Config\Cache), false)
#8 B:\installer\laragon\www\kitakeren-web\public\index.php(45): CodeIgniter\CodeIgniter->run()
#9 {main}
CRITICAL - 2020-09-15 12:54:54 --> Trying to get property 'nama_dashboard' of non-object
#0 B:\installer\laragon\www\kitakeren-web\app\Views\content\v_data.php(50): CodeIgniter\Debug\Exceptions->errorHandler(8, 'Trying to get p...', 'B:\\installer\\la...', 50, Array)
#1 B:\installer\laragon\www\kitakeren-web\vendor\codeigniter4\framework\system\View\View.php(246): include('B:\\installer\\la...')
#2 B:\installer\laragon\www\kitakeren-web\vendor\codeigniter4\framework\system\Common.php(1119): CodeIgniter\View\View->render('content/v_data', Array, true)
#3 B:\installer\laragon\www\kitakeren-web\app\Views\layout\v_content.php(3): view('content/v_data')
#4 B:\installer\laragon\www\kitakeren-web\vendor\codeigniter4\framework\system\View\View.php(246): include('B:\\installer\\la...')
#5 B:\installer\laragon\www\kitakeren-web\vendor\codeigniter4\framework\system\Common.php(1119): CodeIgniter\View\View->render('layout/v_conten...', Array, true)
#6 B:\installer\laragon\www\kitakeren-web\app\Views\layout\v_wrapper.php(5): view('layout/v_conten...')
#7 B:\installer\laragon\www\kitakeren-web\vendor\codeigniter4\framework\system\View\View.php(246): include('B:\\installer\\la...')
#8 B:\installer\laragon\www\kitakeren-web\vendor\codeigniter4\framework\system\Common.php(1119): CodeIgniter\View\View->render('layout/v_wrappe...', Array, true)
#9 B:\installer\laragon\www\kitakeren-web\app\Controllers\Admin.php(40): view('layout/v_wrappe...', Array)
#10 B:\installer\laragon\www\kitakeren-web\vendor\codeigniter4\framework\system\CodeIgniter.php(918): App\Controllers\Admin->data()
#11 B:\installer\laragon\www\kitakeren-web\vendor\codeigniter4\framework\system\CodeIgniter.php(404): CodeIgniter\CodeIgniter->runController(Object(App\Controllers\Admin))
#12 B:\installer\laragon\www\kitakeren-web\vendor\codeigniter4\framework\system\CodeIgniter.php(312): CodeIgniter\CodeIgniter->handleRequest(NULL, Object(Config\Cache), false)
#13 B:\installer\laragon\www\kitakeren-web\public\index.php(45): CodeIgniter\CodeIgniter->run()
#14 {main}
CRITICAL - 2020-09-15 12:55:51 --> Illegal string offset 'ind'
#0 B:\installer\laragon\www\kitakeren-web\app\Views\content\v_data.php(51): CodeIgniter\Debug\Exceptions->errorHandler(2, 'Illegal string ...', 'B:\\installer\\la...', 51, Array)
#1 B:\installer\laragon\www\kitakeren-web\vendor\codeigniter4\framework\system\View\View.php(246): include('B:\\installer\\la...')
#2 B:\installer\laragon\www\kitakeren-web\vendor\codeigniter4\framework\system\Common.php(1119): CodeIgniter\View\View->render('content/v_data', Array, true)
#3 B:\installer\laragon\www\kitakeren-web\app\Views\layout\v_content.php(3): view('content/v_data')
#4 B:\installer\laragon\www\kitakeren-web\vendor\codeigniter4\framework\system\View\View.php(246): include('B:\\installer\\la...')
#5 B:\installer\laragon\www\kitakeren-web\vendor\codeigniter4\framework\system\Common.php(1119): CodeIgniter\View\View->render('layout/v_conten...', Array, true)
#6 B:\installer\laragon\www\kitakeren-web\app\Views\layout\v_wrapper.php(5): view('layout/v_conten...')
#7 B:\installer\laragon\www\kitakeren-web\vendor\codeigniter4\framework\system\View\View.php(246): include('B:\\installer\\la...')
#8 B:\installer\laragon\www\kitakeren-web\vendor\codeigniter4\framework\system\Common.php(1119): CodeIgniter\View\View->render('layout/v_wrappe...', Array, true)
#9 B:\installer\laragon\www\kitakeren-web\app\Controllers\Admin.php(40): view('layout/v_wrappe...', Array)
#10 B:\installer\laragon\www\kitakeren-web\vendor\codeigniter4\framework\system\CodeIgniter.php(918): App\Controllers\Admin->data()
#11 B:\installer\laragon\www\kitakeren-web\vendor\codeigniter4\framework\system\CodeIgniter.php(404): CodeIgniter\CodeIgniter->runController(Object(App\Controllers\Admin))
#12 B:\installer\laragon\www\kitakeren-web\vendor\codeigniter4\framework\system\CodeIgniter.php(312): CodeIgniter\CodeIgniter->handleRequest(NULL, Object(Config\Cache), false)
#13 B:\installer\laragon\www\kitakeren-web\public\index.php(45): CodeIgniter\CodeIgniter->run()
#14 {main}
CRITICAL - 2020-09-15 13:46:50 --> Undefined variable: hasil
#0 B:\installer\laragon\www\kitakeren-web\app\Views\content\v_data.php(213): CodeIgniter\Debug\Exceptions->errorHandler(8, 'Undefined varia...', 'B:\\installer\\la...', 213, Array)
#1 B:\installer\laragon\www\kitakeren-web\vendor\codeigniter4\framework\system\View\View.php(246): include('B:\\installer\\la...')
#2 B:\installer\laragon\www\kitakeren-web\vendor\codeigniter4\framework\system\Common.php(1119): CodeIgniter\View\View->render('content/v_data', Array, true)
#3 B:\installer\laragon\www\kitakeren-web\app\Views\layout\v_content.php(3): view('content/v_data')
#4 B:\installer\laragon\www\kitakeren-web\vendor\codeigniter4\framework\system\View\View.php(246): include('B:\\installer\\la...')
#5 B:\installer\laragon\www\kitakeren-web\vendor\codeigniter4\framework\system\Common.php(1119): CodeIgniter\View\View->render('layout/v_conten...', Array, true)
#6 B:\installer\laragon\www\kitakeren-web\app\Views\layout\v_wrapper.php(5): view('layout/v_conten...')
#7 B:\installer\laragon\www\kitakeren-web\vendor\codeigniter4\framework\system\View\View.php(246): include('B:\\installer\\la...')
#8 B:\installer\laragon\www\kitakeren-web\vendor\codeigniter4\framework\system\Common.php(1119): CodeIgniter\View\View->render('layout/v_wrappe...', Array, true)
#9 B:\installer\laragon\www\kitakeren-web\app\Controllers\Admin.php(40): view('layout/v_wrappe...', Array)
#10 B:\installer\laragon\www\kitakeren-web\vendor\codeigniter4\framework\system\CodeIgniter.php(918): App\Controllers\Admin->data()
#11 B:\installer\laragon\www\kitakeren-web\vendor\codeigniter4\framework\system\CodeIgniter.php(404): CodeIgniter\CodeIgniter->runController(Object(App\Controllers\Admin))
#12 B:\installer\laragon\www\kitakeren-web\vendor\codeigniter4\framework\system\CodeIgniter.php(312): CodeIgniter\CodeIgniter->handleRequest(NULL, Object(Config\Cache), false)
#13 B:\installer\laragon\www\kitakeren-web\public\index.php(45): CodeIgniter\CodeIgniter->run()
#14 {main}
