CRITICAL - 2020-09-08 21:04:26 --> Undefined property: App\Controllers\Home::$input
#0 B:\installer\laragon\www\kitakeren-web\app\Controllers\Home.php(28): CodeIgniter\Debug\Exceptions->errorHandler(8, 'Undefined prope...', 'B:\\installer\\la...', 28, Array)
#1 B:\installer\laragon\www\kitakeren-web\vendor\codeigniter4\framework\system\CodeIgniter.php(918): App\Controllers\Home->detailD()
#2 B:\installer\laragon\www\kitakeren-web\vendor\codeigniter4\framework\system\CodeIgniter.php(404): CodeIgniter\CodeIgniter->runController(Object(App\Controllers\Home))
#3 B:\installer\laragon\www\kitakeren-web\vendor\codeigniter4\framework\system\CodeIgniter.php(312): CodeIgniter\CodeIgniter->handleRequest(NULL, Object(Config\Cache), false)
#4 B:\installer\laragon\www\kitakeren-web\public\index.php(45): CodeIgniter\CodeIgniter->run()
#5 {main}
CRITICAL - 2020-09-08 21:08:58 --> syntax error, unexpected ')', expecting ']'
#0 B:\installer\laragon\www\kitakeren-web\vendor\codeigniter4\framework\system\Router\Router.php(195): CodeIgniter\Router\Router->autoRoute('home/detailD')
#1 B:\installer\laragon\www\kitakeren-web\vendor\codeigniter4\framework\system\CodeIgniter.php(793): CodeIgniter\Router\Router->handle('home/detailD')
#2 B:\installer\laragon\www\kitakeren-web\vendor\codeigniter4\framework\system\CodeIgniter.php(364): CodeIgniter\CodeIgniter->tryToRouteIt(Object(CodeIgniter\Router\RouteCollection))
#3 B:\installer\laragon\www\kitakeren-web\vendor\codeigniter4\framework\system\CodeIgniter.php(312): CodeIgniter\CodeIgniter->handleRequest(NULL, Object(Config\Cache), false)
#4 B:\installer\laragon\www\kitakeren-web\public\index.php(45): CodeIgniter\CodeIgniter->run()
#5 {main}
CRITICAL - 2020-09-08 21:09:15 --> Cannot use object of type mysqli as array
#0 B:\installer\laragon\www\kitakeren-web\vendor\codeigniter4\framework\system\CodeIgniter.php(918): App\Controllers\Home->detailD()
#1 B:\installer\laragon\www\kitakeren-web\vendor\codeigniter4\framework\system\CodeIgniter.php(404): CodeIgniter\CodeIgniter->runController(Object(App\Controllers\Home))
#2 B:\installer\laragon\www\kitakeren-web\vendor\codeigniter4\framework\system\CodeIgniter.php(312): CodeIgniter\CodeIgniter->handleRequest(NULL, Object(Config\Cache), false)
#3 B:\installer\laragon\www\kitakeren-web\public\index.php(45): CodeIgniter\CodeIgniter->run()
#4 {main}
CRITICAL - 2020-09-08 22:47:19 --> Undefined property: App\Controllers\Home::$db
#0 B:\installer\laragon\www\kitakeren-web\app\Controllers\Home.php(48): CodeIgniter\Debug\Exceptions->errorHandler(8, 'Undefined prope...', 'B:\\installer\\la...', 48, Array)
#1 B:\installer\laragon\www\kitakeren-web\vendor\codeigniter4\framework\system\CodeIgniter.php(918): App\Controllers\Home->register()
#2 B:\installer\laragon\www\kitakeren-web\vendor\codeigniter4\framework\system\CodeIgniter.php(404): CodeIgniter\CodeIgniter->runController(Object(App\Controllers\Home))
#3 B:\installer\laragon\www\kitakeren-web\vendor\codeigniter4\framework\system\CodeIgniter.php(312): CodeIgniter\CodeIgniter->handleRequest(NULL, Object(Config\Cache), false)
#4 B:\installer\laragon\www\kitakeren-web\public\index.php(45): CodeIgniter\CodeIgniter->run()
#5 {main}
CRITICAL - 2020-09-08 22:51:09 --> Call to undefined method CodeIgniter\Database\MySQLi\Result::getFieldCoun()
#0 B:\installer\laragon\www\kitakeren-web\vendor\codeigniter4\framework\system\CodeIgniter.php(918): App\Controllers\Home->login()
#1 B:\installer\laragon\www\kitakeren-web\vendor\codeigniter4\framework\system\CodeIgniter.php(404): CodeIgniter\CodeIgniter->runController(Object(App\Controllers\Home))
#2 B:\installer\laragon\www\kitakeren-web\vendor\codeigniter4\framework\system\CodeIgniter.php(312): CodeIgniter\CodeIgniter->handleRequest(NULL, Object(Config\Cache), false)
#3 B:\installer\laragon\www\kitakeren-web\public\index.php(45): CodeIgniter\CodeIgniter->run()
#4 {main}
