CRITICAL - 2020-10-03 12:35:08 --> Use of undefined constant condition - assumed 'condition' (this will throw an Error in a future version of PHP)
#0 B:\installer\laragon\www\kitakeren-web\app\Views\content\data\list\detail_dashboard.php(18): CodeIgniter\Debug\Exceptions->errorHandler(2, 'Use of undefine...', 'B:\\installer\\la...', 18, Array)
#1 B:\installer\laragon\www\kitakeren-web\vendor\codeigniter4\framework\system\View\View.php(246): include('B:\\installer\\la...')
#2 B:\installer\laragon\www\kitakeren-web\vendor\codeigniter4\framework\system\Common.php(1119): CodeIgniter\View\View->render('content/data/li...', Array, true)
#3 B:\installer\laragon\www\kitakeren-web\app\Controllers\Master.php(286): view('content/data/li...', Array)
#4 B:\installer\laragon\www\kitakeren-web\vendor\codeigniter4\framework\system\CodeIgniter.php(918): App\Controllers\Master->read_detail_dashboard('show', 'detail_dashboar...')
#5 B:\installer\laragon\www\kitakeren-web\vendor\codeigniter4\framework\system\CodeIgniter.php(404): CodeIgniter\CodeIgniter->runController(Object(App\Controllers\Master))
#6 B:\installer\laragon\www\kitakeren-web\vendor\codeigniter4\framework\system\CodeIgniter.php(312): CodeIgniter\CodeIgniter->handleRequest(NULL, Object(Config\Cache), false)
#7 B:\installer\laragon\www\kitakeren-web\public\index.php(45): CodeIgniter\CodeIgniter->run()
#8 {main}
CRITICAL - 2020-10-03 12:35:57 --> Use of undefined constant condition - assumed 'condition' (this will throw an Error in a future version of PHP)
#0 B:\installer\laragon\www\kitakeren-web\app\Views\content\data\list\detail_dashboard.php(18): CodeIgniter\Debug\Exceptions->errorHandler(2, 'Use of undefine...', 'B:\\installer\\la...', 18, Array)
#1 B:\installer\laragon\www\kitakeren-web\vendor\codeigniter4\framework\system\View\View.php(246): include('B:\\installer\\la...')
#2 B:\installer\laragon\www\kitakeren-web\vendor\codeigniter4\framework\system\Common.php(1119): CodeIgniter\View\View->render('content/data/li...', Array, true)
#3 B:\installer\laragon\www\kitakeren-web\app\Controllers\Master.php(286): view('content/data/li...', Array)
#4 B:\installer\laragon\www\kitakeren-web\vendor\codeigniter4\framework\system\CodeIgniter.php(918): App\Controllers\Master->read_detail_dashboard('show', 'detail_dashboar...')
#5 B:\installer\laragon\www\kitakeren-web\vendor\codeigniter4\framework\system\CodeIgniter.php(404): CodeIgniter\CodeIgniter->runController(Object(App\Controllers\Master))
#6 B:\installer\laragon\www\kitakeren-web\vendor\codeigniter4\framework\system\CodeIgniter.php(312): CodeIgniter\CodeIgniter->handleRequest(NULL, Object(Config\Cache), false)
#7 B:\installer\laragon\www\kitakeren-web\public\index.php(45): CodeIgniter\CodeIgniter->run()
#8 {main}
CRITICAL - 2020-10-03 12:36:09 --> Use of undefined constant condition - assumed 'condition' (this will throw an Error in a future version of PHP)
#0 B:\installer\laragon\www\kitakeren-web\app\Views\content\data\list\detail_dashboard.php(18): CodeIgniter\Debug\Exceptions->errorHandler(2, 'Use of undefine...', 'B:\\installer\\la...', 18, Array)
#1 B:\installer\laragon\www\kitakeren-web\vendor\codeigniter4\framework\system\View\View.php(246): include('B:\\installer\\la...')
#2 B:\installer\laragon\www\kitakeren-web\vendor\codeigniter4\framework\system\Common.php(1119): CodeIgniter\View\View->render('content/data/li...', Array, true)
#3 B:\installer\laragon\www\kitakeren-web\app\Controllers\Master.php(286): view('content/data/li...', Array)
#4 B:\installer\laragon\www\kitakeren-web\vendor\codeigniter4\framework\system\CodeIgniter.php(918): App\Controllers\Master->read_detail_dashboard('show', 'detail_dashboar...')
#5 B:\installer\laragon\www\kitakeren-web\vendor\codeigniter4\framework\system\CodeIgniter.php(404): CodeIgniter\CodeIgniter->runController(Object(App\Controllers\Master))
#6 B:\installer\laragon\www\kitakeren-web\vendor\codeigniter4\framework\system\CodeIgniter.php(312): CodeIgniter\CodeIgniter->handleRequest(NULL, Object(Config\Cache), false)
#7 B:\installer\laragon\www\kitakeren-web\public\index.php(45): CodeIgniter\CodeIgniter->run()
#8 {main}
CRITICAL - 2020-10-03 12:37:18 --> Use of undefined constant condition - assumed 'condition' (this will throw an Error in a future version of PHP)
#0 B:\installer\laragon\www\kitakeren-web\app\Views\content\data\list\detail_dashboard.php(18): CodeIgniter\Debug\Exceptions->errorHandler(2, 'Use of undefine...', 'B:\\installer\\la...', 18, Array)
#1 B:\installer\laragon\www\kitakeren-web\vendor\codeigniter4\framework\system\View\View.php(246): include('B:\\installer\\la...')
#2 B:\installer\laragon\www\kitakeren-web\vendor\codeigniter4\framework\system\Common.php(1119): CodeIgniter\View\View->render('content/data/li...', Array, true)
#3 B:\installer\laragon\www\kitakeren-web\app\Controllers\Master.php(286): view('content/data/li...', Array)
#4 B:\installer\laragon\www\kitakeren-web\vendor\codeigniter4\framework\system\CodeIgniter.php(918): App\Controllers\Master->read_detail_dashboard('show', 'detail_dashboar...')
#5 B:\installer\laragon\www\kitakeren-web\vendor\codeigniter4\framework\system\CodeIgniter.php(404): CodeIgniter\CodeIgniter->runController(Object(App\Controllers\Master))
#6 B:\installer\laragon\www\kitakeren-web\vendor\codeigniter4\framework\system\CodeIgniter.php(312): CodeIgniter\CodeIgniter->handleRequest(NULL, Object(Config\Cache), false)
#7 B:\installer\laragon\www\kitakeren-web\public\index.php(45): CodeIgniter\CodeIgniter->run()
#8 {main}
CRITICAL - 2020-10-03 12:37:30 --> Use of undefined constant condition - assumed 'condition' (this will throw an Error in a future version of PHP)
#0 B:\installer\laragon\www\kitakeren-web\app\Views\content\data\list\detail_dashboard.php(18): CodeIgniter\Debug\Exceptions->errorHandler(2, 'Use of undefine...', 'B:\\installer\\la...', 18, Array)
#1 B:\installer\laragon\www\kitakeren-web\vendor\codeigniter4\framework\system\View\View.php(246): include('B:\\installer\\la...')
#2 B:\installer\laragon\www\kitakeren-web\vendor\codeigniter4\framework\system\Common.php(1119): CodeIgniter\View\View->render('content/data/li...', Array, true)
#3 B:\installer\laragon\www\kitakeren-web\app\Controllers\Master.php(286): view('content/data/li...', Array)
#4 B:\installer\laragon\www\kitakeren-web\vendor\codeigniter4\framework\system\CodeIgniter.php(918): App\Controllers\Master->read_detail_dashboard('show', 'detail_dashboar...')
#5 B:\installer\laragon\www\kitakeren-web\vendor\codeigniter4\framework\system\CodeIgniter.php(404): CodeIgniter\CodeIgniter->runController(Object(App\Controllers\Master))
#6 B:\installer\laragon\www\kitakeren-web\vendor\codeigniter4\framework\system\CodeIgniter.php(312): CodeIgniter\CodeIgniter->handleRequest(NULL, Object(Config\Cache), false)
#7 B:\installer\laragon\www\kitakeren-web\public\index.php(45): CodeIgniter\CodeIgniter->run()
#8 {main}
CRITICAL - 2020-10-03 13:40:22 --> Undefined offset: 0
#0 B:\installer\laragon\www\kitakeren-web\app\Controllers\Master.php(49): CodeIgniter\Debug\Exceptions->errorHandler(8, 'Undefined offse...', 'B:\\installer\\la...', 49, Array)
#1 B:\installer\laragon\www\kitakeren-web\app\Controllers\Master.php(27): App\Controllers\Master->show_view()
#2 B:\installer\laragon\www\kitakeren-web\vendor\codeigniter4\framework\system\CodeIgniter.php(918): App\Controllers\Master->index()
#3 B:\installer\laragon\www\kitakeren-web\vendor\codeigniter4\framework\system\CodeIgniter.php(404): CodeIgniter\CodeIgniter->runController(Object(App\Controllers\Master))
#4 B:\installer\laragon\www\kitakeren-web\vendor\codeigniter4\framework\system\CodeIgniter.php(312): CodeIgniter\CodeIgniter->handleRequest(NULL, Object(Config\Cache), false)
#5 B:\installer\laragon\www\kitakeren-web\public\index.php(45): CodeIgniter\CodeIgniter->run()
#6 {main}
CRITICAL - 2020-10-03 14:23:46 --> Unknown column 'id_dashboard' in 'where clause'
#0 B:\installer\laragon\www\kitakeren-web\vendor\codeigniter4\framework\system\Database\MySQLi\Connection.php(331): mysqli->query('SELECT *\nFROM `...')
#1 B:\installer\laragon\www\kitakeren-web\vendor\codeigniter4\framework\system\Database\BaseConnection.php(741): CodeIgniter\Database\MySQLi\Connection->execute('SELECT *\nFROM `...')
#2 B:\installer\laragon\www\kitakeren-web\vendor\codeigniter4\framework\system\Database\BaseConnection.php(669): CodeIgniter\Database\BaseConnection->simpleQuery('SELECT *\nFROM `...')
#3 B:\installer\laragon\www\kitakeren-web\vendor\codeigniter4\framework\system\Database\BaseBuilder.php(1860): CodeIgniter\Database\BaseConnection->query('SELECT *\nFROM `...', Array, false)
#4 B:\installer\laragon\www\kitakeren-web\app\Controllers\Master.php(447): CodeIgniter\Database\BaseBuilder->get(50, 0)
#5 B:\installer\laragon\www\kitakeren-web\vendor\codeigniter4\framework\system\CodeIgniter.php(918): App\Controllers\Master->read_deskripsi('show', 'deskripsi', 'pagination')
#6 B:\installer\laragon\www\kitakeren-web\vendor\codeigniter4\framework\system\CodeIgniter.php(404): CodeIgniter\CodeIgniter->runController(Object(App\Controllers\Master))
#7 B:\installer\laragon\www\kitakeren-web\vendor\codeigniter4\framework\system\CodeIgniter.php(312): CodeIgniter\CodeIgniter->handleRequest(NULL, Object(Config\Cache), false)
#8 B:\installer\laragon\www\kitakeren-web\public\index.php(45): CodeIgniter\CodeIgniter->run()
#9 {main}
CRITICAL - 2020-10-03 14:24:25 --> Unknown column 'id_dashboard' in 'where clause'
#0 B:\installer\laragon\www\kitakeren-web\vendor\codeigniter4\framework\system\Database\MySQLi\Connection.php(331): mysqli->query('SELECT *\nFROM `...')
#1 B:\installer\laragon\www\kitakeren-web\vendor\codeigniter4\framework\system\Database\BaseConnection.php(741): CodeIgniter\Database\MySQLi\Connection->execute('SELECT *\nFROM `...')
#2 B:\installer\laragon\www\kitakeren-web\vendor\codeigniter4\framework\system\Database\BaseConnection.php(669): CodeIgniter\Database\BaseConnection->simpleQuery('SELECT *\nFROM `...')
#3 B:\installer\laragon\www\kitakeren-web\vendor\codeigniter4\framework\system\Database\BaseBuilder.php(1860): CodeIgniter\Database\BaseConnection->query('SELECT *\nFROM `...', Array, false)
#4 B:\installer\laragon\www\kitakeren-web\app\Controllers\Master.php(447): CodeIgniter\Database\BaseBuilder->get(50, 0)
#5 B:\installer\laragon\www\kitakeren-web\vendor\codeigniter4\framework\system\CodeIgniter.php(918): App\Controllers\Master->read_deskripsi('show', 'deskripsi', 'pagination')
#6 B:\installer\laragon\www\kitakeren-web\vendor\codeigniter4\framework\system\CodeIgniter.php(404): CodeIgniter\CodeIgniter->runController(Object(App\Controllers\Master))
#7 B:\installer\laragon\www\kitakeren-web\vendor\codeigniter4\framework\system\CodeIgniter.php(312): CodeIgniter\CodeIgniter->handleRequest(NULL, Object(Config\Cache), false)
#8 B:\installer\laragon\www\kitakeren-web\public\index.php(45): CodeIgniter\CodeIgniter->run()
#9 {main}
CRITICAL - 2020-10-03 14:25:25 --> Unknown column 'id_dashboard' in 'where clause'
#0 B:\installer\laragon\www\kitakeren-web\vendor\codeigniter4\framework\system\Database\MySQLi\Connection.php(331): mysqli->query('SELECT *\nFROM `...')
#1 B:\installer\laragon\www\kitakeren-web\vendor\codeigniter4\framework\system\Database\BaseConnection.php(741): CodeIgniter\Database\MySQLi\Connection->execute('SELECT *\nFROM `...')
#2 B:\installer\laragon\www\kitakeren-web\vendor\codeigniter4\framework\system\Database\BaseConnection.php(669): CodeIgniter\Database\BaseConnection->simpleQuery('SELECT *\nFROM `...')
#3 B:\installer\laragon\www\kitakeren-web\vendor\codeigniter4\framework\system\Database\BaseBuilder.php(1860): CodeIgniter\Database\BaseConnection->query('SELECT *\nFROM `...', Array, false)
#4 B:\installer\laragon\www\kitakeren-web\app\Controllers\Master.php(447): CodeIgniter\Database\BaseBuilder->get(50, 0)
#5 B:\installer\laragon\www\kitakeren-web\vendor\codeigniter4\framework\system\CodeIgniter.php(918): App\Controllers\Master->read_deskripsi('show', 'deskripsi', 'pagination')
#6 B:\installer\laragon\www\kitakeren-web\vendor\codeigniter4\framework\system\CodeIgniter.php(404): CodeIgniter\CodeIgniter->runController(Object(App\Controllers\Master))
#7 B:\installer\laragon\www\kitakeren-web\vendor\codeigniter4\framework\system\CodeIgniter.php(312): CodeIgniter\CodeIgniter->handleRequest(NULL, Object(Config\Cache), false)
#8 B:\installer\laragon\www\kitakeren-web\public\index.php(45): CodeIgniter\CodeIgniter->run()
#9 {main}
CRITICAL - 2020-10-03 14:26:40 --> Unknown column 'id_dashboard' in 'where clause'
#0 B:\installer\laragon\www\kitakeren-web\vendor\codeigniter4\framework\system\Database\MySQLi\Connection.php(331): mysqli->query('SELECT *\nFROM `...')
#1 B:\installer\laragon\www\kitakeren-web\vendor\codeigniter4\framework\system\Database\BaseConnection.php(741): CodeIgniter\Database\MySQLi\Connection->execute('SELECT *\nFROM `...')
#2 B:\installer\laragon\www\kitakeren-web\vendor\codeigniter4\framework\system\Database\BaseConnection.php(669): CodeIgniter\Database\BaseConnection->simpleQuery('SELECT *\nFROM `...')
#3 B:\installer\laragon\www\kitakeren-web\vendor\codeigniter4\framework\system\Database\BaseBuilder.php(1860): CodeIgniter\Database\BaseConnection->query('SELECT *\nFROM `...', Array, false)
#4 B:\installer\laragon\www\kitakeren-web\app\Controllers\Master.php(447): CodeIgniter\Database\BaseBuilder->get(50, 0)
#5 B:\installer\laragon\www\kitakeren-web\vendor\codeigniter4\framework\system\CodeIgniter.php(918): App\Controllers\Master->read_deskripsi('show', 'deskripsi', 'pagination')
#6 B:\installer\laragon\www\kitakeren-web\vendor\codeigniter4\framework\system\CodeIgniter.php(404): CodeIgniter\CodeIgniter->runController(Object(App\Controllers\Master))
#7 B:\installer\laragon\www\kitakeren-web\vendor\codeigniter4\framework\system\CodeIgniter.php(312): CodeIgniter\CodeIgniter->handleRequest(NULL, Object(Config\Cache), false)
#8 B:\installer\laragon\www\kitakeren-web\public\index.php(45): CodeIgniter\CodeIgniter->run()
#9 {main}
CRITICAL - 2020-10-03 14:26:42 --> Undefined offset: 0
#0 B:\installer\laragon\www\kitakeren-web\app\Controllers\Master.php(49): CodeIgniter\Debug\Exceptions->errorHandler(8, 'Undefined offse...', 'B:\\installer\\la...', 49, Array)
#1 B:\installer\laragon\www\kitakeren-web\vendor\codeigniter4\framework\system\CodeIgniter.php(918): App\Controllers\Master->show_view('1', 'DD0001')
#2 B:\installer\laragon\www\kitakeren-web\vendor\codeigniter4\framework\system\CodeIgniter.php(404): CodeIgniter\CodeIgniter->runController(Object(App\Controllers\Master))
#3 B:\installer\laragon\www\kitakeren-web\vendor\codeigniter4\framework\system\CodeIgniter.php(312): CodeIgniter\CodeIgniter->handleRequest(NULL, Object(Config\Cache), false)
#4 B:\installer\laragon\www\kitakeren-web\public\index.php(45): CodeIgniter\CodeIgniter->run()
#5 {main}
CRITICAL - 2020-10-03 14:26:59 --> Undefined offset: 0
#0 B:\installer\laragon\www\kitakeren-web\app\Controllers\Master.php(49): CodeIgniter\Debug\Exceptions->errorHandler(8, 'Undefined offse...', 'B:\\installer\\la...', 49, Array)
#1 B:\installer\laragon\www\kitakeren-web\vendor\codeigniter4\framework\system\CodeIgniter.php(918): App\Controllers\Master->show_view('1', 'DD0001')
#2 B:\installer\laragon\www\kitakeren-web\vendor\codeigniter4\framework\system\CodeIgniter.php(404): CodeIgniter\CodeIgniter->runController(Object(App\Controllers\Master))
#3 B:\installer\laragon\www\kitakeren-web\vendor\codeigniter4\framework\system\CodeIgniter.php(312): CodeIgniter\CodeIgniter->handleRequest(NULL, Object(Config\Cache), false)
#4 B:\installer\laragon\www\kitakeren-web\public\index.php(45): CodeIgniter\CodeIgniter->run()
#5 {main}
CRITICAL - 2020-10-03 14:27:34 --> Unknown column 'id_dashboard' in 'where clause'
#0 B:\installer\laragon\www\kitakeren-web\vendor\codeigniter4\framework\system\Database\MySQLi\Connection.php(331): mysqli->query('SELECT *\nFROM `...')
#1 B:\installer\laragon\www\kitakeren-web\vendor\codeigniter4\framework\system\Database\BaseConnection.php(741): CodeIgniter\Database\MySQLi\Connection->execute('SELECT *\nFROM `...')
#2 B:\installer\laragon\www\kitakeren-web\vendor\codeigniter4\framework\system\Database\BaseConnection.php(669): CodeIgniter\Database\BaseConnection->simpleQuery('SELECT *\nFROM `...')
#3 B:\installer\laragon\www\kitakeren-web\vendor\codeigniter4\framework\system\Database\BaseBuilder.php(1860): CodeIgniter\Database\BaseConnection->query('SELECT *\nFROM `...', Array, false)
#4 B:\installer\laragon\www\kitakeren-web\app\Controllers\Master.php(447): CodeIgniter\Database\BaseBuilder->get(50, 0)
#5 B:\installer\laragon\www\kitakeren-web\vendor\codeigniter4\framework\system\CodeIgniter.php(918): App\Controllers\Master->read_deskripsi('show', 'deskripsi', 'pagination')
#6 B:\installer\laragon\www\kitakeren-web\vendor\codeigniter4\framework\system\CodeIgniter.php(404): CodeIgniter\CodeIgniter->runController(Object(App\Controllers\Master))
#7 B:\installer\laragon\www\kitakeren-web\vendor\codeigniter4\framework\system\CodeIgniter.php(312): CodeIgniter\CodeIgniter->handleRequest(NULL, Object(Config\Cache), false)
#8 B:\installer\laragon\www\kitakeren-web\public\index.php(45): CodeIgniter\CodeIgniter->run()
#9 {main}
CRITICAL - 2020-10-03 14:27:35 --> Unknown column 'id_dashboard' in 'where clause'
#0 B:\installer\laragon\www\kitakeren-web\vendor\codeigniter4\framework\system\Database\MySQLi\Connection.php(331): mysqli->query('SELECT *\nFROM `...')
#1 B:\installer\laragon\www\kitakeren-web\vendor\codeigniter4\framework\system\Database\BaseConnection.php(741): CodeIgniter\Database\MySQLi\Connection->execute('SELECT *\nFROM `...')
#2 B:\installer\laragon\www\kitakeren-web\vendor\codeigniter4\framework\system\Database\BaseConnection.php(669): CodeIgniter\Database\BaseConnection->simpleQuery('SELECT *\nFROM `...')
#3 B:\installer\laragon\www\kitakeren-web\vendor\codeigniter4\framework\system\Database\BaseBuilder.php(1860): CodeIgniter\Database\BaseConnection->query('SELECT *\nFROM `...', Array, false)
#4 B:\installer\laragon\www\kitakeren-web\app\Controllers\Master.php(447): CodeIgniter\Database\BaseBuilder->get(50, 0)
#5 B:\installer\laragon\www\kitakeren-web\vendor\codeigniter4\framework\system\CodeIgniter.php(918): App\Controllers\Master->read_deskripsi('show', 'deskripsi', 'pagination')
#6 B:\installer\laragon\www\kitakeren-web\vendor\codeigniter4\framework\system\CodeIgniter.php(404): CodeIgniter\CodeIgniter->runController(Object(App\Controllers\Master))
#7 B:\installer\laragon\www\kitakeren-web\vendor\codeigniter4\framework\system\CodeIgniter.php(312): CodeIgniter\CodeIgniter->handleRequest(NULL, Object(Config\Cache), false)
#8 B:\installer\laragon\www\kitakeren-web\public\index.php(45): CodeIgniter\CodeIgniter->run()
#9 {main}
CRITICAL - 2020-10-03 14:27:39 --> Unknown column 'id_dashboard' in 'where clause'
#0 B:\installer\laragon\www\kitakeren-web\vendor\codeigniter4\framework\system\Database\MySQLi\Connection.php(331): mysqli->query('SELECT *\nFROM `...')
#1 B:\installer\laragon\www\kitakeren-web\vendor\codeigniter4\framework\system\Database\BaseConnection.php(741): CodeIgniter\Database\MySQLi\Connection->execute('SELECT *\nFROM `...')
#2 B:\installer\laragon\www\kitakeren-web\vendor\codeigniter4\framework\system\Database\BaseConnection.php(669): CodeIgniter\Database\BaseConnection->simpleQuery('SELECT *\nFROM `...')
#3 B:\installer\laragon\www\kitakeren-web\vendor\codeigniter4\framework\system\Database\BaseBuilder.php(1860): CodeIgniter\Database\BaseConnection->query('SELECT *\nFROM `...', Array, false)
#4 B:\installer\laragon\www\kitakeren-web\app\Controllers\Master.php(447): CodeIgniter\Database\BaseBuilder->get(50, 0)
#5 B:\installer\laragon\www\kitakeren-web\vendor\codeigniter4\framework\system\CodeIgniter.php(918): App\Controllers\Master->read_deskripsi('show', 'deskripsi', 'pagination')
#6 B:\installer\laragon\www\kitakeren-web\vendor\codeigniter4\framework\system\CodeIgniter.php(404): CodeIgniter\CodeIgniter->runController(Object(App\Controllers\Master))
#7 B:\installer\laragon\www\kitakeren-web\vendor\codeigniter4\framework\system\CodeIgniter.php(312): CodeIgniter\CodeIgniter->handleRequest(NULL, Object(Config\Cache), false)
#8 B:\installer\laragon\www\kitakeren-web\public\index.php(45): CodeIgniter\CodeIgniter->run()
#9 {main}
CRITICAL - 2020-10-03 14:28:12 --> Unknown column 'id_dashboard' in 'where clause'
#0 B:\installer\laragon\www\kitakeren-web\vendor\codeigniter4\framework\system\Database\MySQLi\Connection.php(331): mysqli->query('SELECT *\nFROM `...')
#1 B:\installer\laragon\www\kitakeren-web\vendor\codeigniter4\framework\system\Database\BaseConnection.php(741): CodeIgniter\Database\MySQLi\Connection->execute('SELECT *\nFROM `...')
#2 B:\installer\laragon\www\kitakeren-web\vendor\codeigniter4\framework\system\Database\BaseConnection.php(669): CodeIgniter\Database\BaseConnection->simpleQuery('SELECT *\nFROM `...')
#3 B:\installer\laragon\www\kitakeren-web\vendor\codeigniter4\framework\system\Database\BaseBuilder.php(1860): CodeIgniter\Database\BaseConnection->query('SELECT *\nFROM `...', Array, false)
#4 B:\installer\laragon\www\kitakeren-web\app\Controllers\Master.php(447): CodeIgniter\Database\BaseBuilder->get(50, 0)
#5 B:\installer\laragon\www\kitakeren-web\vendor\codeigniter4\framework\system\CodeIgniter.php(918): App\Controllers\Master->read_deskripsi('show', 'deskripsi', 'pagination')
#6 B:\installer\laragon\www\kitakeren-web\vendor\codeigniter4\framework\system\CodeIgniter.php(404): CodeIgniter\CodeIgniter->runController(Object(App\Controllers\Master))
#7 B:\installer\laragon\www\kitakeren-web\vendor\codeigniter4\framework\system\CodeIgniter.php(312): CodeIgniter\CodeIgniter->handleRequest(NULL, Object(Config\Cache), false)
#8 B:\installer\laragon\www\kitakeren-web\public\index.php(45): CodeIgniter\CodeIgniter->run()
#9 {main}
CRITICAL - 2020-10-03 14:28:29 --> Unknown column 'id_dashboard' in 'where clause'
#0 B:\installer\laragon\www\kitakeren-web\vendor\codeigniter4\framework\system\Database\MySQLi\Connection.php(331): mysqli->query('SELECT *\nFROM `...')
#1 B:\installer\laragon\www\kitakeren-web\vendor\codeigniter4\framework\system\Database\BaseConnection.php(741): CodeIgniter\Database\MySQLi\Connection->execute('SELECT *\nFROM `...')
#2 B:\installer\laragon\www\kitakeren-web\vendor\codeigniter4\framework\system\Database\BaseConnection.php(669): CodeIgniter\Database\BaseConnection->simpleQuery('SELECT *\nFROM `...')
#3 B:\installer\laragon\www\kitakeren-web\vendor\codeigniter4\framework\system\Database\BaseBuilder.php(1860): CodeIgniter\Database\BaseConnection->query('SELECT *\nFROM `...', Array, false)
#4 B:\installer\laragon\www\kitakeren-web\app\Controllers\Master.php(447): CodeIgniter\Database\BaseBuilder->get(50, 0)
#5 B:\installer\laragon\www\kitakeren-web\vendor\codeigniter4\framework\system\CodeIgniter.php(918): App\Controllers\Master->read_deskripsi('show', 'deskripsi', 'pagination')
#6 B:\installer\laragon\www\kitakeren-web\vendor\codeigniter4\framework\system\CodeIgniter.php(404): CodeIgniter\CodeIgniter->runController(Object(App\Controllers\Master))
#7 B:\installer\laragon\www\kitakeren-web\vendor\codeigniter4\framework\system\CodeIgniter.php(312): CodeIgniter\CodeIgniter->handleRequest(NULL, Object(Config\Cache), false)
#8 B:\installer\laragon\www\kitakeren-web\public\index.php(45): CodeIgniter\CodeIgniter->run()
#9 {main}
CRITICAL - 2020-10-03 14:47:52 --> Unknown column 'id_dashboard' in 'where clause'
#0 B:\installer\laragon\www\kitakeren-web\vendor\codeigniter4\framework\system\Database\MySQLi\Connection.php(331): mysqli->query('SELECT *\nFROM `...')
#1 B:\installer\laragon\www\kitakeren-web\vendor\codeigniter4\framework\system\Database\BaseConnection.php(741): CodeIgniter\Database\MySQLi\Connection->execute('SELECT *\nFROM `...')
#2 B:\installer\laragon\www\kitakeren-web\vendor\codeigniter4\framework\system\Database\BaseConnection.php(669): CodeIgniter\Database\BaseConnection->simpleQuery('SELECT *\nFROM `...')
#3 B:\installer\laragon\www\kitakeren-web\vendor\codeigniter4\framework\system\Database\BaseBuilder.php(1860): CodeIgniter\Database\BaseConnection->query('SELECT *\nFROM `...', Array, false)
#4 B:\installer\laragon\www\kitakeren-web\app\Controllers\Master.php(448): CodeIgniter\Database\BaseBuilder->get(50, 0)
#5 B:\installer\laragon\www\kitakeren-web\vendor\codeigniter4\framework\system\CodeIgniter.php(918): App\Controllers\Master->read_deskripsi('show', 'deskripsi', 'pagination')
#6 B:\installer\laragon\www\kitakeren-web\vendor\codeigniter4\framework\system\CodeIgniter.php(404): CodeIgniter\CodeIgniter->runController(Object(App\Controllers\Master))
#7 B:\installer\laragon\www\kitakeren-web\vendor\codeigniter4\framework\system\CodeIgniter.php(312): CodeIgniter\CodeIgniter->handleRequest(NULL, Object(Config\Cache), false)
#8 B:\installer\laragon\www\kitakeren-web\public\index.php(45): CodeIgniter\CodeIgniter->run()
#9 {main}
CRITICAL - 2020-10-03 15:39:40 --> Undefined offset: 0
#0 B:\installer\laragon\www\kitakeren-web\app\Controllers\Master.php(558): CodeIgniter\Debug\Exceptions->errorHandler(8, 'Undefined offse...', 'B:\\installer\\la...', 558, Array)
#1 B:\installer\laragon\www\kitakeren-web\vendor\codeigniter4\framework\system\CodeIgniter.php(918): App\Controllers\Master->write_deskripsi('delete')
#2 B:\installer\laragon\www\kitakeren-web\vendor\codeigniter4\framework\system\CodeIgniter.php(404): CodeIgniter\CodeIgniter->runController(Object(App\Controllers\Master))
#3 B:\installer\laragon\www\kitakeren-web\vendor\codeigniter4\framework\system\CodeIgniter.php(312): CodeIgniter\CodeIgniter->handleRequest(NULL, Object(Config\Cache), false)
#4 B:\installer\laragon\www\kitakeren-web\public\index.php(45): CodeIgniter\CodeIgniter->run()
#5 {main}
CRITICAL - 2020-10-03 15:40:51 --> Unknown column 'id_deskripsi' in 'where clause'
#0 B:\installer\laragon\www\kitakeren-web\vendor\codeigniter4\framework\system\Database\MySQLi\Connection.php(331): mysqli->query('SELECT *\nFROM `...')
#1 B:\installer\laragon\www\kitakeren-web\vendor\codeigniter4\framework\system\Database\BaseConnection.php(741): CodeIgniter\Database\MySQLi\Connection->execute('SELECT *\nFROM `...')
#2 B:\installer\laragon\www\kitakeren-web\vendor\codeigniter4\framework\system\Database\BaseConnection.php(669): CodeIgniter\Database\BaseConnection->simpleQuery('SELECT *\nFROM `...')
#3 B:\installer\laragon\www\kitakeren-web\vendor\codeigniter4\framework\system\Database\BaseBuilder.php(2019): CodeIgniter\Database\BaseConnection->query('SELECT *\nFROM `...', Array, false)
#4 B:\installer\laragon\www\kitakeren-web\vendor\codeigniter4\framework\system\Model.php(1818): CodeIgniter\Database\BaseBuilder->getWhere(Array)
#5 B:\installer\laragon\www\kitakeren-web\app\Controllers\Master.php(557): CodeIgniter\Model->__call('getWhere', Array)
#6 B:\installer\laragon\www\kitakeren-web\vendor\codeigniter4\framework\system\CodeIgniter.php(918): App\Controllers\Master->write_deskripsi('delete')
#7 B:\installer\laragon\www\kitakeren-web\vendor\codeigniter4\framework\system\CodeIgniter.php(404): CodeIgniter\CodeIgniter->runController(Object(App\Controllers\Master))
#8 B:\installer\laragon\www\kitakeren-web\vendor\codeigniter4\framework\system\CodeIgniter.php(312): CodeIgniter\CodeIgniter->handleRequest(NULL, Object(Config\Cache), false)
#9 B:\installer\laragon\www\kitakeren-web\public\index.php(45): CodeIgniter\CodeIgniter->run()
#10 {main}
