CRITICAL - 2020-09-25 06:43:47 --> Invalid file: content/data/ajax-list-table.php
#0 B:\installer\laragon\www\kitakeren-web\vendor\codeigniter4\framework\system\View\View.php(228): CodeIgniter\Exceptions\FrameworkException::forInvalidFile('content/data/aj...')
#1 B:\installer\laragon\www\kitakeren-web\vendor\codeigniter4\framework\system\Common.php(1119): CodeIgniter\View\View->render('content/data/aj...', Array, true)
#2 B:\installer\laragon\www\kitakeren-web\app\Controllers\Admin.php(105): view('content/data/aj...', Array)
#3 B:\installer\laragon\www\kitakeren-web\vendor\codeigniter4\framework\system\CodeIgniter.php(918): App\Controllers\Admin->read_data('show', 'dashboard')
#4 B:\installer\laragon\www\kitakeren-web\vendor\codeigniter4\framework\system\CodeIgniter.php(404): CodeIgniter\CodeIgniter->runController(Object(App\Controllers\Admin))
#5 B:\installer\laragon\www\kitakeren-web\vendor\codeigniter4\framework\system\CodeIgniter.php(312): CodeIgniter\CodeIgniter->handleRequest(NULL, Object(Config\Cache), false)
#6 B:\installer\laragon\www\kitakeren-web\public\index.php(45): CodeIgniter\CodeIgniter->run()
#7 {main}
CRITICAL - 2020-09-25 06:45:02 --> A non-numeric value encountered
#0 B:\installer\laragon\www\kitakeren-web\app\Controllers\Admin.php(105): CodeIgniter\Debug\Exceptions->errorHandler(2, 'A non-numeric v...', 'B:\\installer\\la...', 105, Array)
#1 B:\installer\laragon\www\kitakeren-web\vendor\codeigniter4\framework\system\CodeIgniter.php(918): App\Controllers\Admin->read_data('show', 'dashboard')
#2 B:\installer\laragon\www\kitakeren-web\vendor\codeigniter4\framework\system\CodeIgniter.php(404): CodeIgniter\CodeIgniter->runController(Object(App\Controllers\Admin))
#3 B:\installer\laragon\www\kitakeren-web\vendor\codeigniter4\framework\system\CodeIgniter.php(312): CodeIgniter\CodeIgniter->handleRequest(NULL, Object(Config\Cache), false)
#4 B:\installer\laragon\www\kitakeren-web\public\index.php(45): CodeIgniter\CodeIgniter->run()
#5 {main}
CRITICAL - 2020-09-25 08:26:06 --> Undefined index: nama_dashboard
#0 B:\installer\laragon\www\kitakeren-web\app\Controllers\Master.php(224): CodeIgniter\Debug\Exceptions->errorHandler(8, 'Undefined index...', 'B:\\installer\\la...', 224, Array)
#1 B:\installer\laragon\www\kitakeren-web\vendor\codeigniter4\framework\system\CodeIgniter.php(918): App\Controllers\Master->read_detail_dashboard('show', 'detail_dashboar...', 'pagination')
#2 B:\installer\laragon\www\kitakeren-web\vendor\codeigniter4\framework\system\CodeIgniter.php(404): CodeIgniter\CodeIgniter->runController(Object(App\Controllers\Master))
#3 B:\installer\laragon\www\kitakeren-web\vendor\codeigniter4\framework\system\CodeIgniter.php(312): CodeIgniter\CodeIgniter->handleRequest(NULL, Object(Config\Cache), false)
#4 B:\installer\laragon\www\kitakeren-web\public\index.php(45): CodeIgniter\CodeIgniter->run()
#5 {main}
CRITICAL - 2020-09-25 08:26:37 --> Undefined index: nama_dashboard
#0 B:\installer\laragon\www\kitakeren-web\app\Controllers\Master.php(224): CodeIgniter\Debug\Exceptions->errorHandler(8, 'Undefined index...', 'B:\\installer\\la...', 224, Array)
#1 B:\installer\laragon\www\kitakeren-web\vendor\codeigniter4\framework\system\CodeIgniter.php(918): App\Controllers\Master->read_detail_dashboard('show', 'detail_dashboar...', 'pagination')
#2 B:\installer\laragon\www\kitakeren-web\vendor\codeigniter4\framework\system\CodeIgniter.php(404): CodeIgniter\CodeIgniter->runController(Object(App\Controllers\Master))
#3 B:\installer\laragon\www\kitakeren-web\vendor\codeigniter4\framework\system\CodeIgniter.php(312): CodeIgniter\CodeIgniter->handleRequest(NULL, Object(Config\Cache), false)
#4 B:\installer\laragon\www\kitakeren-web\public\index.php(45): CodeIgniter\CodeIgniter->run()
#5 {main}
CRITICAL - 2020-09-25 08:35:42 --> Invalid file: data/v_dashboard.php
#0 B:\installer\laragon\www\kitakeren-web\vendor\codeigniter4\framework\system\View\View.php(228): CodeIgniter\Exceptions\FrameworkException::forInvalidFile('data/v_dashboar...')
#1 B:\installer\laragon\www\kitakeren-web\vendor\codeigniter4\framework\system\View\View.php(525): CodeIgniter\View\View->render('data/v_dashboar...', NULL, true)
#2 B:\installer\laragon\www\kitakeren-web\app\Views\content\v_data.php(23): CodeIgniter\View\View->include('data/v_dashboar...')
#3 B:\installer\laragon\www\kitakeren-web\vendor\codeigniter4\framework\system\View\View.php(246): include('B:\\installer\\la...')
#4 B:\installer\laragon\www\kitakeren-web\vendor\codeigniter4\framework\system\Common.php(1119): CodeIgniter\View\View->render('content/v_data', Array, true)
#5 B:\installer\laragon\www\kitakeren-web\app\Views\layout\v_content.php(3): view('content/v_data')
#6 B:\installer\laragon\www\kitakeren-web\vendor\codeigniter4\framework\system\View\View.php(246): include('B:\\installer\\la...')
#7 B:\installer\laragon\www\kitakeren-web\vendor\codeigniter4\framework\system\Common.php(1119): CodeIgniter\View\View->render('layout/v_conten...', Array, true)
#8 B:\installer\laragon\www\kitakeren-web\app\Views\layout\v_wrapper.php(5): view('layout/v_conten...')
#9 B:\installer\laragon\www\kitakeren-web\vendor\codeigniter4\framework\system\View\View.php(246): include('B:\\installer\\la...')
#10 B:\installer\laragon\www\kitakeren-web\vendor\codeigniter4\framework\system\Common.php(1119): CodeIgniter\View\View->render('layout/v_wrappe...', Array, true)
#11 B:\installer\laragon\www\kitakeren-web\app\Controllers\Master.php(29): view('layout/v_wrappe...', Array)
#12 B:\installer\laragon\www\kitakeren-web\vendor\codeigniter4\framework\system\CodeIgniter.php(918): App\Controllers\Master->index()
#13 B:\installer\laragon\www\kitakeren-web\vendor\codeigniter4\framework\system\CodeIgniter.php(404): CodeIgniter\CodeIgniter->runController(Object(App\Controllers\Master))
#14 B:\installer\laragon\www\kitakeren-web\vendor\codeigniter4\framework\system\CodeIgniter.php(312): CodeIgniter\CodeIgniter->handleRequest(NULL, Object(Config\Cache), false)
#15 B:\installer\laragon\www\kitakeren-web\public\index.php(45): CodeIgniter\CodeIgniter->run()
#16 {main}
CRITICAL - 2020-09-25 08:44:46 --> Invalid file: data/v_dashboard.php
#0 B:\installer\laragon\www\kitakeren-web\vendor\codeigniter4\framework\system\View\View.php(228): CodeIgniter\Exceptions\FrameworkException::forInvalidFile('data/v_dashboar...')
#1 B:\installer\laragon\www\kitakeren-web\vendor\codeigniter4\framework\system\Common.php(1119): CodeIgniter\View\View->render('data/v_dashboar...', Array, true)
#2 B:\installer\laragon\www\kitakeren-web\app\Views\content\v_data.php(23): view('data/v_dashboar...')
#3 B:\installer\laragon\www\kitakeren-web\vendor\codeigniter4\framework\system\View\View.php(246): include('B:\\installer\\la...')
#4 B:\installer\laragon\www\kitakeren-web\vendor\codeigniter4\framework\system\Common.php(1119): CodeIgniter\View\View->render('content/v_data', Array, true)
#5 B:\installer\laragon\www\kitakeren-web\app\Views\layout\v_content.php(3): view('content/v_data')
#6 B:\installer\laragon\www\kitakeren-web\vendor\codeigniter4\framework\system\View\View.php(246): include('B:\\installer\\la...')
#7 B:\installer\laragon\www\kitakeren-web\vendor\codeigniter4\framework\system\Common.php(1119): CodeIgniter\View\View->render('layout/v_conten...', Array, true)
#8 B:\installer\laragon\www\kitakeren-web\app\Views\layout\v_wrapper.php(5): view('layout/v_conten...')
#9 B:\installer\laragon\www\kitakeren-web\vendor\codeigniter4\framework\system\View\View.php(246): include('B:\\installer\\la...')
#10 B:\installer\laragon\www\kitakeren-web\vendor\codeigniter4\framework\system\Common.php(1119): CodeIgniter\View\View->render('layout/v_wrappe...', Array, true)
#11 B:\installer\laragon\www\kitakeren-web\app\Controllers\Master.php(29): view('layout/v_wrappe...', Array)
#12 B:\installer\laragon\www\kitakeren-web\vendor\codeigniter4\framework\system\CodeIgniter.php(918): App\Controllers\Master->index()
#13 B:\installer\laragon\www\kitakeren-web\vendor\codeigniter4\framework\system\CodeIgniter.php(404): CodeIgniter\CodeIgniter->runController(Object(App\Controllers\Master))
#14 B:\installer\laragon\www\kitakeren-web\vendor\codeigniter4\framework\system\CodeIgniter.php(312): CodeIgniter\CodeIgniter->handleRequest(NULL, Object(Config\Cache), false)
#15 B:\installer\laragon\www\kitakeren-web\public\index.php(45): CodeIgniter\CodeIgniter->run()
#16 {main}
CRITICAL - 2020-09-25 08:45:32 --> Invalid file: data\v_dashboard.php
#0 B:\installer\laragon\www\kitakeren-web\vendor\codeigniter4\framework\system\View\View.php(228): CodeIgniter\Exceptions\FrameworkException::forInvalidFile('data\\v_dashboar...')
#1 B:\installer\laragon\www\kitakeren-web\vendor\codeigniter4\framework\system\Common.php(1119): CodeIgniter\View\View->render('data\\v_dashboar...', Array, true)
#2 B:\installer\laragon\www\kitakeren-web\app\Views\content\v_data.php(23): view('data\\v_dashboar...')
#3 B:\installer\laragon\www\kitakeren-web\vendor\codeigniter4\framework\system\View\View.php(246): include('B:\\installer\\la...')
#4 B:\installer\laragon\www\kitakeren-web\vendor\codeigniter4\framework\system\Common.php(1119): CodeIgniter\View\View->render('content/v_data', Array, true)
#5 B:\installer\laragon\www\kitakeren-web\app\Views\layout\v_content.php(3): view('content/v_data')
#6 B:\installer\laragon\www\kitakeren-web\vendor\codeigniter4\framework\system\View\View.php(246): include('B:\\installer\\la...')
#7 B:\installer\laragon\www\kitakeren-web\vendor\codeigniter4\framework\system\Common.php(1119): CodeIgniter\View\View->render('layout/v_conten...', Array, true)
#8 B:\installer\laragon\www\kitakeren-web\app\Views\layout\v_wrapper.php(5): view('layout/v_conten...')
#9 B:\installer\laragon\www\kitakeren-web\vendor\codeigniter4\framework\system\View\View.php(246): include('B:\\installer\\la...')
#10 B:\installer\laragon\www\kitakeren-web\vendor\codeigniter4\framework\system\Common.php(1119): CodeIgniter\View\View->render('layout/v_wrappe...', Array, true)
#11 B:\installer\laragon\www\kitakeren-web\app\Controllers\Master.php(29): view('layout/v_wrappe...', Array)
#12 B:\installer\laragon\www\kitakeren-web\vendor\codeigniter4\framework\system\CodeIgniter.php(918): App\Controllers\Master->index()
#13 B:\installer\laragon\www\kitakeren-web\vendor\codeigniter4\framework\system\CodeIgniter.php(404): CodeIgniter\CodeIgniter->runController(Object(App\Controllers\Master))
#14 B:\installer\laragon\www\kitakeren-web\vendor\codeigniter4\framework\system\CodeIgniter.php(312): CodeIgniter\CodeIgniter->handleRequest(NULL, Object(Config\Cache), false)
#15 B:\installer\laragon\www\kitakeren-web\public\index.php(45): CodeIgniter\CodeIgniter->run()
#16 {main}
CRITICAL - 2020-09-25 08:46:44 --> Invalid file: content/data/v_dashboard.php
#0 B:\installer\laragon\www\kitakeren-web\vendor\codeigniter4\framework\system\View\View.php(228): CodeIgniter\Exceptions\FrameworkException::forInvalidFile('content/data/v_...')
#1 B:\installer\laragon\www\kitakeren-web\vendor\codeigniter4\framework\system\Common.php(1119): CodeIgniter\View\View->render('content/data/v_...', Array, true)
#2 B:\installer\laragon\www\kitakeren-web\app\Views\content\v_data.php(23): view('content/data/v_...')
#3 B:\installer\laragon\www\kitakeren-web\vendor\codeigniter4\framework\system\View\View.php(246): include('B:\\installer\\la...')
#4 B:\installer\laragon\www\kitakeren-web\vendor\codeigniter4\framework\system\Common.php(1119): CodeIgniter\View\View->render('content/v_data', Array, true)
#5 B:\installer\laragon\www\kitakeren-web\app\Views\layout\v_content.php(3): view('content/v_data')
#6 B:\installer\laragon\www\kitakeren-web\vendor\codeigniter4\framework\system\View\View.php(246): include('B:\\installer\\la...')
#7 B:\installer\laragon\www\kitakeren-web\vendor\codeigniter4\framework\system\Common.php(1119): CodeIgniter\View\View->render('layout/v_conten...', Array, true)
#8 B:\installer\laragon\www\kitakeren-web\app\Views\layout\v_wrapper.php(5): view('layout/v_conten...')
#9 B:\installer\laragon\www\kitakeren-web\vendor\codeigniter4\framework\system\View\View.php(246): include('B:\\installer\\la...')
#10 B:\installer\laragon\www\kitakeren-web\vendor\codeigniter4\framework\system\Common.php(1119): CodeIgniter\View\View->render('layout/v_wrappe...', Array, true)
#11 B:\installer\laragon\www\kitakeren-web\app\Controllers\Master.php(29): view('layout/v_wrappe...', Array)
#12 B:\installer\laragon\www\kitakeren-web\vendor\codeigniter4\framework\system\CodeIgniter.php(918): App\Controllers\Master->index()
#13 B:\installer\laragon\www\kitakeren-web\vendor\codeigniter4\framework\system\CodeIgniter.php(404): CodeIgniter\CodeIgniter->runController(Object(App\Controllers\Master))
#14 B:\installer\laragon\www\kitakeren-web\vendor\codeigniter4\framework\system\CodeIgniter.php(312): CodeIgniter\CodeIgniter->handleRequest(NULL, Object(Config\Cache), false)
#15 B:\installer\laragon\www\kitakeren-web\public\index.php(45): CodeIgniter\CodeIgniter->run()
#16 {main}
CRITICAL - 2020-09-25 08:49:32 --> Call to undefined method CodeIgniter\View\View::view()
#0 B:\installer\laragon\www\kitakeren-web\vendor\codeigniter4\framework\system\View\View.php(246): include()
#1 B:\installer\laragon\www\kitakeren-web\vendor\codeigniter4\framework\system\Common.php(1119): CodeIgniter\View\View->render('content/v_data', Array, true)
#2 B:\installer\laragon\www\kitakeren-web\app\Views\layout\v_content.php(3): view('content/v_data')
#3 B:\installer\laragon\www\kitakeren-web\vendor\codeigniter4\framework\system\View\View.php(246): include('B:\\installer\\la...')
#4 B:\installer\laragon\www\kitakeren-web\vendor\codeigniter4\framework\system\Common.php(1119): CodeIgniter\View\View->render('layout/v_conten...', Array, true)
#5 B:\installer\laragon\www\kitakeren-web\app\Views\layout\v_wrapper.php(5): view('layout/v_conten...')
#6 B:\installer\laragon\www\kitakeren-web\vendor\codeigniter4\framework\system\View\View.php(246): include('B:\\installer\\la...')
#7 B:\installer\laragon\www\kitakeren-web\vendor\codeigniter4\framework\system\Common.php(1119): CodeIgniter\View\View->render('layout/v_wrappe...', Array, true)
#8 B:\installer\laragon\www\kitakeren-web\app\Controllers\Master.php(29): view('layout/v_wrappe...', Array)
#9 B:\installer\laragon\www\kitakeren-web\vendor\codeigniter4\framework\system\CodeIgniter.php(918): App\Controllers\Master->index()
#10 B:\installer\laragon\www\kitakeren-web\vendor\codeigniter4\framework\system\CodeIgniter.php(404): CodeIgniter\CodeIgniter->runController(Object(App\Controllers\Master))
#11 B:\installer\laragon\www\kitakeren-web\vendor\codeigniter4\framework\system\CodeIgniter.php(312): CodeIgniter\CodeIgniter->handleRequest(NULL, Object(Config\Cache), false)
#12 B:\installer\laragon\www\kitakeren-web\public\index.php(45): CodeIgniter\CodeIgniter->run()
#13 {main}
CRITICAL - 2020-09-25 08:52:17 --> Undefined property: CodeIgniter\View\View::$dash
#0 B:\installer\laragon\www\kitakeren-web\app\Views\content\v_data.php(24): CodeIgniter\Debug\Exceptions->errorHandler(8, 'Undefined prope...', 'B:\\installer\\la...', 24, Array)
#1 B:\installer\laragon\www\kitakeren-web\vendor\codeigniter4\framework\system\View\View.php(246): include('B:\\installer\\la...')
#2 B:\installer\laragon\www\kitakeren-web\vendor\codeigniter4\framework\system\Common.php(1119): CodeIgniter\View\View->render('content/v_data', Array, true)
#3 B:\installer\laragon\www\kitakeren-web\app\Views\layout\v_content.php(3): view('content/v_data')
#4 B:\installer\laragon\www\kitakeren-web\vendor\codeigniter4\framework\system\View\View.php(246): include('B:\\installer\\la...')
#5 B:\installer\laragon\www\kitakeren-web\vendor\codeigniter4\framework\system\Common.php(1119): CodeIgniter\View\View->render('layout/v_conten...', Array, true)
#6 B:\installer\laragon\www\kitakeren-web\app\Views\layout\v_wrapper.php(5): view('layout/v_conten...')
#7 B:\installer\laragon\www\kitakeren-web\vendor\codeigniter4\framework\system\View\View.php(246): include('B:\\installer\\la...')
#8 B:\installer\laragon\www\kitakeren-web\vendor\codeigniter4\framework\system\Common.php(1119): CodeIgniter\View\View->render('layout/v_wrappe...', Array, true)
#9 B:\installer\laragon\www\kitakeren-web\app\Controllers\Master.php(29): view('layout/v_wrappe...', Array)
#10 B:\installer\laragon\www\kitakeren-web\vendor\codeigniter4\framework\system\CodeIgniter.php(918): App\Controllers\Master->index()
#11 B:\installer\laragon\www\kitakeren-web\vendor\codeigniter4\framework\system\CodeIgniter.php(404): CodeIgniter\CodeIgniter->runController(Object(App\Controllers\Master))
#12 B:\installer\laragon\www\kitakeren-web\vendor\codeigniter4\framework\system\CodeIgniter.php(312): CodeIgniter\CodeIgniter->handleRequest(NULL, Object(Config\Cache), false)
#13 B:\installer\laragon\www\kitakeren-web\public\index.php(45): CodeIgniter\CodeIgniter->run()
#14 {main}
CRITICAL - 2020-09-25 08:52:36 --> Call to undefined method CodeIgniter\View\View::view()
#0 B:\installer\laragon\www\kitakeren-web\vendor\codeigniter4\framework\system\View\View.php(246): include()
#1 B:\installer\laragon\www\kitakeren-web\vendor\codeigniter4\framework\system\Common.php(1119): CodeIgniter\View\View->render('content/v_data', Array, true)
#2 B:\installer\laragon\www\kitakeren-web\app\Views\layout\v_content.php(3): view('content/v_data')
#3 B:\installer\laragon\www\kitakeren-web\vendor\codeigniter4\framework\system\View\View.php(246): include('B:\\installer\\la...')
#4 B:\installer\laragon\www\kitakeren-web\vendor\codeigniter4\framework\system\Common.php(1119): CodeIgniter\View\View->render('layout/v_conten...', Array, true)
#5 B:\installer\laragon\www\kitakeren-web\app\Views\layout\v_wrapper.php(5): view('layout/v_conten...')
#6 B:\installer\laragon\www\kitakeren-web\vendor\codeigniter4\framework\system\View\View.php(246): include('B:\\installer\\la...')
#7 B:\installer\laragon\www\kitakeren-web\vendor\codeigniter4\framework\system\Common.php(1119): CodeIgniter\View\View->render('layout/v_wrappe...', Array, true)
#8 B:\installer\laragon\www\kitakeren-web\app\Controllers\Master.php(29): view('layout/v_wrappe...', Array)
#9 B:\installer\laragon\www\kitakeren-web\vendor\codeigniter4\framework\system\CodeIgniter.php(918): App\Controllers\Master->index()
#10 B:\installer\laragon\www\kitakeren-web\vendor\codeigniter4\framework\system\CodeIgniter.php(404): CodeIgniter\CodeIgniter->runController(Object(App\Controllers\Master))
#11 B:\installer\laragon\www\kitakeren-web\vendor\codeigniter4\framework\system\CodeIgniter.php(312): CodeIgniter\CodeIgniter->handleRequest(NULL, Object(Config\Cache), false)
#12 B:\installer\laragon\www\kitakeren-web\public\index.php(45): CodeIgniter\CodeIgniter->run()
#13 {main}
CRITICAL - 2020-09-25 08:52:48 --> Invalid file: content/data/v_dashboard.php
#0 B:\installer\laragon\www\kitakeren-web\vendor\codeigniter4\framework\system\View\View.php(228): CodeIgniter\Exceptions\FrameworkException::forInvalidFile('content/data/v_...')
#1 B:\installer\laragon\www\kitakeren-web\vendor\codeigniter4\framework\system\Common.php(1119): CodeIgniter\View\View->render('content/data/v_...', Array, true)
#2 B:\installer\laragon\www\kitakeren-web\app\Views\content\v_data.php(28): view('content/data/v_...', Array)
#3 B:\installer\laragon\www\kitakeren-web\vendor\codeigniter4\framework\system\View\View.php(246): include('B:\\installer\\la...')
#4 B:\installer\laragon\www\kitakeren-web\vendor\codeigniter4\framework\system\Common.php(1119): CodeIgniter\View\View->render('content/v_data', Array, true)
#5 B:\installer\laragon\www\kitakeren-web\app\Views\layout\v_content.php(3): view('content/v_data')
#6 B:\installer\laragon\www\kitakeren-web\vendor\codeigniter4\framework\system\View\View.php(246): include('B:\\installer\\la...')
#7 B:\installer\laragon\www\kitakeren-web\vendor\codeigniter4\framework\system\Common.php(1119): CodeIgniter\View\View->render('layout/v_conten...', Array, true)
#8 B:\installer\laragon\www\kitakeren-web\app\Views\layout\v_wrapper.php(5): view('layout/v_conten...')
#9 B:\installer\laragon\www\kitakeren-web\vendor\codeigniter4\framework\system\View\View.php(246): include('B:\\installer\\la...')
#10 B:\installer\laragon\www\kitakeren-web\vendor\codeigniter4\framework\system\Common.php(1119): CodeIgniter\View\View->render('layout/v_wrappe...', Array, true)
#11 B:\installer\laragon\www\kitakeren-web\app\Controllers\Master.php(29): view('layout/v_wrappe...', Array)
#12 B:\installer\laragon\www\kitakeren-web\vendor\codeigniter4\framework\system\CodeIgniter.php(918): App\Controllers\Master->index()
#13 B:\installer\laragon\www\kitakeren-web\vendor\codeigniter4\framework\system\CodeIgniter.php(404): CodeIgniter\CodeIgniter->runController(Object(App\Controllers\Master))
#14 B:\installer\laragon\www\kitakeren-web\vendor\codeigniter4\framework\system\CodeIgniter.php(312): CodeIgniter\CodeIgniter->handleRequest(NULL, Object(Config\Cache), false)
#15 B:\installer\laragon\www\kitakeren-web\public\index.php(45): CodeIgniter\CodeIgniter->run()
#16 {main}
CRITICAL - 2020-09-25 08:55:10 --> Invalid file: content/data/v_dashboard.php
#0 B:\installer\laragon\www\kitakeren-web\vendor\codeigniter4\framework\system\View\View.php(228): CodeIgniter\Exceptions\FrameworkException::forInvalidFile('content/data/v_...')
#1 B:\installer\laragon\www\kitakeren-web\vendor\codeigniter4\framework\system\Common.php(1119): CodeIgniter\View\View->render('content/data/v_...', Array, true)
#2 B:\installer\laragon\www\kitakeren-web\app\Views\content\v_data.php(28): view('content/data/v_...')
#3 B:\installer\laragon\www\kitakeren-web\vendor\codeigniter4\framework\system\View\View.php(246): include('B:\\installer\\la...')
#4 B:\installer\laragon\www\kitakeren-web\vendor\codeigniter4\framework\system\Common.php(1119): CodeIgniter\View\View->render('content/v_data', Array, true)
#5 B:\installer\laragon\www\kitakeren-web\app\Views\layout\v_content.php(3): view('content/v_data')
#6 B:\installer\laragon\www\kitakeren-web\vendor\codeigniter4\framework\system\View\View.php(246): include('B:\\installer\\la...')
#7 B:\installer\laragon\www\kitakeren-web\vendor\codeigniter4\framework\system\Common.php(1119): CodeIgniter\View\View->render('layout/v_conten...', Array, true)
#8 B:\installer\laragon\www\kitakeren-web\app\Views\layout\v_wrapper.php(5): view('layout/v_conten...')
#9 B:\installer\laragon\www\kitakeren-web\vendor\codeigniter4\framework\system\View\View.php(246): include('B:\\installer\\la...')
#10 B:\installer\laragon\www\kitakeren-web\vendor\codeigniter4\framework\system\Common.php(1119): CodeIgniter\View\View->render('layout/v_wrappe...', Array, true)
#11 B:\installer\laragon\www\kitakeren-web\app\Controllers\Master.php(29): view('layout/v_wrappe...', Array)
#12 B:\installer\laragon\www\kitakeren-web\vendor\codeigniter4\framework\system\CodeIgniter.php(918): App\Controllers\Master->index()
#13 B:\installer\laragon\www\kitakeren-web\vendor\codeigniter4\framework\system\CodeIgniter.php(404): CodeIgniter\CodeIgniter->runController(Object(App\Controllers\Master))
#14 B:\installer\laragon\www\kitakeren-web\vendor\codeigniter4\framework\system\CodeIgniter.php(312): CodeIgniter\CodeIgniter->handleRequest(NULL, Object(Config\Cache), false)
#15 B:\installer\laragon\www\kitakeren-web\public\index.php(45): CodeIgniter\CodeIgniter->run()
#16 {main}
CRITICAL - 2020-09-25 08:56:30 --> Invalid file: content.v_home
#0 B:\installer\laragon\www\kitakeren-web\vendor\codeigniter4\framework\system\View\View.php(228): CodeIgniter\Exceptions\FrameworkException::forInvalidFile('content.v_home')
#1 B:\installer\laragon\www\kitakeren-web\vendor\codeigniter4\framework\system\Common.php(1119): CodeIgniter\View\View->render('content.v_home', Array, true)
#2 B:\installer\laragon\www\kitakeren-web\app\Views\content\v_data.php(23): view('content.v_home')
#3 B:\installer\laragon\www\kitakeren-web\vendor\codeigniter4\framework\system\View\View.php(246): include('B:\\installer\\la...')
#4 B:\installer\laragon\www\kitakeren-web\vendor\codeigniter4\framework\system\Common.php(1119): CodeIgniter\View\View->render('content/v_data', Array, true)
#5 B:\installer\laragon\www\kitakeren-web\app\Views\layout\v_content.php(3): view('content/v_data')
#6 B:\installer\laragon\www\kitakeren-web\vendor\codeigniter4\framework\system\View\View.php(246): include('B:\\installer\\la...')
#7 B:\installer\laragon\www\kitakeren-web\vendor\codeigniter4\framework\system\Common.php(1119): CodeIgniter\View\View->render('layout/v_conten...', Array, true)
#8 B:\installer\laragon\www\kitakeren-web\app\Views\layout\v_wrapper.php(5): view('layout/v_conten...')
#9 B:\installer\laragon\www\kitakeren-web\vendor\codeigniter4\framework\system\View\View.php(246): include('B:\\installer\\la...')
#10 B:\installer\laragon\www\kitakeren-web\vendor\codeigniter4\framework\system\Common.php(1119): CodeIgniter\View\View->render('layout/v_wrappe...', Array, true)
#11 B:\installer\laragon\www\kitakeren-web\app\Controllers\Master.php(29): view('layout/v_wrappe...', Array)
#12 B:\installer\laragon\www\kitakeren-web\vendor\codeigniter4\framework\system\CodeIgniter.php(918): App\Controllers\Master->index()
#13 B:\installer\laragon\www\kitakeren-web\vendor\codeigniter4\framework\system\CodeIgniter.php(404): CodeIgniter\CodeIgniter->runController(Object(App\Controllers\Master))
#14 B:\installer\laragon\www\kitakeren-web\vendor\codeigniter4\framework\system\CodeIgniter.php(312): CodeIgniter\CodeIgniter->handleRequest(NULL, Object(Config\Cache), false)
#15 B:\installer\laragon\www\kitakeren-web\public\index.php(45): CodeIgniter\CodeIgniter->run()
#16 {main}
CRITICAL - 2020-09-25 10:12:11 --> Invalid file: content/data/detail_dashboard.php
#0 B:\installer\laragon\www\kitakeren-web\vendor\codeigniter4\framework\system\View\View.php(228): CodeIgniter\Exceptions\FrameworkException::forInvalidFile('content/data/de...')
#1 B:\installer\laragon\www\kitakeren-web\vendor\codeigniter4\framework\system\Common.php(1119): CodeIgniter\View\View->render('content/data/de...', Array, true)
#2 B:\installer\laragon\www\kitakeren-web\app\Controllers\Master.php(244): view('content/data/de...', Array)
#3 B:\installer\laragon\www\kitakeren-web\vendor\codeigniter4\framework\system\CodeIgniter.php(918): App\Controllers\Master->read_detail_dashboard('show', 'detail_dashboar...')
#4 B:\installer\laragon\www\kitakeren-web\vendor\codeigniter4\framework\system\CodeIgniter.php(404): CodeIgniter\CodeIgniter->runController(Object(App\Controllers\Master))
#5 B:\installer\laragon\www\kitakeren-web\vendor\codeigniter4\framework\system\CodeIgniter.php(312): CodeIgniter\CodeIgniter->handleRequest(NULL, Object(Config\Cache), false)
#6 B:\installer\laragon\www\kitakeren-web\public\index.php(45): CodeIgniter\CodeIgniter->run()
#7 {main}
CRITICAL - 2020-09-25 10:12:28 --> Invalid file: content/data/detail_dashboard.php
#0 B:\installer\laragon\www\kitakeren-web\vendor\codeigniter4\framework\system\View\View.php(228): CodeIgniter\Exceptions\FrameworkException::forInvalidFile('content/data/de...')
#1 B:\installer\laragon\www\kitakeren-web\vendor\codeigniter4\framework\system\Common.php(1119): CodeIgniter\View\View->render('content/data/de...', Array, true)
#2 B:\installer\laragon\www\kitakeren-web\app\Controllers\Master.php(244): view('content/data/de...', Array)
#3 B:\installer\laragon\www\kitakeren-web\vendor\codeigniter4\framework\system\CodeIgniter.php(918): App\Controllers\Master->read_detail_dashboard('show', 'detail_dashboar...')
#4 B:\installer\laragon\www\kitakeren-web\vendor\codeigniter4\framework\system\CodeIgniter.php(404): CodeIgniter\CodeIgniter->runController(Object(App\Controllers\Master))
#5 B:\installer\laragon\www\kitakeren-web\vendor\codeigniter4\framework\system\CodeIgniter.php(312): CodeIgniter\CodeIgniter->handleRequest(NULL, Object(Config\Cache), false)
#6 B:\installer\laragon\www\kitakeren-web\public\index.php(45): CodeIgniter\CodeIgniter->run()
#7 {main}
CRITICAL - 2020-09-25 10:13:47 --> Invalid file: content/data/detail_dashboard.php
#0 B:\installer\laragon\www\kitakeren-web\vendor\codeigniter4\framework\system\View\View.php(228): CodeIgniter\Exceptions\FrameworkException::forInvalidFile('content/data/de...')
#1 B:\installer\laragon\www\kitakeren-web\vendor\codeigniter4\framework\system\Common.php(1119): CodeIgniter\View\View->render('content/data/de...', Array, true)
#2 B:\installer\laragon\www\kitakeren-web\app\Controllers\Master.php(244): view('content/data/de...', Array)
#3 B:\installer\laragon\www\kitakeren-web\vendor\codeigniter4\framework\system\CodeIgniter.php(918): App\Controllers\Master->read_detail_dashboard('show', 'detail_dashboar...')
#4 B:\installer\laragon\www\kitakeren-web\vendor\codeigniter4\framework\system\CodeIgniter.php(404): CodeIgniter\CodeIgniter->runController(Object(App\Controllers\Master))
#5 B:\installer\laragon\www\kitakeren-web\vendor\codeigniter4\framework\system\CodeIgniter.php(312): CodeIgniter\CodeIgniter->handleRequest(NULL, Object(Config\Cache), false)
#6 B:\installer\laragon\www\kitakeren-web\public\index.php(45): CodeIgniter\CodeIgniter->run()
#7 {main}
CRITICAL - 2020-09-25 10:15:15 --> Invalid file: content/data/detail_dashboard.php
#0 B:\installer\laragon\www\kitakeren-web\vendor\codeigniter4\framework\system\View\View.php(228): CodeIgniter\Exceptions\FrameworkException::forInvalidFile('content/data/de...')
#1 B:\installer\laragon\www\kitakeren-web\vendor\codeigniter4\framework\system\Common.php(1119): CodeIgniter\View\View->render('content/data/de...', Array, true)
#2 B:\installer\laragon\www\kitakeren-web\app\Controllers\Master.php(244): view('content/data/de...', Array)
#3 B:\installer\laragon\www\kitakeren-web\vendor\codeigniter4\framework\system\CodeIgniter.php(918): App\Controllers\Master->read_detail_dashboard('show', 'detail_dashboar...')
#4 B:\installer\laragon\www\kitakeren-web\vendor\codeigniter4\framework\system\CodeIgniter.php(404): CodeIgniter\CodeIgniter->runController(Object(App\Controllers\Master))
#5 B:\installer\laragon\www\kitakeren-web\vendor\codeigniter4\framework\system\CodeIgniter.php(312): CodeIgniter\CodeIgniter->handleRequest(NULL, Object(Config\Cache), false)
#6 B:\installer\laragon\www\kitakeren-web\public\index.php(45): CodeIgniter\CodeIgniter->run()
#7 {main}
CRITICAL - 2020-09-25 10:15:35 --> Invalid file: content/data/detail_dashboard.php
#0 B:\installer\laragon\www\kitakeren-web\vendor\codeigniter4\framework\system\View\View.php(228): CodeIgniter\Exceptions\FrameworkException::forInvalidFile('content/data/de...')
#1 B:\installer\laragon\www\kitakeren-web\vendor\codeigniter4\framework\system\Common.php(1119): CodeIgniter\View\View->render('content/data/de...', Array, true)
#2 B:\installer\laragon\www\kitakeren-web\app\Controllers\Master.php(244): view('content/data/de...', Array)
#3 B:\installer\laragon\www\kitakeren-web\vendor\codeigniter4\framework\system\CodeIgniter.php(918): App\Controllers\Master->read_detail_dashboard('show', 'detail_dashboar...')
#4 B:\installer\laragon\www\kitakeren-web\vendor\codeigniter4\framework\system\CodeIgniter.php(404): CodeIgniter\CodeIgniter->runController(Object(App\Controllers\Master))
#5 B:\installer\laragon\www\kitakeren-web\vendor\codeigniter4\framework\system\CodeIgniter.php(312): CodeIgniter\CodeIgniter->handleRequest(NULL, Object(Config\Cache), false)
#6 B:\installer\laragon\www\kitakeren-web\public\index.php(45): CodeIgniter\CodeIgniter->run()
#7 {main}
CRITICAL - 2020-09-25 10:16:28 --> Invalid file: content/data/detail_dashboard.php
#0 B:\installer\laragon\www\kitakeren-web\vendor\codeigniter4\framework\system\View\View.php(228): CodeIgniter\Exceptions\FrameworkException::forInvalidFile('content/data/de...')
#1 B:\installer\laragon\www\kitakeren-web\vendor\codeigniter4\framework\system\Common.php(1119): CodeIgniter\View\View->render('content/data/de...', Array, true)
#2 B:\installer\laragon\www\kitakeren-web\app\Controllers\Master.php(244): view('content/data/de...', Array)
#3 B:\installer\laragon\www\kitakeren-web\vendor\codeigniter4\framework\system\CodeIgniter.php(918): App\Controllers\Master->read_detail_dashboard('show', 'detail_dashboar...')
#4 B:\installer\laragon\www\kitakeren-web\vendor\codeigniter4\framework\system\CodeIgniter.php(404): CodeIgniter\CodeIgniter->runController(Object(App\Controllers\Master))
#5 B:\installer\laragon\www\kitakeren-web\vendor\codeigniter4\framework\system\CodeIgniter.php(312): CodeIgniter\CodeIgniter->handleRequest(NULL, Object(Config\Cache), false)
#6 B:\installer\laragon\www\kitakeren-web\public\index.php(45): CodeIgniter\CodeIgniter->run()
#7 {main}
CRITICAL - 2020-09-25 10:17:40 --> Invalid file: content/data/detail_dashboard.php
#0 B:\installer\laragon\www\kitakeren-web\vendor\codeigniter4\framework\system\View\View.php(228): CodeIgniter\Exceptions\FrameworkException::forInvalidFile('content/data/de...')
#1 B:\installer\laragon\www\kitakeren-web\vendor\codeigniter4\framework\system\Common.php(1119): CodeIgniter\View\View->render('content/data/de...', Array, true)
#2 B:\installer\laragon\www\kitakeren-web\app\Controllers\Master.php(244): view('content/data/de...', Array)
#3 B:\installer\laragon\www\kitakeren-web\vendor\codeigniter4\framework\system\CodeIgniter.php(918): App\Controllers\Master->read_detail_dashboard('show', 'detail_dashboar...')
#4 B:\installer\laragon\www\kitakeren-web\vendor\codeigniter4\framework\system\CodeIgniter.php(404): CodeIgniter\CodeIgniter->runController(Object(App\Controllers\Master))
#5 B:\installer\laragon\www\kitakeren-web\vendor\codeigniter4\framework\system\CodeIgniter.php(312): CodeIgniter\CodeIgniter->handleRequest(NULL, Object(Config\Cache), false)
#6 B:\installer\laragon\www\kitakeren-web\public\index.php(45): CodeIgniter\CodeIgniter->run()
#7 {main}
CRITICAL - 2020-09-25 10:23:20 --> Invalid file: content/data/detail_dashboard.php
#0 B:\installer\laragon\www\kitakeren-web\vendor\codeigniter4\framework\system\View\View.php(228): CodeIgniter\Exceptions\FrameworkException::forInvalidFile('content/data/de...')
#1 B:\installer\laragon\www\kitakeren-web\vendor\codeigniter4\framework\system\Common.php(1119): CodeIgniter\View\View->render('content/data/de...', Array, true)
#2 B:\installer\laragon\www\kitakeren-web\app\Controllers\Master.php(244): view('content/data/de...', Array)
#3 B:\installer\laragon\www\kitakeren-web\vendor\codeigniter4\framework\system\CodeIgniter.php(918): App\Controllers\Master->read_detail_dashboard('show', 'detail_dashboar...')
#4 B:\installer\laragon\www\kitakeren-web\vendor\codeigniter4\framework\system\CodeIgniter.php(404): CodeIgniter\CodeIgniter->runController(Object(App\Controllers\Master))
#5 B:\installer\laragon\www\kitakeren-web\vendor\codeigniter4\framework\system\CodeIgniter.php(312): CodeIgniter\CodeIgniter->handleRequest(NULL, Object(Config\Cache), false)
#6 B:\installer\laragon\www\kitakeren-web\public\index.php(45): CodeIgniter\CodeIgniter->run()
#7 {main}
CRITICAL - 2020-09-25 13:21:36 --> Undefined offset: 0
#0 B:\installer\laragon\www\kitakeren-web\app\Views\content\data\list\dashboard.php(12): CodeIgniter\Debug\Exceptions->errorHandler(8, 'Undefined offse...', 'B:\\installer\\la...', 12, Array)
#1 B:\installer\laragon\www\kitakeren-web\vendor\codeigniter4\framework\system\View\View.php(246): include('B:\\installer\\la...')
#2 B:\installer\laragon\www\kitakeren-web\vendor\codeigniter4\framework\system\Common.php(1119): CodeIgniter\View\View->render('content/data/li...', Array, true)
#3 B:\installer\laragon\www\kitakeren-web\app\Controllers\Master.php(93): view('content/data/li...', Array)
#4 B:\installer\laragon\www\kitakeren-web\vendor\codeigniter4\framework\system\CodeIgniter.php(918): App\Controllers\Master->read_dashboard('show', 'dashboard')
#5 B:\installer\laragon\www\kitakeren-web\vendor\codeigniter4\framework\system\CodeIgniter.php(404): CodeIgniter\CodeIgniter->runController(Object(App\Controllers\Master))
#6 B:\installer\laragon\www\kitakeren-web\vendor\codeigniter4\framework\system\CodeIgniter.php(312): CodeIgniter\CodeIgniter->handleRequest(NULL, Object(Config\Cache), false)
#7 B:\installer\laragon\www\kitakeren-web\public\index.php(45): CodeIgniter\CodeIgniter->run()
#8 {main}
CRITICAL - 2020-09-25 13:22:20 --> Undefined offset: 0
#0 B:\installer\laragon\www\kitakeren-web\app\Views\content\data\list\dashboard.php(10): CodeIgniter\Debug\Exceptions->errorHandler(8, 'Undefined offse...', 'B:\\installer\\la...', 10, Array)
#1 B:\installer\laragon\www\kitakeren-web\vendor\codeigniter4\framework\system\View\View.php(246): include('B:\\installer\\la...')
#2 B:\installer\laragon\www\kitakeren-web\vendor\codeigniter4\framework\system\Common.php(1119): CodeIgniter\View\View->render('content/data/li...', Array, true)
#3 B:\installer\laragon\www\kitakeren-web\app\Controllers\Master.php(93): view('content/data/li...', Array)
#4 B:\installer\laragon\www\kitakeren-web\vendor\codeigniter4\framework\system\CodeIgniter.php(918): App\Controllers\Master->read_dashboard('show', 'dashboard')
#5 B:\installer\laragon\www\kitakeren-web\vendor\codeigniter4\framework\system\CodeIgniter.php(404): CodeIgniter\CodeIgniter->runController(Object(App\Controllers\Master))
#6 B:\installer\laragon\www\kitakeren-web\vendor\codeigniter4\framework\system\CodeIgniter.php(312): CodeIgniter\CodeIgniter->handleRequest(NULL, Object(Config\Cache), false)
#7 B:\installer\laragon\www\kitakeren-web\public\index.php(45): CodeIgniter\CodeIgniter->run()
#8 {main}
CRITICAL - 2020-09-25 20:38:29 --> Undefined offset: 0
#0 B:\installer\laragon\www\kitakeren-web\app\Views\content\data\list\dashboard.php(10): CodeIgniter\Debug\Exceptions->errorHandler(8, 'Undefined offse...', 'B:\\installer\\la...', 10, Array)
#1 B:\installer\laragon\www\kitakeren-web\vendor\codeigniter4\framework\system\View\View.php(246): include('B:\\installer\\la...')
#2 B:\installer\laragon\www\kitakeren-web\vendor\codeigniter4\framework\system\Common.php(1119): CodeIgniter\View\View->render('content/data/li...', Array, true)
#3 B:\installer\laragon\www\kitakeren-web\app\Controllers\Master.php(93): view('content/data/li...', Array)
#4 B:\installer\laragon\www\kitakeren-web\vendor\codeigniter4\framework\system\CodeIgniter.php(918): App\Controllers\Master->read_dashboard('show', 'dashboard')
#5 B:\installer\laragon\www\kitakeren-web\vendor\codeigniter4\framework\system\CodeIgniter.php(404): CodeIgniter\CodeIgniter->runController(Object(App\Controllers\Master))
#6 B:\installer\laragon\www\kitakeren-web\vendor\codeigniter4\framework\system\CodeIgniter.php(312): CodeIgniter\CodeIgniter->handleRequest(NULL, Object(Config\Cache), false)
#7 B:\installer\laragon\www\kitakeren-web\public\index.php(45): CodeIgniter\CodeIgniter->run()
#8 {main}
CRITICAL - 2020-09-25 20:46:35 --> Undefined offset: 0
#0 B:\installer\laragon\www\kitakeren-web\app\Views\content\data\list\dashboard.php(10): CodeIgniter\Debug\Exceptions->errorHandler(8, 'Undefined offse...', 'B:\\installer\\la...', 10, Array)
#1 B:\installer\laragon\www\kitakeren-web\vendor\codeigniter4\framework\system\View\View.php(246): include('B:\\installer\\la...')
#2 B:\installer\laragon\www\kitakeren-web\vendor\codeigniter4\framework\system\Common.php(1119): CodeIgniter\View\View->render('content/data/li...', Array, true)
#3 B:\installer\laragon\www\kitakeren-web\app\Controllers\Master.php(93): view('content/data/li...', Array)
#4 B:\installer\laragon\www\kitakeren-web\vendor\codeigniter4\framework\system\CodeIgniter.php(918): App\Controllers\Master->read_dashboard('show', 'dashboard')
#5 B:\installer\laragon\www\kitakeren-web\vendor\codeigniter4\framework\system\CodeIgniter.php(404): CodeIgniter\CodeIgniter->runController(Object(App\Controllers\Master))
#6 B:\installer\laragon\www\kitakeren-web\vendor\codeigniter4\framework\system\CodeIgniter.php(312): CodeIgniter\CodeIgniter->handleRequest(NULL, Object(Config\Cache), false)
#7 B:\installer\laragon\www\kitakeren-web\public\index.php(45): CodeIgniter\CodeIgniter->run()
#8 {main}
CRITICAL - 2020-09-25 20:46:48 --> Undefined offset: 0
#0 B:\installer\laragon\www\kitakeren-web\app\Views\content\data\list\dashboard.php(10): CodeIgniter\Debug\Exceptions->errorHandler(8, 'Undefined offse...', 'B:\\installer\\la...', 10, Array)
#1 B:\installer\laragon\www\kitakeren-web\vendor\codeigniter4\framework\system\View\View.php(246): include('B:\\installer\\la...')
#2 B:\installer\laragon\www\kitakeren-web\vendor\codeigniter4\framework\system\Common.php(1119): CodeIgniter\View\View->render('content/data/li...', Array, true)
#3 B:\installer\laragon\www\kitakeren-web\app\Controllers\Master.php(93): view('content/data/li...', Array)
#4 B:\installer\laragon\www\kitakeren-web\vendor\codeigniter4\framework\system\CodeIgniter.php(918): App\Controllers\Master->read_dashboard('show', 'dashboard')
#5 B:\installer\laragon\www\kitakeren-web\vendor\codeigniter4\framework\system\CodeIgniter.php(404): CodeIgniter\CodeIgniter->runController(Object(App\Controllers\Master))
#6 B:\installer\laragon\www\kitakeren-web\vendor\codeigniter4\framework\system\CodeIgniter.php(312): CodeIgniter\CodeIgniter->handleRequest(NULL, Object(Config\Cache), false)
#7 B:\installer\laragon\www\kitakeren-web\public\index.php(45): CodeIgniter\CodeIgniter->run()
#8 {main}
CRITICAL - 2020-09-25 20:47:15 --> Undefined offset: 0
#0 B:\installer\laragon\www\kitakeren-web\app\Views\content\data\list\dashboard.php(10): CodeIgniter\Debug\Exceptions->errorHandler(8, 'Undefined offse...', 'B:\\installer\\la...', 10, Array)
#1 B:\installer\laragon\www\kitakeren-web\vendor\codeigniter4\framework\system\View\View.php(246): include('B:\\installer\\la...')
#2 B:\installer\laragon\www\kitakeren-web\vendor\codeigniter4\framework\system\Common.php(1119): CodeIgniter\View\View->render('content/data/li...', Array, true)
#3 B:\installer\laragon\www\kitakeren-web\app\Controllers\Master.php(93): view('content/data/li...', Array)
#4 B:\installer\laragon\www\kitakeren-web\vendor\codeigniter4\framework\system\CodeIgniter.php(918): App\Controllers\Master->read_dashboard('show', 'dashboard')
#5 B:\installer\laragon\www\kitakeren-web\vendor\codeigniter4\framework\system\CodeIgniter.php(404): CodeIgniter\CodeIgniter->runController(Object(App\Controllers\Master))
#6 B:\installer\laragon\www\kitakeren-web\vendor\codeigniter4\framework\system\CodeIgniter.php(312): CodeIgniter\CodeIgniter->handleRequest(NULL, Object(Config\Cache), false)
#7 B:\installer\laragon\www\kitakeren-web\public\index.php(45): CodeIgniter\CodeIgniter->run()
#8 {main}
CRITICAL - 2020-09-25 20:48:36 --> Undefined offset: 0
#0 B:\installer\laragon\www\kitakeren-web\app\Views\content\data\list\dashboard.php(10): CodeIgniter\Debug\Exceptions->errorHandler(8, 'Undefined offse...', 'B:\\installer\\la...', 10, Array)
#1 B:\installer\laragon\www\kitakeren-web\vendor\codeigniter4\framework\system\View\View.php(246): include('B:\\installer\\la...')
#2 B:\installer\laragon\www\kitakeren-web\vendor\codeigniter4\framework\system\Common.php(1119): CodeIgniter\View\View->render('content/data/li...', Array, true)
#3 B:\installer\laragon\www\kitakeren-web\app\Controllers\Master.php(93): view('content/data/li...', Array)
#4 B:\installer\laragon\www\kitakeren-web\vendor\codeigniter4\framework\system\CodeIgniter.php(918): App\Controllers\Master->read_dashboard('show', 'dashboard')
#5 B:\installer\laragon\www\kitakeren-web\vendor\codeigniter4\framework\system\CodeIgniter.php(404): CodeIgniter\CodeIgniter->runController(Object(App\Controllers\Master))
#6 B:\installer\laragon\www\kitakeren-web\vendor\codeigniter4\framework\system\CodeIgniter.php(312): CodeIgniter\CodeIgniter->handleRequest(NULL, Object(Config\Cache), false)
#7 B:\installer\laragon\www\kitakeren-web\public\index.php(45): CodeIgniter\CodeIgniter->run()
#8 {main}
CRITICAL - 2020-09-25 20:49:04 --> Undefined offset: 0
#0 B:\installer\laragon\www\kitakeren-web\app\Views\content\data\list\dashboard.php(10): CodeIgniter\Debug\Exceptions->errorHandler(8, 'Undefined offse...', 'B:\\installer\\la...', 10, Array)
#1 B:\installer\laragon\www\kitakeren-web\vendor\codeigniter4\framework\system\View\View.php(246): include('B:\\installer\\la...')
#2 B:\installer\laragon\www\kitakeren-web\vendor\codeigniter4\framework\system\Common.php(1119): CodeIgniter\View\View->render('content/data/li...', Array, true)
#3 B:\installer\laragon\www\kitakeren-web\app\Controllers\Master.php(93): view('content/data/li...', Array)
#4 B:\installer\laragon\www\kitakeren-web\vendor\codeigniter4\framework\system\CodeIgniter.php(918): App\Controllers\Master->read_dashboard('show', 'dashboard')
#5 B:\installer\laragon\www\kitakeren-web\vendor\codeigniter4\framework\system\CodeIgniter.php(404): CodeIgniter\CodeIgniter->runController(Object(App\Controllers\Master))
#6 B:\installer\laragon\www\kitakeren-web\vendor\codeigniter4\framework\system\CodeIgniter.php(312): CodeIgniter\CodeIgniter->handleRequest(NULL, Object(Config\Cache), false)
#7 B:\installer\laragon\www\kitakeren-web\public\index.php(45): CodeIgniter\CodeIgniter->run()
#8 {main}
CRITICAL - 2020-09-25 20:52:46 --> Undefined variable: v
#0 B:\installer\laragon\www\kitakeren-web\app\Views\content\data\list\dashboard.php(10): CodeIgniter\Debug\Exceptions->errorHandler(8, 'Undefined varia...', 'B:\\installer\\la...', 10, Array)
#1 B:\installer\laragon\www\kitakeren-web\vendor\codeigniter4\framework\system\View\View.php(246): include('B:\\installer\\la...')
#2 B:\installer\laragon\www\kitakeren-web\vendor\codeigniter4\framework\system\Common.php(1119): CodeIgniter\View\View->render('content/data/li...', Array, true)
#3 B:\installer\laragon\www\kitakeren-web\app\Controllers\Master.php(93): view('content/data/li...', Array)
#4 B:\installer\laragon\www\kitakeren-web\vendor\codeigniter4\framework\system\CodeIgniter.php(918): App\Controllers\Master->read_dashboard('show', 'dashboard')
#5 B:\installer\laragon\www\kitakeren-web\vendor\codeigniter4\framework\system\CodeIgniter.php(404): CodeIgniter\CodeIgniter->runController(Object(App\Controllers\Master))
#6 B:\installer\laragon\www\kitakeren-web\vendor\codeigniter4\framework\system\CodeIgniter.php(312): CodeIgniter\CodeIgniter->handleRequest(NULL, Object(Config\Cache), false)
#7 B:\installer\laragon\www\kitakeren-web\public\index.php(45): CodeIgniter\CodeIgniter->run()
#8 {main}
CRITICAL - 2020-09-25 20:53:15 --> Illegal string offset 'wisata'
#0 B:\installer\laragon\www\kitakeren-web\app\Views\content\data\list\dashboard.php(11): CodeIgniter\Debug\Exceptions->errorHandler(2, 'Illegal string ...', 'B:\\installer\\la...', 11, Array)
#1 B:\installer\laragon\www\kitakeren-web\vendor\codeigniter4\framework\system\View\View.php(246): include('B:\\installer\\la...')
#2 B:\installer\laragon\www\kitakeren-web\vendor\codeigniter4\framework\system\Common.php(1119): CodeIgniter\View\View->render('content/data/li...', Array, true)
#3 B:\installer\laragon\www\kitakeren-web\app\Controllers\Master.php(93): view('content/data/li...', Array)
#4 B:\installer\laragon\www\kitakeren-web\vendor\codeigniter4\framework\system\CodeIgniter.php(918): App\Controllers\Master->read_dashboard('show', 'dashboard')
#5 B:\installer\laragon\www\kitakeren-web\vendor\codeigniter4\framework\system\CodeIgniter.php(404): CodeIgniter\CodeIgniter->runController(Object(App\Controllers\Master))
#6 B:\installer\laragon\www\kitakeren-web\vendor\codeigniter4\framework\system\CodeIgniter.php(312): CodeIgniter\CodeIgniter->handleRequest(NULL, Object(Config\Cache), false)
#7 B:\installer\laragon\www\kitakeren-web\public\index.php(45): CodeIgniter\CodeIgniter->run()
#8 {main}
CRITICAL - 2020-09-25 20:53:33 --> Illegal string offset 'wisata'
#0 B:\installer\laragon\www\kitakeren-web\app\Views\content\data\list\dashboard.php(11): CodeIgniter\Debug\Exceptions->errorHandler(2, 'Illegal string ...', 'B:\\installer\\la...', 11, Array)
#1 B:\installer\laragon\www\kitakeren-web\vendor\codeigniter4\framework\system\View\View.php(246): include('B:\\installer\\la...')
#2 B:\installer\laragon\www\kitakeren-web\vendor\codeigniter4\framework\system\Common.php(1119): CodeIgniter\View\View->render('content/data/li...', Array, true)
#3 B:\installer\laragon\www\kitakeren-web\app\Controllers\Master.php(93): view('content/data/li...', Array)
#4 B:\installer\laragon\www\kitakeren-web\vendor\codeigniter4\framework\system\CodeIgniter.php(918): App\Controllers\Master->read_dashboard('show', 'dashboard')
#5 B:\installer\laragon\www\kitakeren-web\vendor\codeigniter4\framework\system\CodeIgniter.php(404): CodeIgniter\CodeIgniter->runController(Object(App\Controllers\Master))
#6 B:\installer\laragon\www\kitakeren-web\vendor\codeigniter4\framework\system\CodeIgniter.php(312): CodeIgniter\CodeIgniter->handleRequest(NULL, Object(Config\Cache), false)
#7 B:\installer\laragon\www\kitakeren-web\public\index.php(45): CodeIgniter\CodeIgniter->run()
#8 {main}
CRITICAL - 2020-09-25 21:19:24 --> Allowed memory size of 536870912 bytes exhausted (tried to allocate 23070808 bytes)
#0 [internal function]: CodeIgniter\Debug\Exceptions->shutdownHandler()
#1 {main}
CRITICAL - 2020-09-25 21:27:26 --> Allowed memory size of 536870912 bytes exhausted (tried to allocate 125843152 bytes)
#0 [internal function]: CodeIgniter\Debug\Exceptions->shutdownHandler()
#1 {main}
CRITICAL - 2020-09-25 23:17:45 --> A non-numeric value encountered
#0 B:\installer\laragon\www\kitakeren-web\app\Controllers\Master.php(49): CodeIgniter\Debug\Exceptions->errorHandler(2, 'A non-numeric v...', 'B:\\installer\\la...', 49, Array)
#1 B:\installer\laragon\www\kitakeren-web\vendor\codeigniter4\framework\system\CodeIgniter.php(918): App\Controllers\Master->show_view('2', 'D0001')
#2 B:\installer\laragon\www\kitakeren-web\vendor\codeigniter4\framework\system\CodeIgniter.php(404): CodeIgniter\CodeIgniter->runController(Object(App\Controllers\Master))
#3 B:\installer\laragon\www\kitakeren-web\vendor\codeigniter4\framework\system\CodeIgniter.php(312): CodeIgniter\CodeIgniter->handleRequest(NULL, Object(Config\Cache), false)
#4 B:\installer\laragon\www\kitakeren-web\public\index.php(45): CodeIgniter\CodeIgniter->run()
#5 {main}
CRITICAL - 2020-09-25 23:17:59 --> A non-numeric value encountered
#0 B:\installer\laragon\www\kitakeren-web\app\Controllers\Master.php(49): CodeIgniter\Debug\Exceptions->errorHandler(2, 'A non-numeric v...', 'B:\\installer\\la...', 49, Array)
#1 B:\installer\laragon\www\kitakeren-web\vendor\codeigniter4\framework\system\CodeIgniter.php(918): App\Controllers\Master->show_view('2', 'D0001')
#2 B:\installer\laragon\www\kitakeren-web\vendor\codeigniter4\framework\system\CodeIgniter.php(404): CodeIgniter\CodeIgniter->runController(Object(App\Controllers\Master))
#3 B:\installer\laragon\www\kitakeren-web\vendor\codeigniter4\framework\system\CodeIgniter.php(312): CodeIgniter\CodeIgniter->handleRequest(NULL, Object(Config\Cache), false)
#4 B:\installer\laragon\www\kitakeren-web\public\index.php(45): CodeIgniter\CodeIgniter->run()
#5 {main}
CRITICAL - 2020-09-25 23:18:18 --> Array to string conversion
#0 B:\installer\laragon\www\kitakeren-web\app\Views\content\data\v_detail_dashboard.php(68): CodeIgniter\Debug\Exceptions->errorHandler(8, 'Array to string...', 'B:\\installer\\la...', 68, Array)
#1 B:\installer\laragon\www\kitakeren-web\vendor\codeigniter4\framework\system\View\View.php(246): include('B:\\installer\\la...')
#2 B:\installer\laragon\www\kitakeren-web\vendor\codeigniter4\framework\system\Common.php(1119): CodeIgniter\View\View->render('content/data/v_...', Array, true)
#3 B:\installer\laragon\www\kitakeren-web\app\Controllers\Master.php(52): view('content/data/v_...', Array)
#4 B:\installer\laragon\www\kitakeren-web\vendor\codeigniter4\framework\system\CodeIgniter.php(918): App\Controllers\Master->show_view('2', 'D0001')
#5 B:\installer\laragon\www\kitakeren-web\vendor\codeigniter4\framework\system\CodeIgniter.php(404): CodeIgniter\CodeIgniter->runController(Object(App\Controllers\Master))
#6 B:\installer\laragon\www\kitakeren-web\vendor\codeigniter4\framework\system\CodeIgniter.php(312): CodeIgniter\CodeIgniter->handleRequest(NULL, Object(Config\Cache), false)
#7 B:\installer\laragon\www\kitakeren-web\public\index.php(45): CodeIgniter\CodeIgniter->run()
#8 {main}
CRITICAL - 2020-09-25 23:19:12 --> Undefined offset: 0
#0 B:\installer\laragon\www\kitakeren-web\app\Controllers\Master.php(48): CodeIgniter\Debug\Exceptions->errorHandler(8, 'Undefined offse...', 'B:\\installer\\la...', 48, Array)
#1 B:\installer\laragon\www\kitakeren-web\vendor\codeigniter4\framework\system\CodeIgniter.php(918): App\Controllers\Master->show_view('2', 'D0001')
#2 B:\installer\laragon\www\kitakeren-web\vendor\codeigniter4\framework\system\CodeIgniter.php(404): CodeIgniter\CodeIgniter->runController(Object(App\Controllers\Master))
#3 B:\installer\laragon\www\kitakeren-web\vendor\codeigniter4\framework\system\CodeIgniter.php(312): CodeIgniter\CodeIgniter->handleRequest(NULL, Object(Config\Cache), false)
#4 B:\installer\laragon\www\kitakeren-web\public\index.php(45): CodeIgniter\CodeIgniter->run()
#5 {main}
CRITICAL - 2020-09-25 23:22:17 --> A non-numeric value encountered
#0 B:\installer\laragon\www\kitakeren-web\app\Controllers\Master.php(51): CodeIgniter\Debug\Exceptions->errorHandler(2, 'A non-numeric v...', 'B:\\installer\\la...', 51, Array)
#1 B:\installer\laragon\www\kitakeren-web\vendor\codeigniter4\framework\system\CodeIgniter.php(918): App\Controllers\Master->show_view('2', 'D0001')
#2 B:\installer\laragon\www\kitakeren-web\vendor\codeigniter4\framework\system\CodeIgniter.php(404): CodeIgniter\CodeIgniter->runController(Object(App\Controllers\Master))
#3 B:\installer\laragon\www\kitakeren-web\vendor\codeigniter4\framework\system\CodeIgniter.php(312): CodeIgniter\CodeIgniter->handleRequest(NULL, Object(Config\Cache), false)
#4 B:\installer\laragon\www\kitakeren-web\public\index.php(45): CodeIgniter\CodeIgniter->run()
#5 {main}
