CRITICAL - 2020-08-30 21:44:45 --> Cannot call constructor
#0 B:\installer\laragon\www\kitakeren-web\vendor\codeigniter4\framework\system\CodeIgniter.php(890): App\Controllers\Home->__construct()
#1 B:\installer\laragon\www\kitakeren-web\vendor\codeigniter4\framework\system\CodeIgniter.php(399): CodeIgniter\CodeIgniter->createController()
#2 B:\installer\laragon\www\kitakeren-web\vendor\codeigniter4\framework\system\CodeIgniter.php(312): CodeIgniter\CodeIgniter->handleRequest(NULL, Object(Config\Cache), false)
#3 B:\installer\laragon\www\kitakeren-web\public\index.php(45): CodeIgniter\CodeIgniter->run()
#4 {main}
CRITICAL - 2020-08-30 21:45:10 --> Call to a member function database() on null
#0 B:\installer\laragon\www\kitakeren-web\vendor\codeigniter4\framework\system\CodeIgniter.php(890): App\Controllers\Home->__construct()
#1 B:\installer\laragon\www\kitakeren-web\vendor\codeigniter4\framework\system\CodeIgniter.php(399): CodeIgniter\CodeIgniter->createController()
#2 B:\installer\laragon\www\kitakeren-web\vendor\codeigniter4\framework\system\CodeIgniter.php(312): CodeIgniter\CodeIgniter->handleRequest(NULL, Object(Config\Cache), false)
#3 B:\installer\laragon\www\kitakeren-web\public\index.php(45): CodeIgniter\CodeIgniter->run()
#4 {main}
CRITICAL - 2020-08-30 22:01:34 --> Call to a member function database() on null
#0 B:\installer\laragon\www\kitakeren-web\vendor\codeigniter4\framework\system\CodeIgniter.php(890): App\Controllers\Home->__construct()
#1 B:\installer\laragon\www\kitakeren-web\vendor\codeigniter4\framework\system\CodeIgniter.php(399): CodeIgniter\CodeIgniter->createController()
#2 B:\installer\laragon\www\kitakeren-web\vendor\codeigniter4\framework\system\CodeIgniter.php(312): CodeIgniter\CodeIgniter->handleRequest(NULL, Object(Config\Cache), false)
#3 B:\installer\laragon\www\kitakeren-web\public\index.php(45): CodeIgniter\CodeIgniter->run()
#4 {main}
CRITICAL - 2020-08-30 22:01:48 --> Call to a member function get() on null
#0 B:\installer\laragon\www\kitakeren-web\vendor\codeigniter4\framework\system\CodeIgniter.php(918): App\Controllers\Home->index()
#1 B:\installer\laragon\www\kitakeren-web\vendor\codeigniter4\framework\system\CodeIgniter.php(404): CodeIgniter\CodeIgniter->runController(Object(App\Controllers\Home))
#2 B:\installer\laragon\www\kitakeren-web\vendor\codeigniter4\framework\system\CodeIgniter.php(312): CodeIgniter\CodeIgniter->handleRequest(NULL, Object(Config\Cache), false)
#3 B:\installer\laragon\www\kitakeren-web\public\index.php(45): CodeIgniter\CodeIgniter->run()
#4 {main}
CRITICAL - 2020-08-30 22:01:49 --> Call to a member function get() on null
#0 B:\installer\laragon\www\kitakeren-web\vendor\codeigniter4\framework\system\CodeIgniter.php(918): App\Controllers\Home->index()
#1 B:\installer\laragon\www\kitakeren-web\vendor\codeigniter4\framework\system\CodeIgniter.php(404): CodeIgniter\CodeIgniter->runController(Object(App\Controllers\Home))
#2 B:\installer\laragon\www\kitakeren-web\vendor\codeigniter4\framework\system\CodeIgniter.php(312): CodeIgniter\CodeIgniter->handleRequest(NULL, Object(Config\Cache), false)
#3 B:\installer\laragon\www\kitakeren-web\public\index.php(45): CodeIgniter\CodeIgniter->run()
#4 {main}
CRITICAL - 2020-08-30 22:02:23 --> Call to a member function database() on null
#0 B:\installer\laragon\www\kitakeren-web\vendor\codeigniter4\framework\system\CodeIgniter.php(890): App\Controllers\Home->__construct()
#1 B:\installer\laragon\www\kitakeren-web\vendor\codeigniter4\framework\system\CodeIgniter.php(399): CodeIgniter\CodeIgniter->createController()
#2 B:\installer\laragon\www\kitakeren-web\vendor\codeigniter4\framework\system\CodeIgniter.php(312): CodeIgniter\CodeIgniter->handleRequest(NULL, Object(Config\Cache), false)
#3 B:\installer\laragon\www\kitakeren-web\public\index.php(45): CodeIgniter\CodeIgniter->run()
#4 {main}
CRITICAL - 2020-08-30 22:02:28 --> Call to a member function database() on null
#0 B:\installer\laragon\www\kitakeren-web\vendor\codeigniter4\framework\system\CodeIgniter.php(890): App\Controllers\Home->__construct()
#1 B:\installer\laragon\www\kitakeren-web\vendor\codeigniter4\framework\system\CodeIgniter.php(399): CodeIgniter\CodeIgniter->createController()
#2 B:\installer\laragon\www\kitakeren-web\vendor\codeigniter4\framework\system\CodeIgniter.php(312): CodeIgniter\CodeIgniter->handleRequest(NULL, Object(Config\Cache), false)
#3 B:\installer\laragon\www\kitakeren-web\public\index.php(45): CodeIgniter\CodeIgniter->run()
#4 {main}
CRITICAL - 2020-08-30 22:05:55 --> Call to a member function get() on null
#0 B:\installer\laragon\www\kitakeren-web\vendor\codeigniter4\framework\system\CodeIgniter.php(918): App\Controllers\Home->index()
#1 B:\installer\laragon\www\kitakeren-web\vendor\codeigniter4\framework\system\CodeIgniter.php(404): CodeIgniter\CodeIgniter->runController(Object(App\Controllers\Home))
#2 B:\installer\laragon\www\kitakeren-web\vendor\codeigniter4\framework\system\CodeIgniter.php(312): CodeIgniter\CodeIgniter->handleRequest(NULL, Object(Config\Cache), false)
#3 B:\installer\laragon\www\kitakeren-web\public\index.php(45): CodeIgniter\CodeIgniter->run()
#4 {main}
CRITICAL - 2020-08-30 22:07:24 --> Call to undefined method CodeIgniter\Database\MySQLi\Connection::get()
#0 B:\installer\laragon\www\kitakeren-web\vendor\codeigniter4\framework\system\CodeIgniter.php(918): App\Controllers\Home->index()
#1 B:\installer\laragon\www\kitakeren-web\vendor\codeigniter4\framework\system\CodeIgniter.php(404): CodeIgniter\CodeIgniter->runController(Object(App\Controllers\Home))
#2 B:\installer\laragon\www\kitakeren-web\vendor\codeigniter4\framework\system\CodeIgniter.php(312): CodeIgniter\CodeIgniter->handleRequest(NULL, Object(Config\Cache), false)
#3 B:\installer\laragon\www\kitakeren-web\public\index.php(45): CodeIgniter\CodeIgniter->run()
#4 {main}
CRITICAL - 2020-08-30 22:08:53 --> Call to undefined method CodeIgniter\Database\MySQLi\Connection::get()
#0 B:\installer\laragon\www\kitakeren-web\vendor\codeigniter4\framework\system\CodeIgniter.php(918): App\Controllers\Home->index()
#1 B:\installer\laragon\www\kitakeren-web\vendor\codeigniter4\framework\system\CodeIgniter.php(404): CodeIgniter\CodeIgniter->runController(Object(App\Controllers\Home))
#2 B:\installer\laragon\www\kitakeren-web\vendor\codeigniter4\framework\system\CodeIgniter.php(312): CodeIgniter\CodeIgniter->handleRequest(NULL, Object(Config\Cache), false)
#3 B:\installer\laragon\www\kitakeren-web\public\index.php(45): CodeIgniter\CodeIgniter->run()
#4 {main}
CRITICAL - 2020-08-30 22:08:54 --> Call to undefined method CodeIgniter\Database\MySQLi\Connection::get()
#0 B:\installer\laragon\www\kitakeren-web\vendor\codeigniter4\framework\system\CodeIgniter.php(918): App\Controllers\Home->index()
#1 B:\installer\laragon\www\kitakeren-web\vendor\codeigniter4\framework\system\CodeIgniter.php(404): CodeIgniter\CodeIgniter->runController(Object(App\Controllers\Home))
#2 B:\installer\laragon\www\kitakeren-web\vendor\codeigniter4\framework\system\CodeIgniter.php(312): CodeIgniter\CodeIgniter->handleRequest(NULL, Object(Config\Cache), false)
#3 B:\installer\laragon\www\kitakeren-web\public\index.php(45): CodeIgniter\CodeIgniter->run()
#4 {main}
CRITICAL - 2020-08-30 22:09:17 --> Call to undefined method CodeIgniter\Database\MySQLi\Connection::get()
#0 B:\installer\laragon\www\kitakeren-web\vendor\codeigniter4\framework\system\CodeIgniter.php(918): App\Controllers\Home->index()
#1 B:\installer\laragon\www\kitakeren-web\vendor\codeigniter4\framework\system\CodeIgniter.php(404): CodeIgniter\CodeIgniter->runController(Object(App\Controllers\Home))
#2 B:\installer\laragon\www\kitakeren-web\vendor\codeigniter4\framework\system\CodeIgniter.php(312): CodeIgniter\CodeIgniter->handleRequest(NULL, Object(Config\Cache), false)
#3 B:\installer\laragon\www\kitakeren-web\public\index.php(45): CodeIgniter\CodeIgniter->run()
#4 {main}
CRITICAL - 2020-08-30 22:10:06 --> Call to undefined method CodeIgniter\Database\MySQLi\Connection::get()
#0 B:\installer\laragon\www\kitakeren-web\vendor\codeigniter4\framework\system\CodeIgniter.php(918): App\Controllers\Home->index()
#1 B:\installer\laragon\www\kitakeren-web\vendor\codeigniter4\framework\system\CodeIgniter.php(404): CodeIgniter\CodeIgniter->runController(Object(App\Controllers\Home))
#2 B:\installer\laragon\www\kitakeren-web\vendor\codeigniter4\framework\system\CodeIgniter.php(312): CodeIgniter\CodeIgniter->handleRequest(NULL, Object(Config\Cache), false)
#3 B:\installer\laragon\www\kitakeren-web\public\index.php(45): CodeIgniter\CodeIgniter->run()
#4 {main}
CRITICAL - 2020-08-30 22:11:12 --> Call to undefined method CodeIgniter\Database\MySQLi\Result::row_array()
#0 B:\installer\laragon\www\kitakeren-web\vendor\codeigniter4\framework\system\CodeIgniter.php(918): App\Controllers\Home->index()
#1 B:\installer\laragon\www\kitakeren-web\vendor\codeigniter4\framework\system\CodeIgniter.php(404): CodeIgniter\CodeIgniter->runController(Object(App\Controllers\Home))
#2 B:\installer\laragon\www\kitakeren-web\vendor\codeigniter4\framework\system\CodeIgniter.php(312): CodeIgniter\CodeIgniter->handleRequest(NULL, Object(Config\Cache), false)
#3 B:\installer\laragon\www\kitakeren-web\public\index.php(45): CodeIgniter\CodeIgniter->run()
#4 {main}
CRITICAL - 2020-08-30 22:12:56 --> Call to undefined method CodeIgniter\Database\MySQLi\Result::num_rows()
#0 B:\installer\laragon\www\kitakeren-web\vendor\codeigniter4\framework\system\CodeIgniter.php(918): App\Controllers\Home->index()
#1 B:\installer\laragon\www\kitakeren-web\vendor\codeigniter4\framework\system\CodeIgniter.php(404): CodeIgniter\CodeIgniter->runController(Object(App\Controllers\Home))
#2 B:\installer\laragon\www\kitakeren-web\vendor\codeigniter4\framework\system\CodeIgniter.php(312): CodeIgniter\CodeIgniter->handleRequest(NULL, Object(Config\Cache), false)
#3 B:\installer\laragon\www\kitakeren-web\public\index.php(45): CodeIgniter\CodeIgniter->run()
#4 {main}
CRITICAL - 2020-08-30 22:14:08 --> Call to undefined method CodeIgniter\Database\MySQLi\Builder::getRow()
#0 B:\installer\laragon\www\kitakeren-web\vendor\codeigniter4\framework\system\CodeIgniter.php(918): App\Controllers\Home->index()
#1 B:\installer\laragon\www\kitakeren-web\vendor\codeigniter4\framework\system\CodeIgniter.php(404): CodeIgniter\CodeIgniter->runController(Object(App\Controllers\Home))
#2 B:\installer\laragon\www\kitakeren-web\vendor\codeigniter4\framework\system\CodeIgniter.php(312): CodeIgniter\CodeIgniter->handleRequest(NULL, Object(Config\Cache), false)
#3 B:\installer\laragon\www\kitakeren-web\public\index.php(45): CodeIgniter\CodeIgniter->run()
#4 {main}
CRITICAL - 2020-08-30 22:18:01 --> Call to undefined method CodeIgniter\Database\MySQLi\Builder::getResult()
#0 B:\installer\laragon\www\kitakeren-web\vendor\codeigniter4\framework\system\CodeIgniter.php(918): App\Controllers\Home->index()
#1 B:\installer\laragon\www\kitakeren-web\vendor\codeigniter4\framework\system\CodeIgniter.php(404): CodeIgniter\CodeIgniter->runController(Object(App\Controllers\Home))
#2 B:\installer\laragon\www\kitakeren-web\vendor\codeigniter4\framework\system\CodeIgniter.php(312): CodeIgniter\CodeIgniter->handleRequest(NULL, Object(Config\Cache), false)
#3 B:\installer\laragon\www\kitakeren-web\public\index.php(45): CodeIgniter\CodeIgniter->run()
#4 {main}
CRITICAL - 2020-08-30 22:18:24 --> Call to undefined method CodeIgniter\Database\MySQLi\Builder::getResult()
#0 B:\installer\laragon\www\kitakeren-web\vendor\codeigniter4\framework\system\CodeIgniter.php(918): App\Controllers\Home->index()
#1 B:\installer\laragon\www\kitakeren-web\vendor\codeigniter4\framework\system\CodeIgniter.php(404): CodeIgniter\CodeIgniter->runController(Object(App\Controllers\Home))
#2 B:\installer\laragon\www\kitakeren-web\vendor\codeigniter4\framework\system\CodeIgniter.php(312): CodeIgniter\CodeIgniter->handleRequest(NULL, Object(Config\Cache), false)
#3 B:\installer\laragon\www\kitakeren-web\public\index.php(45): CodeIgniter\CodeIgniter->run()
#4 {main}
CRITICAL - 2020-08-30 22:20:19 --> Call to undefined method CodeIgniter\Database\MySQLi\Builder::getResult()
#0 B:\installer\laragon\www\kitakeren-web\vendor\codeigniter4\framework\system\CodeIgniter.php(918): App\Controllers\Home->index()
#1 B:\installer\laragon\www\kitakeren-web\vendor\codeigniter4\framework\system\CodeIgniter.php(404): CodeIgniter\CodeIgniter->runController(Object(App\Controllers\Home))
#2 B:\installer\laragon\www\kitakeren-web\vendor\codeigniter4\framework\system\CodeIgniter.php(312): CodeIgniter\CodeIgniter->handleRequest(NULL, Object(Config\Cache), false)
#3 B:\installer\laragon\www\kitakeren-web\public\index.php(45): CodeIgniter\CodeIgniter->run()
#4 {main}
CRITICAL - 2020-08-30 22:33:30 --> Undefined variable: sql
#0 B:\installer\laragon\www\kitakeren-web\app\Controllers\Home.php(14): CodeIgniter\Debug\Exceptions->errorHandler(8, 'Undefined varia...', 'B:\\installer\\la...', 14, Array)
#1 B:\installer\laragon\www\kitakeren-web\vendor\codeigniter4\framework\system\CodeIgniter.php(918): App\Controllers\Home->index()
#2 B:\installer\laragon\www\kitakeren-web\vendor\codeigniter4\framework\system\CodeIgniter.php(404): CodeIgniter\CodeIgniter->runController(Object(App\Controllers\Home))
#3 B:\installer\laragon\www\kitakeren-web\vendor\codeigniter4\framework\system\CodeIgniter.php(312): CodeIgniter\CodeIgniter->handleRequest(NULL, Object(Config\Cache), false)
#4 B:\installer\laragon\www\kitakeren-web\public\index.php(45): CodeIgniter\CodeIgniter->run()
#5 {main}
CRITICAL - 2020-08-30 22:36:37 --> Call to undefined method App\Models\DashboardModel::getResult
#0 B:\installer\laragon\www\kitakeren-web\app\Controllers\Home.php(16): CodeIgniter\Model->__call('getResult', Array)
#1 B:\installer\laragon\www\kitakeren-web\vendor\codeigniter4\framework\system\CodeIgniter.php(918): App\Controllers\Home->index()
#2 B:\installer\laragon\www\kitakeren-web\vendor\codeigniter4\framework\system\CodeIgniter.php(404): CodeIgniter\CodeIgniter->runController(Object(App\Controllers\Home))
#3 B:\installer\laragon\www\kitakeren-web\vendor\codeigniter4\framework\system\CodeIgniter.php(312): CodeIgniter\CodeIgniter->handleRequest(NULL, Object(Config\Cache), false)
#4 B:\installer\laragon\www\kitakeren-web\public\index.php(45): CodeIgniter\CodeIgniter->run()
#5 {main}
CRITICAL - 2020-08-30 22:42:43 --> Undefined index: nama_dashboard
#0 B:\installer\laragon\www\kitakeren-web\app\Controllers\Home.php(17): CodeIgniter\Debug\Exceptions->errorHandler(8, 'Undefined index...', 'B:\\installer\\la...', 17, Array)
#1 B:\installer\laragon\www\kitakeren-web\vendor\codeigniter4\framework\system\CodeIgniter.php(918): App\Controllers\Home->index()
#2 B:\installer\laragon\www\kitakeren-web\vendor\codeigniter4\framework\system\CodeIgniter.php(404): CodeIgniter\CodeIgniter->runController(Object(App\Controllers\Home))
#3 B:\installer\laragon\www\kitakeren-web\vendor\codeigniter4\framework\system\CodeIgniter.php(312): CodeIgniter\CodeIgniter->handleRequest(NULL, Object(Config\Cache), false)
#4 B:\installer\laragon\www\kitakeren-web\public\index.php(45): CodeIgniter\CodeIgniter->run()
#5 {main}
CRITICAL - 2020-08-30 23:10:18 --> unserialize(): Error at offset 12 of 49 bytes
#0 [internal function]: CodeIgniter\Debug\Exceptions->errorHandler(8, 'unserialize(): ...', 'B:\\installer\\la...', 18, Array)
#1 B:\installer\laragon\www\kitakeren-web\app\Controllers\Home.php(18): unserialize('a:2:{s:2:"ind";...')
#2 B:\installer\laragon\www\kitakeren-web\vendor\codeigniter4\framework\system\CodeIgniter.php(918): App\Controllers\Home->index()
#3 B:\installer\laragon\www\kitakeren-web\vendor\codeigniter4\framework\system\CodeIgniter.php(404): CodeIgniter\CodeIgniter->runController(Object(App\Controllers\Home))
#4 B:\installer\laragon\www\kitakeren-web\vendor\codeigniter4\framework\system\CodeIgniter.php(312): CodeIgniter\CodeIgniter->handleRequest(NULL, Object(Config\Cache), false)
#5 B:\installer\laragon\www\kitakeren-web\public\index.php(45): CodeIgniter\CodeIgniter->run()
#6 {main}
